<?xml version="1.0" encoding="UTF-8"?>
<testsuite name="Linux-c++"
	tests="61"
	failures="19"
	disabled="0"
	skipped="4"
	hostname="runnervmejwal"
	time="29"
	timestamp="2026-09-09T14:55:04"
	>
	<testcase name="native_cache_cpu" classname="native_cache_cpu" time="0.0927675" status="run">
		<properties/>
		<system-out>{"ncnn_revision":"3b7bdba7fc8aea8fd46779533eee027df77c639d","q_heads":32,"kv_heads":8,"head_dim":128,"backend":"cpu","runtime_layer":false}
{"configuration":"cpu_fp32_dedicated","case":"prefill_decode_reuse","tokens":40,"steps":9,"hint":128,"key_backing_allocations":1,"value_backing_allocations":1,"max_abs_error":2.16066837e-07,"nrmse":1.068453e-07,"atol":2e-05,"nrmse_limit":2e-05,"passed":true}
{"configuration":"cpu_fp32_dedicated","case":"reset_and_growth","tokens":65,"steps":7,"hint":8,"key_backing_allocations":3,"value_backing_allocations":3,"max_abs_error":1.93715096e-07,"nrmse":1.15283084e-07,"atol":2e-05,"nrmse_limit":2e-05,"passed":true}
{"configuration":"cpu_fp32_dedicated","case":"fresh_prompt_after_reset","tokens":9,"steps":3,"hint":16,"key_backing_allocations":1,"value_backing_allocations":1,"max_abs_error":1.78813934e-07,"nrmse":8.7254715e-08,"atol":2e-05,"nrmse_limit":2e-05,"passed":true}
{"configuration":"cpu_fp32_default","case":"prefill_decode_reuse","tokens":40,"steps":9,"hint":128,"key_back...
[This part of the test output was removed since it exceeds the threshold of 1024 bytes.]
</system-out>
	</testcase>
	<testcase name="runtime_cache_cpu" classname="runtime_cache_cpu" time="0.0840911" status="run">
		<properties/>
		<system-out>overwrite built-in layer type SDPA
overwrite built-in layer type SDPA
{"ncnn_revision":"3b7bdba7fc8aea8fd46779533eee027df77c639d","q_heads":32,"kv_heads":8,"head_dim":128,"backend":"cpu","runtime_layer":true}
{"configuration":"cpu_fp32_dedicated","case":"prefill_decode_reuse","tokens":40,"steps":9,"hint":128,"key_backing_allocations":1,"value_backing_allocations":1,"max_abs_error":2.16066837e-07,"nrmse":1.068453e-07,"atol":2e-05,"nrmse_limit":2e-05,"passed":true}
{"configuration":"cpu_fp32_dedicated","case":"reset_and_growth","tokens":65,"steps":7,"hint":8,"key_backing_allocations":3,"value_backing_allocations":3,"max_abs_error":1.93715096e-07,"nrmse":1.15283084e-07,"atol":2e-05,"nrmse_limit":2e-05,"passed":true}
{"configuration":"cpu_fp32_dedicated","case":"fresh_prompt_after_reset","tokens":9,"steps":3,"hint":16,"key_backing_allocations":1,"value_backing_allocations":1,"max_abs_error":1.78813934e-07,"nrmse":8.7254715e-08,"atol":2e-05,"nrmse_limit":2e-05,"passed":true}
{"configuration":"cpu_fp32_default","ca...
[This part of the test output was removed since it exceeds the threshold of 1024 bytes.]
</system-out>
	</testcase>
	<testcase name="native_cache_vulkan" classname="native_cache_vulkan" time="5.23116" status="fail">
		<failure message="Failed"/>
		<properties/>
		<system-out>[0 llvmpipe (LLVM 20.1.2, 256 bits)]  queueC=0[1]  queueT=0[1]  rebar=1  r-score=4
[0 llvmpipe (LLVM 20.1.2, 256 bits)]  fp16-p/s/u/a=1/1/1/1  int8-p/s/u/a=1/1/1/1  bf16-p/s=1/0
[0 llvmpipe (LLVM 20.1.2, 256 bits)]  subgroup=8(8~8)  ops=1/1/1/1/1/1/1/1/1/1
[0 llvmpipe (LLVM 20.1.2, 256 bits)]  fp16-cm=0  int8-cm=0  bf16-cm=0  fp8-cm=0  fp6-cm=0  fp4-cm=0
{"ncnn_revision":"3b7bdba7fc8aea8fd46779533eee027df77c639d","q_heads":32,"kv_heads":8,"head_dim":128,"backend":"vulkan","runtime_layer":false}
VUID-VkDeviceCreateInfo-pNext-pNext(ERROR / SPEC): msgNum: -1876993556 - Validation Error: [ VUID-VkDeviceCreateInfo-pNext-pNext ] | MessageID = 0x901f59ec | vkCreateDevice(): pCreateInfo-&gt;pNext chain includes a structure with unknown VkStructureType (1000416000). This error is based on the Valid Usage documentation for version 275 of the Vulkan header.  It is possible that you are using a struct from a private extension or an extension that was added to a later version of the Vulkan header, in which case the use of pCreateInfo-&gt;pNext is undefined and may not work correctly with validation enabled. The Vulkan spec states: Each pNext member of any structure (including this one) in the pNext chain must be either NULL or a pointer to a valid instance of VkDeviceDeviceMemoryReportCreateInfoEXT, VkDeviceDiagnosticsConfigCreateInfoNV, VkDeviceGroupDeviceCreateInfo, VkDeviceMemoryOverallocationCreateInfoAMD, VkDevicePrivateDataCreateInfo, VkDeviceQueueShaderCoreControlCreateInfoARM, VkPhysicalDevice16BitStorageFeatures, VkPhysicalDevice4444FormatsFeaturesEXT, VkPhysicalDevice8BitStorageFeatures, VkPhysicalDeviceASTCDecodeFeaturesEXT, VkPhysicalDeviceAccelerationStructureFeaturesKHR, VkPhysicalDeviceAddressBindingReportFeaturesEXT, VkPhysicalDeviceAmigoProfilingFeaturesSEC, VkPhysicalDeviceAttachmentFeedbackLoopDynamicStateFeaturesEXT, VkPhysicalDeviceAttachmentFeedbackLoopLayoutFeaturesEXT, VkPhysicalDeviceBlendOperationAdvancedFeaturesEXT, VkPhysicalDeviceBorderColorSwizzleFeaturesEXT, VkPhysicalDeviceBufferDeviceAddressFeatures, VkPhysicalDeviceBufferDeviceAddressFeaturesEXT, VkPhysicalDeviceClusterCullingShaderFeaturesHUAWEI, VkPhysicalDeviceCoherentMemoryFeaturesAMD, VkPhysicalDeviceColorWriteEnableFeaturesEXT, VkPhysicalDeviceComputeShaderDerivativesFeaturesNV, VkPhysicalDeviceConditionalRenderingFeaturesEXT, VkPhysicalDeviceCooperativeMatrixFeaturesKHR, VkPhysicalDeviceCooperativeMatrixFeaturesNV, VkPhysicalDeviceCopyMemoryIndirectFeaturesNV, VkPhysicalDeviceCornerSampledImageFeaturesNV, VkPhysicalDeviceCoverageReductionModeFeaturesNV, VkPhysicalDeviceCubicClampFeaturesQCOM, VkPhysicalDeviceCubicWeightsFeaturesQCOM, VkPhysicalDeviceCudaKernelLaunchFeaturesNV, VkPhysicalDeviceCustomBorderColorFeaturesEXT, VkPhysicalDeviceDedicatedAllocationImageAliasingFeaturesNV, VkPhysicalDeviceDepthBiasControlFeaturesEXT, VkPhysicalDeviceDepthClampZeroOneFeaturesEXT, VkPhysicalDeviceDepthClipControlFeaturesEXT, VkPhysicalDeviceDepthClipEnableFeaturesEXT, VkPhysicalDeviceDescriptorBufferFeaturesEXT, VkPhysicalDeviceDescriptorIndexingFeatures, VkPhysicalDeviceDescriptorPoolOverallocationFeaturesNV, VkPhysicalDeviceDescriptorSetHostMappingFeaturesVALVE, VkPhysicalDeviceDeviceGeneratedCommandsComputeFeaturesNV, VkPhysicalDeviceDeviceGeneratedCommandsFeaturesNV, VkPhysicalDeviceDeviceMemoryReportFeaturesEXT, VkPhysicalDeviceDiagnosticsConfigFeaturesNV, VkPhysicalDeviceDisplacementMicromapFeaturesNV, VkPhysicalDeviceDynamicRenderingFeatures, VkPhysicalDeviceDynamicRenderingUnusedAttachmentsFeaturesEXT, VkPhysicalDeviceExclusiveScissorFeaturesNV, VkPhysicalDeviceExtendedDynamicState2FeaturesEXT, VkPhysicalDeviceExtendedDynamicState3FeaturesEXT, VkPhysicalDeviceExtendedDynamicStateFeaturesEXT, VkPhysicalDeviceExtendedSparseAddressSpaceFeaturesNV, VkPhysicalDeviceExternalFormatResolveFeaturesANDROID, VkPhysicalDeviceExternalMemoryRDMAFeaturesNV, VkPhysicalDeviceExternalMemoryScreenBufferFeaturesQNX, VkPhysicalDeviceFaultFeaturesEXT, VkPhysicalDeviceFeatures2, VkPhysicalDeviceFragmentDensityMap2FeaturesEXT, VkPhysicalDeviceFragmentDensityMapFeaturesEXT, VkPhysicalDeviceFragmentDensityMapOffsetFeaturesQCOM, VkPhysicalDeviceFragmentShaderBarycentricFeaturesKHR, VkPhysicalDeviceFragmentShaderInterlockFeaturesEXT, VkPhysicalDeviceFragmentShadingRateEnumsFeaturesNV, VkPhysicalDeviceFragmentShadingRateFeaturesKHR, VkPhysicalDeviceFrameBoundaryFeaturesEXT, VkPhysicalDeviceGlobalPriorityQueryFeaturesKHR, VkPhysicalDeviceGraphicsPipelineLibraryFeaturesEXT, VkPhysicalDeviceHostImageCopyFeaturesEXT, VkPhysicalDeviceHostQueryResetFeatures, VkPhysicalDeviceImage2DViewOf3DFeaturesEXT, VkPhysicalDeviceImageCompressionControlFeaturesEXT, VkPhysicalDeviceImageCompressionControlSwapchainFeaturesEXT, VkPhysicalDeviceImageProcessing2FeaturesQCOM, VkPhysicalDeviceImageProcessingFeaturesQCOM, VkPhysicalDeviceImageRobustnessFeatures, VkPhysicalDeviceImageSlicedViewOf3DFeaturesEXT, VkPhysicalDeviceImageViewMinLodFeaturesEXT, VkPhysicalDeviceImagelessFramebufferFeatures, VkPhysicalDeviceIndexTypeUint8FeaturesEXT, VkPhysicalDeviceInheritedViewportScissorFeaturesNV, VkPhysicalDeviceInlineUniformBlockFeatures, VkPhysicalDeviceInvocationMaskFeaturesHUAWEI, VkPhysicalDeviceLegacyDitheringFeaturesEXT, VkPhysicalDeviceLineRasterizationFeaturesEXT, VkPhysicalDeviceLinearColorAttachmentFeaturesNV, VkPhysicalDeviceMaintenance4Features, VkPhysicalDeviceMaintenance5FeaturesKHR, VkPhysicalDeviceMaintenance6FeaturesKHR, VkPhysicalDeviceMemoryDecompressionFeaturesNV, VkPhysicalDeviceMemoryPriorityFeaturesEXT, VkPhysicalDeviceMeshShaderFeaturesEXT, VkPhysicalDeviceMeshShaderFeaturesNV, VkPhysicalDeviceMultiDrawFeaturesEXT, VkPhysicalDeviceMultisampledRenderToSingleSampledFeaturesEXT, VkPhysicalDeviceMultiviewFeatures, VkPhysicalDeviceMultiviewPerViewRenderAreasFeaturesQCOM, VkPhysicalDeviceMultiviewPerViewViewportsFeaturesQCOM, VkPhysicalDeviceMutableDescriptorTypeFeaturesEXT, VkPhysicalDeviceNestedCommandBufferFeaturesEXT, VkPhysicalDeviceNonSeamlessCubeMapFeaturesEXT, VkPhysicalDeviceOpacityMicromapFeaturesEXT, VkPhysicalDeviceOpticalFlowFeaturesNV, VkPhysicalDevicePageableDeviceLocalMemoryFeaturesEXT, VkPhysicalDevicePerStageDescriptorSetFeaturesNV, VkPhysicalDevicePerformanceQueryFeaturesKHR, VkPhysicalDevicePipelineCreationCacheControlFeatures, VkPhysicalDevicePipelineExecutablePropertiesFeaturesKHR, VkPhysicalDevicePipelineLibraryGroupHandlesFeaturesEXT, VkPhysicalDevicePipelinePropertiesFeaturesEXT, VkPhysicalDevicePipelineProtectedAccessFeaturesEXT, VkPhysicalDevicePipelineRobustnessFeaturesEXT, VkPhysicalDevicePortabilitySubsetFeaturesKHR, VkPhysicalDevicePresentBarrierFeaturesNV, VkPhysicalDevicePresentIdFeaturesKHR, VkPhysicalDevicePresentWaitFeaturesKHR, VkPhysicalDevicePrimitiveTopologyListRestartFeaturesEXT, VkPhysicalDevicePrimitivesGeneratedQueryFeaturesEXT, VkPhysicalDevicePrivateDataFeatures, VkPhysicalDeviceProtectedMemoryFeatures, VkPhysicalDeviceProvokingVertexFeaturesEXT, VkPhysicalDeviceRGBA10X6FormatsFeaturesEXT, VkPhysicalDeviceRasterizationOrderAttachmentAccessFeaturesEXT, VkPhysicalDeviceRayQueryFeaturesKHR, VkPhysicalDeviceRayTracingInvocationReorderFeaturesNV, VkPhysicalDeviceRayTracingMaintenance1FeaturesKHR, VkPhysicalDeviceRayTracingMotionBlurFeaturesNV, VkPhysicalDeviceRayTracingPipelineFeaturesKHR, VkPhysicalDeviceRayTracingPositionFetchFeaturesKHR, VkPhysicalDeviceRelaxedLineRasterizationFeaturesIMG, VkPhysicalDeviceRenderPassStripedFeaturesARM, VkPhysicalDeviceRepresentativeFragmentTestFeaturesNV, VkPhysicalDeviceRobustness2FeaturesEXT, VkPhysicalDeviceSamplerYcbcrConversionFeatures, VkPhysicalDeviceScalarBlockLayoutFeatures, VkPhysicalDeviceSchedulingControlsFeaturesARM, VkPhysicalDeviceSeparateDepthStencilLayoutsFeatures, VkPhysicalDeviceShaderAtomicFloat2FeaturesEXT, VkPhysicalDeviceShaderAtomicFloatFeaturesEXT, VkPhysicalDeviceShaderAtomicInt64Features, VkPhysicalDeviceShaderClockFeaturesKHR, VkPhysicalDeviceShaderCoreBuiltinsFeaturesARM, VkPhysicalDeviceShaderDemoteToHelperInvocationFeatures, VkPhysicalDeviceShaderDrawParametersFeatures, VkPhysicalDeviceShaderEarlyAndLateFragmentTestsFeaturesAMD, VkPhysicalDeviceShaderEnqueueFeaturesAMDX, VkPhysicalDeviceShaderFloat16Int8Features, VkPhysicalDeviceShaderImageAtomicInt64FeaturesEXT, VkPhysicalDeviceShaderImageFootprintFeaturesNV, VkPhysicalDeviceShaderIntegerDotProductFeatures, VkPhysicalDeviceShaderIntegerFunctions2FeaturesINTEL, VkPhysicalDeviceShaderModuleIdentifierFeaturesEXT, VkPhysicalDeviceShaderObjectFeaturesEXT, VkPhysicalDeviceShaderSMBuiltinsFeaturesNV, VkPhysicalDeviceShaderSubgroupExtendedTypesFeatures, VkPhysicalDeviceShaderSubgroupUniformControlFlowFeaturesKHR, VkPhysicalDeviceShaderTerminateInvocationFeatures, VkPhysicalDeviceShaderTileImageFeaturesEXT, VkPhysicalDeviceShadingRateImageFeaturesNV, VkPhysicalDeviceSubgroupSizeControlFeatures, VkPhysicalDeviceSubpassMergeFeedbackFeaturesEXT, VkPhysicalDeviceSubpassShadingFeaturesHUAWEI, VkPhysicalDeviceSwapchainMaintenance1FeaturesEXT, VkPhysicalDeviceSynchronization2Features, VkPhysicalDeviceTexelBufferAlignmentFeaturesEXT, VkPhysicalDeviceTextureCompressionASTCHDRFeatures, VkPhysicalDeviceTilePropertiesFeaturesQCOM, VkPhysicalDeviceTimelineSemaphoreFeatures, VkPhysicalDeviceTransformFeedbackFeaturesEXT, VkPhysicalDeviceUniformBufferStandardLayoutFeatures, VkPhysicalDeviceVariablePointersFeatures, VkPhysicalDeviceVertexAttributeDivisorFeaturesKHR, VkPhysicalDeviceVertexInputDynamicStateFeaturesEXT, VkPhysicalDeviceVideoMaintenance1FeaturesKHR, VkPhysicalDeviceVulkan11Features, VkPhysicalDeviceVulkan12Features, VkPhysicalDeviceVulkan13Features, VkPhysicalDeviceVulkanMemoryModelFeatures, VkPhysicalDeviceWorkgroupMemoryExplicitLayoutFeaturesKHR, VkPhysicalDeviceYcbcr2Plane444FormatsFeaturesEXT, VkPhysicalDeviceYcbcrDegammaFeaturesQCOM, VkPhysicalDeviceYcbcrImageArraysFeaturesEXT, or VkPhysicalDeviceZeroInitializeWorkgroupMemoryFeatures (https://www.khronos.org/registry/vulkan/specs/1.3-extensions/html/vkspec.html#VUID-VkDeviceCreateInfo-pNext-pNext)
    Objects: 0
VUID-VkDeviceCreateInfo-pNext-pNext(ERROR / SPEC): msgNum: -1876993556 - Validation Error: [ VUID-VkDeviceCreateInfo-pNext-pNext ] | MessageID = 0x901f59ec | vkCreateDevice(): pCreateInfo-&gt;pNext chain includes a structure with unknown VkStructureType (1000528000). This error is based on the Valid Usage documentation for version 275 of the Vulkan header.  It is possible that you are using a struct from a private extension or an extension that was added to a later version of the Vulkan header, in which case the use of pCreateInfo-&gt;pNext is undefined and may not work correctly with validation enabled. The Vulkan spec states: Each pNext member of any structure (including this one) in the pNext chain must be either NULL or a pointer to a valid instance of VkDeviceDeviceMemoryReportCreateInfoEXT, VkDeviceDiagnosticsConfigCreateInfoNV, VkDeviceGroupDeviceCreateInfo, VkDeviceMemoryOverallocationCreateInfoAMD, VkDevicePrivateDataCreateInfo, VkDeviceQueueShaderCoreControlCreateInfoARM, VkPhysicalDevice16BitStorageFeatures, VkPhysicalDevice4444FormatsFeaturesEXT, VkPhysicalDevice8BitStorageFeatures, VkPhysicalDeviceASTCDecodeFeaturesEXT, VkPhysicalDeviceAccelerationStructureFeaturesKHR, VkPhysicalDeviceAddressBindingReportFeaturesEXT, VkPhysicalDeviceAmigoProfilingFeaturesSEC, VkPhysicalDeviceAttachmentFeedbackLoopDynamicStateFeaturesEXT, VkPhysicalDeviceAttachmentFeedbackLoopLayoutFeaturesEXT, VkPhysicalDeviceBlendOperationAdvancedFeaturesEXT, VkPhysicalDeviceBorderColorSwizzleFeaturesEXT, VkPhysicalDeviceBufferDeviceAddressFeatures, VkPhysicalDeviceBufferDeviceAddressFeaturesEXT, VkPhysicalDeviceClusterCullingShaderFeaturesHUAWEI, VkPhysicalDeviceCoherentMemoryFeaturesAMD, VkPhysicalDeviceColorWriteEnableFeaturesEXT, VkPhysicalDeviceComputeShaderDerivativesFeaturesNV, VkPhysicalDeviceConditionalRenderingFeaturesEXT, VkPhysicalDeviceCooperativeMatrixFeaturesKHR, VkPhysicalDeviceCooperativeMatrixFeaturesNV, VkPhysicalDeviceCopyMemoryIndirectFeaturesNV, VkPhysicalDeviceCornerSampledImageFeaturesNV, VkPhysicalDeviceCoverageReductionModeFeaturesNV, VkPhysicalDeviceCubicClampFeaturesQCOM, VkPhysicalDeviceCubicWeightsFeaturesQCOM, VkPhysicalDeviceCudaKernelLaunchFeaturesNV, VkPhysicalDeviceCustomBorderColorFeaturesEXT, VkPhysicalDeviceDedicatedAllocationImageAliasingFeaturesNV, VkPhysicalDeviceDepthBiasControlFeaturesEXT, VkPhysicalDeviceDepthClampZeroOneFeaturesEXT, VkPhysicalDeviceDepthClipControlFeaturesEXT, VkPhysicalDeviceDepthClipEnableFeaturesEXT, VkPhysicalDeviceDescriptorBufferFeaturesEXT, VkPhysicalDeviceDescriptorIndexingFeatures, VkPhysicalDeviceDescriptorPoolOverallocationFeaturesNV, VkPhysicalDeviceDescriptorSetHostMappingFeaturesVALVE, VkPhysicalDeviceDeviceGeneratedCommandsComputeFeaturesNV, VkPhysicalDeviceDeviceGeneratedCommandsFeaturesNV, VkPhysicalDeviceDeviceMemoryReportFeaturesEXT, VkPhysicalDeviceDiagnosticsConfigFeaturesNV, VkPhysicalDeviceDisplacementMicromapFeaturesNV, VkPhysicalDeviceDynamicRenderingFeatures, VkPhysicalDeviceDynamicRenderingUnusedAttachmentsFeaturesEXT, VkPhysicalDeviceExclusiveScissorFeaturesNV, VkPhysicalDeviceExtendedDynamicState2FeaturesEXT, VkPhysicalDeviceExtendedDynamicState3FeaturesEXT, VkPhysicalDeviceExtendedDynamicStateFeaturesEXT, VkPhysicalDeviceExtendedSparseAddressSpaceFeaturesNV, VkPhysicalDeviceExternalFormatResolveFeaturesANDROID, VkPhysicalDeviceExternalMemoryRDMAFeaturesNV, VkPhysicalDeviceExternalMemoryScreenBufferFeaturesQNX, VkPhysicalDeviceFaultFeaturesEXT, VkPhysicalDeviceFeatures2, VkPhysicalDeviceFragmentDensityMap2FeaturesEXT, VkPhysicalDeviceFragmentDensityMapFeaturesEXT, VkPhysicalDeviceFragmentDensityMapOffsetFeaturesQCOM, VkPhysicalDeviceFragmentShaderBarycentricFeaturesKHR, VkPhysicalDeviceFragmentShaderInterlockFeaturesEXT, VkPhysicalDeviceFragmentShadingRateEnumsFeaturesNV, VkPhysicalDeviceFragmentShadingRateFeaturesKHR, VkPhysicalDeviceFrameBoundaryFeaturesEXT, VkPhysicalDeviceGlobalPriorityQueryFeaturesKHR, VkPhysicalDeviceGraphicsPipelineLibraryFeaturesEXT, VkPhysicalDeviceHostImageCopyFeaturesEXT, VkPhysicalDeviceHostQueryResetFeatures, VkPhysicalDeviceImage2DViewOf3DFeaturesEXT, VkPhysicalDeviceImageCompressionControlFeaturesEXT, VkPhysicalDeviceImageCompressionControlSwapchainFeaturesEXT, VkPhysicalDeviceImageProcessing2FeaturesQCOM, VkPhysicalDeviceImageProcessingFeaturesQCOM, VkPhysicalDeviceImageRobustnessFeatures, VkPhysicalDeviceImageSlicedViewOf3DFeaturesEXT, VkPhysicalDeviceImageViewMinLodFeaturesEXT, VkPhysicalDeviceImagelessFramebufferFeatures, VkPhysicalDeviceIndexTypeUint8FeaturesEXT, VkPhysicalDeviceInheritedViewportScissorFeaturesNV, VkPhysicalDeviceInlineUniformBlockFeatures, VkPhysicalDeviceInvocationMaskFeaturesHUAWEI, VkPhysicalDeviceLegacyDitheringFeaturesEXT, VkPhysicalDeviceLineRasterizationFeaturesEXT, VkPhysicalDeviceLinearColorAttachmentFeaturesNV, VkPhysicalDeviceMaintenance4Features, VkPhysicalDeviceMaintenance5FeaturesKHR, VkPhysicalDeviceMaintenance6FeaturesKHR, VkPhysicalDeviceMemoryDecompressionFeaturesNV, VkPhysicalDeviceMemoryPriorityFeaturesEXT, VkPhysicalDeviceMeshShaderFeaturesEXT, VkPhysicalDeviceMeshShaderFeaturesNV, VkPhysicalDeviceMultiDrawFeaturesEXT, VkPhysicalDeviceMultisampledRenderToSingleSampledFeaturesEXT, VkPhysicalDeviceMultiviewFeatures, VkPhysicalDeviceMultiviewPerViewRenderAreasFeaturesQCOM, VkPhysicalDeviceMultiviewPerViewViewportsFeaturesQCOM, VkPhysicalDeviceMutableDescriptorTypeFeaturesEXT, VkPhysicalDeviceNestedCommandBufferFeaturesEXT, VkPhysicalDeviceNonSeamlessCubeMapFeaturesEXT, VkPhysicalDeviceOpacityMicromapFeaturesEXT, VkPhysicalDeviceOpticalFlowFeaturesNV, VkPhysicalDevicePageableDeviceLocalMemoryFeaturesEXT, VkPhysicalDevicePerStageDescriptorSetFeaturesNV, VkPhysicalDevicePerformanceQueryFeaturesKHR, VkPhysicalDevicePipelineCreationCacheControlFeatures, VkPhysicalDevicePipelineExecutablePropertiesFeaturesKHR, VkPhysicalDevicePipelineLibraryGroupHandlesFeaturesEXT, VkPhysicalDevicePipelinePropertiesFeaturesEXT, VkPhysicalDevicePipelineProtectedAccessFeaturesEXT, VkPhysicalDevicePipelineRobustnessFeaturesEXT, VkPhysicalDevicePortabilitySubsetFeaturesKHR, VkPhysicalDevicePresentBarrierFeaturesNV, VkPhysicalDevicePresentIdFeaturesKHR, VkPhysicalDevicePresentWaitFeaturesKHR, VkPhysicalDevicePrimitiveTopologyListRestartFeaturesEXT, VkPhysicalDevicePrimitivesGeneratedQueryFeaturesEXT, VkPhysicalDevicePrivateDataFeatures, VkPhysicalDeviceProtectedMemoryFeatures, VkPhysicalDeviceProvokingVertexFeaturesEXT, VkPhysicalDeviceRGBA10X6FormatsFeaturesEXT, VkPhysicalDeviceRasterizationOrderAttachmentAccessFeaturesEXT, VkPhysicalDeviceRayQueryFeaturesKHR, VkPhysicalDeviceRayTracingInvocationReorderFeaturesNV, VkPhysicalDeviceRayTracingMaintenance1FeaturesKHR, VkPhysicalDeviceRayTracingMotionBlurFeaturesNV, VkPhysicalDeviceRayTracingPipelineFeaturesKHR, VkPhysicalDeviceRayTracingPositionFetchFeaturesKHR, VkPhysicalDeviceRelaxedLineRasterizationFeaturesIMG, VkPhysicalDeviceRenderPassStripedFeaturesARM, VkPhysicalDeviceRepresentativeFragmentTestFeaturesNV, VkPhysicalDeviceRobustness2FeaturesEXT, VkPhysicalDeviceSamplerYcbcrConversionFeatures, VkPhysicalDeviceScalarBlockLayoutFeatures, VkPhysicalDeviceSchedulingControlsFeaturesARM, VkPhysicalDeviceSeparateDepthStencilLayoutsFeatures, VkPhysicalDeviceShaderAtomicFloat2FeaturesEXT, VkPhysicalDeviceShaderAtomicFloatFeaturesEXT, VkPhysicalDeviceShaderAtomicInt64Features, VkPhysicalDeviceShaderClockFeaturesKHR, VkPhysicalDeviceShaderCoreBuiltinsFeaturesARM, VkPhysicalDeviceShaderDemoteToHelperInvocationFeatures, VkPhysicalDeviceShaderDrawParametersFeatures, VkPhysicalDeviceShaderEarlyAndLateFragmentTestsFeaturesAMD, VkPhysicalDeviceShaderEnqueueFeaturesAMDX, VkPhysicalDeviceShaderFloat16Int8Features, VkPhysicalDeviceShaderImageAtomicInt64FeaturesEXT, VkPhysicalDeviceShaderImageFootprintFeaturesNV, VkPhysicalDeviceShaderIntegerDotProductFeatures, VkPhysicalDeviceShaderIntegerFunctions2FeaturesINTEL, VkPhysicalDeviceShaderModuleIdentifierFeaturesEXT, VkPhysicalDeviceShaderObjectFeaturesEXT, VkPhysicalDeviceShaderSMBuiltinsFeaturesNV, VkPhysicalDeviceShaderSubgroupExtendedTypesFeatures, VkPhysicalDeviceShaderSubgroupUniformControlFlowFeaturesKHR, VkPhysicalDeviceShaderTerminateInvocationFeatures, VkPhysicalDeviceShaderTileImageFeaturesEXT, VkPhysicalDeviceShadingRateImageFeaturesNV, VkPhysicalDeviceSubgroupSizeControlFeatures, VkPhysicalDeviceSubpassMergeFeedbackFeaturesEXT, VkPhysicalDeviceSubpassShadingFeaturesHUAWEI, VkPhysicalDeviceSwapchainMaintenance1FeaturesEXT, VkPhysicalDeviceSynchronization2Features, VkPhysicalDeviceTexelBufferAlignmentFeaturesEXT, VkPhysicalDeviceTextureCompressionASTCHDRFeatures, VkPhysicalDeviceTilePropertiesFeaturesQCOM, VkPhysicalDeviceTimelineSemaphoreFeatures, VkPhysicalDeviceTransformFeedbackFeaturesEXT, VkPhysicalDeviceUniformBufferStandardLayoutFeatures, VkPhysicalDeviceVariablePointersFeatures, VkPhysicalDeviceVertexAttributeDivisorFeaturesKHR, VkPhysicalDeviceVertexInputDynamicStateFeaturesEXT, VkPhysicalDeviceVideoMaintenance1FeaturesKHR, VkPhysicalDeviceVulkan11Features, VkPhysicalDeviceVulkan12Features, VkPhysicalDeviceVulkan13Features, VkPhysicalDeviceVulkanMemoryModelFeatures, VkPhysicalDeviceWorkgroupMemoryExplicitLayoutFeaturesKHR, VkPhysicalDeviceYcbcr2Plane444FormatsFeaturesEXT, VkPhysicalDeviceYcbcrDegammaFeaturesQCOM, VkPhysicalDeviceYcbcrImageArraysFeaturesEXT, or VkPhysicalDeviceZeroInitializeWorkgroupMemoryFeatures (https://www.khronos.org/registry/vulkan/specs/1.3-extensions/html/vkspec.html#VUID-VkDeviceCreateInfo-pNext-pNext)
    Objects: 0
Vulkan device: llvmpipe (LLVM 20.1.2, 256 bits)
{"configuration":"vulkan_fp32_dedicated","case":"prefill_decode_reuse","tokens":40,"steps":9,"hint":128,"key_backing_allocations":1,"value_backing_allocations":1,"max_abs_error":1.63912773e-07,"nrmse":1.1450028e-07,"atol":2e-05,"nrmse_limit":2e-05,"passed":true}
{"configuration":"vulkan_fp32_dedicated","case":"reset_and_growth","tokens":65,"steps":7,"hint":8,"key_backing_allocations":4,"value_backing_allocations":4,"max_abs_error":1.63912773e-07,"nrmse":1.27473747e-07,"atol":2e-05,"nrmse_limit":2e-05,"passed":true}
{"configuration":"vulkan_fp32_dedicated","case":"fresh_prompt_after_reset","tokens":9,"steps":3,"hint":16,"key_backing_allocations":1,"value_backing_allocations":1,"max_abs_error":1.78813934e-07,"nrmse":8.19925742e-08,"atol":2e-05,"nrmse_limit":2e-05,"passed":true}
{"configuration":"vulkan_fp32_default","case":"prefill_decode_reuse","tokens":40,"steps":9,"hint":128,"key_backing_allocations":9,"value_backing_allocations":9,"max_abs_error":1.63912773e-07,"nrmse":1.1450028e-07,"atol":2e-05,"nrmse_limit":2e-05,"passed":true}
{"configuration":"vulkan_fp32_default","case":"reset_and_growth","tokens":65,"steps":7,"hint":8,"key_backing_allocations":7,"value_backing_allocations":7,"max_abs_error":1.63912773e-07,"nrmse":1.27473747e-07,"atol":2e-05,"nrmse_limit":2e-05,"passed":true}
{"configuration":"vulkan_fp32_default","case":"fresh_prompt_after_reset","tokens":9,"steps":3,"hint":16,"key_backing_allocations":3,"value_backing_allocations":3,"max_abs_error":1.78813934e-07,"nrmse":8.19925742e-08,"atol":2e-05,"nrmse_limit":2e-05,"passed":true}
{"configuration":"vulkan_fp16_dedicated","case":"prefill_decode_reuse","tokens":40,"steps":9,"hint":128,"key_backing_allocations":1,"value_backing_allocations":1,"max_abs_error":0.000452399254,"nrmse":0.000265080742,"atol":0.002,"nrmse_limit":0.005,"passed":true}
{"configuration":"vulkan_fp16_dedicated","case":"reset_and_growth","tokens":65,"steps":7,"hint":8,"key_backing_allocations":4,"value_backing_allocations":4,"max_abs_error":0.000450193882,"nrmse":0.000272850849,"atol":0.002,"nrmse_limit":0.005,"passed":true}
{"configuration":"vulkan_fp16_dedicated","case":"fresh_prompt_after_reset","tokens":9,"steps":3,"hint":16,"key_backing_allocations":1,"value_backing_allocations":1,"max_abs_error":0.00044131279,"nrmse":0.000253928036,"atol":0.002,"nrmse_limit":0.005,"passed":true}
{"configuration":"vulkan_fp16_default","case":"prefill_decode_reuse","tokens":40,"steps":9,"hint":128,"key_backing_allocations":9,"value_backing_allocations":9,"max_abs_error":0.000452399254,"nrmse":0.000265080742,"atol":0.002,"nrmse_limit":0.005,"passed":true}
{"configuration":"vulkan_fp16_default","case":"reset_and_growth","tokens":65,"steps":7,"hint":8,"key_backing_allocations":7,"value_backing_allocations":7,"max_abs_error":0.000450193882,"nrmse":0.000272850849,"atol":0.002,"nrmse_limit":0.005,"passed":true}
{"configuration":"vulkan_fp16_default","case":"fresh_prompt_after_reset","tokens":9,"steps":3,"hint":16,"key_backing_allocations":3,"value_backing_allocations":3,"max_abs_error":0.00044131279,"nrmse":0.000253928036,"atol":0.002,"nrmse_limit":0.005,"passed":true}
SKIP: bf16 storage unavailable
</system-out>
	</testcase>
	<testcase name="runtime_cache_vulkan" classname="runtime_cache_vulkan" time="2.38303" status="fail">
		<failure message="Failed"/>
		<properties/>
		<system-out>[0 llvmpipe (LLVM 20.1.2, 256 bits)]  queueC=0[1]  queueT=0[1]  rebar=1  r-score=4
[0 llvmpipe (LLVM 20.1.2, 256 bits)]  fp16-p/s/u/a=1/1/1/1  int8-p/s/u/a=1/1/1/1  bf16-p/s=1/0
[0 llvmpipe (LLVM 20.1.2, 256 bits)]  subgroup=8(8~8)  ops=1/1/1/1/1/1/1/1/1/1
[0 llvmpipe (LLVM 20.1.2, 256 bits)]  fp16-cm=0  int8-cm=0  bf16-cm=0  fp8-cm=0  fp6-cm=0  fp4-cm=0
{"ncnn_revision":"3b7bdba7fc8aea8fd46779533eee027df77c639d","q_heads":32,"kv_heads":8,"head_dim":128,"backend":"vulkan","runtime_layer":true}
VUID-VkDeviceCreateInfo-pNext-pNext(ERROR / SPEC): msgNum: -1876993556 - Validation Error: [ VUID-VkDeviceCreateInfo-pNext-pNext ] | MessageID = 0x901f59ec | vkCreateDevice(): pCreateInfo-&gt;pNext chain includes a structure with unknown VkStructureType (1000416000). This error is based on the Valid Usage documentation for version 275 of the Vulkan header.  It is possible that you are using a struct from a private extension or an extension that was added to a later version of the Vulkan header, in which case the use of pCreateInfo-&gt;pNext is undefined and may not work correctly with validation enabled. The Vulkan spec states: Each pNext member of any structure (including this one) in the pNext chain must be either NULL or a pointer to a valid instance of VkDeviceDeviceMemoryReportCreateInfoEXT, VkDeviceDiagnosticsConfigCreateInfoNV, VkDeviceGroupDeviceCreateInfo, VkDeviceMemoryOverallocationCreateInfoAMD, VkDevicePrivateDataCreateInfo, VkDeviceQueueShaderCoreControlCreateInfoARM, VkPhysicalDevice16BitStorageFeatures, VkPhysicalDevice4444FormatsFeaturesEXT, VkPhysicalDevice8BitStorageFeatures, VkPhysicalDeviceASTCDecodeFeaturesEXT, VkPhysicalDeviceAccelerationStructureFeaturesKHR, VkPhysicalDeviceAddressBindingReportFeaturesEXT, VkPhysicalDeviceAmigoProfilingFeaturesSEC, VkPhysicalDeviceAttachmentFeedbackLoopDynamicStateFeaturesEXT, VkPhysicalDeviceAttachmentFeedbackLoopLayoutFeaturesEXT, VkPhysicalDeviceBlendOperationAdvancedFeaturesEXT, VkPhysicalDeviceBorderColorSwizzleFeaturesEXT, VkPhysicalDeviceBufferDeviceAddressFeatures, VkPhysicalDeviceBufferDeviceAddressFeaturesEXT, VkPhysicalDeviceClusterCullingShaderFeaturesHUAWEI, VkPhysicalDeviceCoherentMemoryFeaturesAMD, VkPhysicalDeviceColorWriteEnableFeaturesEXT, VkPhysicalDeviceComputeShaderDerivativesFeaturesNV, VkPhysicalDeviceConditionalRenderingFeaturesEXT, VkPhysicalDeviceCooperativeMatrixFeaturesKHR, VkPhysicalDeviceCooperativeMatrixFeaturesNV, VkPhysicalDeviceCopyMemoryIndirectFeaturesNV, VkPhysicalDeviceCornerSampledImageFeaturesNV, VkPhysicalDeviceCoverageReductionModeFeaturesNV, VkPhysicalDeviceCubicClampFeaturesQCOM, VkPhysicalDeviceCubicWeightsFeaturesQCOM, VkPhysicalDeviceCudaKernelLaunchFeaturesNV, VkPhysicalDeviceCustomBorderColorFeaturesEXT, VkPhysicalDeviceDedicatedAllocationImageAliasingFeaturesNV, VkPhysicalDeviceDepthBiasControlFeaturesEXT, VkPhysicalDeviceDepthClampZeroOneFeaturesEXT, VkPhysicalDeviceDepthClipControlFeaturesEXT, VkPhysicalDeviceDepthClipEnableFeaturesEXT, VkPhysicalDeviceDescriptorBufferFeaturesEXT, VkPhysicalDeviceDescriptorIndexingFeatures, VkPhysicalDeviceDescriptorPoolOverallocationFeaturesNV, VkPhysicalDeviceDescriptorSetHostMappingFeaturesVALVE, VkPhysicalDeviceDeviceGeneratedCommandsComputeFeaturesNV, VkPhysicalDeviceDeviceGeneratedCommandsFeaturesNV, VkPhysicalDeviceDeviceMemoryReportFeaturesEXT, VkPhysicalDeviceDiagnosticsConfigFeaturesNV, VkPhysicalDeviceDisplacementMicromapFeaturesNV, VkPhysicalDeviceDynamicRenderingFeatures, VkPhysicalDeviceDynamicRenderingUnusedAttachmentsFeaturesEXT, VkPhysicalDeviceExclusiveScissorFeaturesNV, VkPhysicalDeviceExtendedDynamicState2FeaturesEXT, VkPhysicalDeviceExtendedDynamicState3FeaturesEXT, VkPhysicalDeviceExtendedDynamicStateFeaturesEXT, VkPhysicalDeviceExtendedSparseAddressSpaceFeaturesNV, VkPhysicalDeviceExternalFormatResolveFeaturesANDROID, VkPhysicalDeviceExternalMemoryRDMAFeaturesNV, VkPhysicalDeviceExternalMemoryScreenBufferFeaturesQNX, VkPhysicalDeviceFaultFeaturesEXT, VkPhysicalDeviceFeatures2, VkPhysicalDeviceFragmentDensityMap2FeaturesEXT, VkPhysicalDeviceFragmentDensityMapFeaturesEXT, VkPhysicalDeviceFragmentDensityMapOffsetFeaturesQCOM, VkPhysicalDeviceFragmentShaderBarycentricFeaturesKHR, VkPhysicalDeviceFragmentShaderInterlockFeaturesEXT, VkPhysicalDeviceFragmentShadingRateEnumsFeaturesNV, VkPhysicalDeviceFragmentShadingRateFeaturesKHR, VkPhysicalDeviceFrameBoundaryFeaturesEXT, VkPhysicalDeviceGlobalPriorityQueryFeaturesKHR, VkPhysicalDeviceGraphicsPipelineLibraryFeaturesEXT, VkPhysicalDeviceHostImageCopyFeaturesEXT, VkPhysicalDeviceHostQueryResetFeatures, VkPhysicalDeviceImage2DViewOf3DFeaturesEXT, VkPhysicalDeviceImageCompressionControlFeaturesEXT, VkPhysicalDeviceImageCompressionControlSwapchainFeaturesEXT, VkPhysicalDeviceImageProcessing2FeaturesQCOM, VkPhysicalDeviceImageProcessingFeaturesQCOM, VkPhysicalDeviceImageRobustnessFeatures, VkPhysicalDeviceImageSlicedViewOf3DFeaturesEXT, VkPhysicalDeviceImageViewMinLodFeaturesEXT, VkPhysicalDeviceImagelessFramebufferFeatures, VkPhysicalDeviceIndexTypeUint8FeaturesEXT, VkPhysicalDeviceInheritedViewportScissorFeaturesNV, VkPhysicalDeviceInlineUniformBlockFeatures, VkPhysicalDeviceInvocationMaskFeaturesHUAWEI, VkPhysicalDeviceLegacyDitheringFeaturesEXT, VkPhysicalDeviceLineRasterizationFeaturesEXT, VkPhysicalDeviceLinearColorAttachmentFeaturesNV, VkPhysicalDeviceMaintenance4Features, VkPhysicalDeviceMaintenance5FeaturesKHR, VkPhysicalDeviceMaintenance6FeaturesKHR, VkPhysicalDeviceMemoryDecompressionFeaturesNV, VkPhysicalDeviceMemoryPriorityFeaturesEXT, VkPhysicalDeviceMeshShaderFeaturesEXT, VkPhysicalDeviceMeshShaderFeaturesNV, VkPhysicalDeviceMultiDrawFeaturesEXT, VkPhysicalDeviceMultisampledRenderToSingleSampledFeaturesEXT, VkPhysicalDeviceMultiviewFeatures, VkPhysicalDeviceMultiviewPerViewRenderAreasFeaturesQCOM, VkPhysicalDeviceMultiviewPerViewViewportsFeaturesQCOM, VkPhysicalDeviceMutableDescriptorTypeFeaturesEXT, VkPhysicalDeviceNestedCommandBufferFeaturesEXT, VkPhysicalDeviceNonSeamlessCubeMapFeaturesEXT, VkPhysicalDeviceOpacityMicromapFeaturesEXT, VkPhysicalDeviceOpticalFlowFeaturesNV, VkPhysicalDevicePageableDeviceLocalMemoryFeaturesEXT, VkPhysicalDevicePerStageDescriptorSetFeaturesNV, VkPhysicalDevicePerformanceQueryFeaturesKHR, VkPhysicalDevicePipelineCreationCacheControlFeatures, VkPhysicalDevicePipelineExecutablePropertiesFeaturesKHR, VkPhysicalDevicePipelineLibraryGroupHandlesFeaturesEXT, VkPhysicalDevicePipelinePropertiesFeaturesEXT, VkPhysicalDevicePipelineProtectedAccessFeaturesEXT, VkPhysicalDevicePipelineRobustnessFeaturesEXT, VkPhysicalDevicePortabilitySubsetFeaturesKHR, VkPhysicalDevicePresentBarrierFeaturesNV, VkPhysicalDevicePresentIdFeaturesKHR, VkPhysicalDevicePresentWaitFeaturesKHR, VkPhysicalDevicePrimitiveTopologyListRestartFeaturesEXT, VkPhysicalDevicePrimitivesGeneratedQueryFeaturesEXT, VkPhysicalDevicePrivateDataFeatures, VkPhysicalDeviceProtectedMemoryFeatures, VkPhysicalDeviceProvokingVertexFeaturesEXT, VkPhysicalDeviceRGBA10X6FormatsFeaturesEXT, VkPhysicalDeviceRasterizationOrderAttachmentAccessFeaturesEXT, VkPhysicalDeviceRayQueryFeaturesKHR, VkPhysicalDeviceRayTracingInvocationReorderFeaturesNV, VkPhysicalDeviceRayTracingMaintenance1FeaturesKHR, VkPhysicalDeviceRayTracingMotionBlurFeaturesNV, VkPhysicalDeviceRayTracingPipelineFeaturesKHR, VkPhysicalDeviceRayTracingPositionFetchFeaturesKHR, VkPhysicalDeviceRelaxedLineRasterizationFeaturesIMG, VkPhysicalDeviceRenderPassStripedFeaturesARM, VkPhysicalDeviceRepresentativeFragmentTestFeaturesNV, VkPhysicalDeviceRobustness2FeaturesEXT, VkPhysicalDeviceSamplerYcbcrConversionFeatures, VkPhysicalDeviceScalarBlockLayoutFeatures, VkPhysicalDeviceSchedulingControlsFeaturesARM, VkPhysicalDeviceSeparateDepthStencilLayoutsFeatures, VkPhysicalDeviceShaderAtomicFloat2FeaturesEXT, VkPhysicalDeviceShaderAtomicFloatFeaturesEXT, VkPhysicalDeviceShaderAtomicInt64Features, VkPhysicalDeviceShaderClockFeaturesKHR, VkPhysicalDeviceShaderCoreBuiltinsFeaturesARM, VkPhysicalDeviceShaderDemoteToHelperInvocationFeatures, VkPhysicalDeviceShaderDrawParametersFeatures, VkPhysicalDeviceShaderEarlyAndLateFragmentTestsFeaturesAMD, VkPhysicalDeviceShaderEnqueueFeaturesAMDX, VkPhysicalDeviceShaderFloat16Int8Features, VkPhysicalDeviceShaderImageAtomicInt64FeaturesEXT, VkPhysicalDeviceShaderImageFootprintFeaturesNV, VkPhysicalDeviceShaderIntegerDotProductFeatures, VkPhysicalDeviceShaderIntegerFunctions2FeaturesINTEL, VkPhysicalDeviceShaderModuleIdentifierFeaturesEXT, VkPhysicalDeviceShaderObjectFeaturesEXT, VkPhysicalDeviceShaderSMBuiltinsFeaturesNV, VkPhysicalDeviceShaderSubgroupExtendedTypesFeatures, VkPhysicalDeviceShaderSubgroupUniformControlFlowFeaturesKHR, VkPhysicalDeviceShaderTerminateInvocationFeatures, VkPhysicalDeviceShaderTileImageFeaturesEXT, VkPhysicalDeviceShadingRateImageFeaturesNV, VkPhysicalDeviceSubgroupSizeControlFeatures, VkPhysicalDeviceSubpassMergeFeedbackFeaturesEXT, VkPhysicalDeviceSubpassShadingFeaturesHUAWEI, VkPhysicalDeviceSwapchainMaintenance1FeaturesEXT, VkPhysicalDeviceSynchronization2Features, VkPhysicalDeviceTexelBufferAlignmentFeaturesEXT, VkPhysicalDeviceTextureCompressionASTCHDRFeatures, VkPhysicalDeviceTilePropertiesFeaturesQCOM, VkPhysicalDeviceTimelineSemaphoreFeatures, VkPhysicalDeviceTransformFeedbackFeaturesEXT, VkPhysicalDeviceUniformBufferStandardLayoutFeatures, VkPhysicalDeviceVariablePointersFeatures, VkPhysicalDeviceVertexAttributeDivisorFeaturesKHR, VkPhysicalDeviceVertexInputDynamicStateFeaturesEXT, VkPhysicalDeviceVideoMaintenance1FeaturesKHR, VkPhysicalDeviceVulkan11Features, VkPhysicalDeviceVulkan12Features, VkPhysicalDeviceVulkan13Features, VkPhysicalDeviceVulkanMemoryModelFeatures, VkPhysicalDeviceWorkgroupMemoryExplicitLayoutFeaturesKHR, VkPhysicalDeviceYcbcr2Plane444FormatsFeaturesEXT, VkPhysicalDeviceYcbcrDegammaFeaturesQCOM, VkPhysicalDeviceYcbcrImageArraysFeaturesEXT, or VkPhysicalDeviceZeroInitializeWorkgroupMemoryFeatures (https://www.khronos.org/registry/vulkan/specs/1.3-extensions/html/vkspec.html#VUID-VkDeviceCreateInfo-pNext-pNext)
    Objects: 0
VUID-VkDeviceCreateInfo-pNext-pNext(ERROR / SPEC): msgNum: -1876993556 - Validation Error: [ VUID-VkDeviceCreateInfo-pNext-pNext ] | MessageID = 0x901f59ec | vkCreateDevice(): pCreateInfo-&gt;pNext chain includes a structure with unknown VkStructureType (1000528000). This error is based on the Valid Usage documentation for version 275 of the Vulkan header.  It is possible that you are using a struct from a private extension or an extension that was added to a later version of the Vulkan header, in which case the use of pCreateInfo-&gt;pNext is undefined and may not work correctly with validation enabled. The Vulkan spec states: Each pNext member of any structure (including this one) in the pNext chain must be either NULL or a pointer to a valid instance of VkDeviceDeviceMemoryReportCreateInfoEXT, VkDeviceDiagnosticsConfigCreateInfoNV, VkDeviceGroupDeviceCreateInfo, VkDeviceMemoryOverallocationCreateInfoAMD, VkDevicePrivateDataCreateInfo, VkDeviceQueueShaderCoreControlCreateInfoARM, VkPhysicalDevice16BitStorageFeatures, VkPhysicalDevice4444FormatsFeaturesEXT, VkPhysicalDevice8BitStorageFeatures, VkPhysicalDeviceASTCDecodeFeaturesEXT, VkPhysicalDeviceAccelerationStructureFeaturesKHR, VkPhysicalDeviceAddressBindingReportFeaturesEXT, VkPhysicalDeviceAmigoProfilingFeaturesSEC, VkPhysicalDeviceAttachmentFeedbackLoopDynamicStateFeaturesEXT, VkPhysicalDeviceAttachmentFeedbackLoopLayoutFeaturesEXT, VkPhysicalDeviceBlendOperationAdvancedFeaturesEXT, VkPhysicalDeviceBorderColorSwizzleFeaturesEXT, VkPhysicalDeviceBufferDeviceAddressFeatures, VkPhysicalDeviceBufferDeviceAddressFeaturesEXT, VkPhysicalDeviceClusterCullingShaderFeaturesHUAWEI, VkPhysicalDeviceCoherentMemoryFeaturesAMD, VkPhysicalDeviceColorWriteEnableFeaturesEXT, VkPhysicalDeviceComputeShaderDerivativesFeaturesNV, VkPhysicalDeviceConditionalRenderingFeaturesEXT, VkPhysicalDeviceCooperativeMatrixFeaturesKHR, VkPhysicalDeviceCooperativeMatrixFeaturesNV, VkPhysicalDeviceCopyMemoryIndirectFeaturesNV, VkPhysicalDeviceCornerSampledImageFeaturesNV, VkPhysicalDeviceCoverageReductionModeFeaturesNV, VkPhysicalDeviceCubicClampFeaturesQCOM, VkPhysicalDeviceCubicWeightsFeaturesQCOM, VkPhysicalDeviceCudaKernelLaunchFeaturesNV, VkPhysicalDeviceCustomBorderColorFeaturesEXT, VkPhysicalDeviceDedicatedAllocationImageAliasingFeaturesNV, VkPhysicalDeviceDepthBiasControlFeaturesEXT, VkPhysicalDeviceDepthClampZeroOneFeaturesEXT, VkPhysicalDeviceDepthClipControlFeaturesEXT, VkPhysicalDeviceDepthClipEnableFeaturesEXT, VkPhysicalDeviceDescriptorBufferFeaturesEXT, VkPhysicalDeviceDescriptorIndexingFeatures, VkPhysicalDeviceDescriptorPoolOverallocationFeaturesNV, VkPhysicalDeviceDescriptorSetHostMappingFeaturesVALVE, VkPhysicalDeviceDeviceGeneratedCommandsComputeFeaturesNV, VkPhysicalDeviceDeviceGeneratedCommandsFeaturesNV, VkPhysicalDeviceDeviceMemoryReportFeaturesEXT, VkPhysicalDeviceDiagnosticsConfigFeaturesNV, VkPhysicalDeviceDisplacementMicromapFeaturesNV, VkPhysicalDeviceDynamicRenderingFeatures, VkPhysicalDeviceDynamicRenderingUnusedAttachmentsFeaturesEXT, VkPhysicalDeviceExclusiveScissorFeaturesNV, VkPhysicalDeviceExtendedDynamicState2FeaturesEXT, VkPhysicalDeviceExtendedDynamicState3FeaturesEXT, VkPhysicalDeviceExtendedDynamicStateFeaturesEXT, VkPhysicalDeviceExtendedSparseAddressSpaceFeaturesNV, VkPhysicalDeviceExternalFormatResolveFeaturesANDROID, VkPhysicalDeviceExternalMemoryRDMAFeaturesNV, VkPhysicalDeviceExternalMemoryScreenBufferFeaturesQNX, VkPhysicalDeviceFaultFeaturesEXT, VkPhysicalDeviceFeatures2, VkPhysicalDeviceFragmentDensityMap2FeaturesEXT, VkPhysicalDeviceFragmentDensityMapFeaturesEXT, VkPhysicalDeviceFragmentDensityMapOffsetFeaturesQCOM, VkPhysicalDeviceFragmentShaderBarycentricFeaturesKHR, VkPhysicalDeviceFragmentShaderInterlockFeaturesEXT, VkPhysicalDeviceFragmentShadingRateEnumsFeaturesNV, VkPhysicalDeviceFragmentShadingRateFeaturesKHR, VkPhysicalDeviceFrameBoundaryFeaturesEXT, VkPhysicalDeviceGlobalPriorityQueryFeaturesKHR, VkPhysicalDeviceGraphicsPipelineLibraryFeaturesEXT, VkPhysicalDeviceHostImageCopyFeaturesEXT, VkPhysicalDeviceHostQueryResetFeatures, VkPhysicalDeviceImage2DViewOf3DFeaturesEXT, VkPhysicalDeviceImageCompressionControlFeaturesEXT, VkPhysicalDeviceImageCompressionControlSwapchainFeaturesEXT, VkPhysicalDeviceImageProcessing2FeaturesQCOM, VkPhysicalDeviceImageProcessingFeaturesQCOM, VkPhysicalDeviceImageRobustnessFeatures, VkPhysicalDeviceImageSlicedViewOf3DFeaturesEXT, VkPhysicalDeviceImageViewMinLodFeaturesEXT, VkPhysicalDeviceImagelessFramebufferFeatures, VkPhysicalDeviceIndexTypeUint8FeaturesEXT, VkPhysicalDeviceInheritedViewportScissorFeaturesNV, VkPhysicalDeviceInlineUniformBlockFeatures, VkPhysicalDeviceInvocationMaskFeaturesHUAWEI, VkPhysicalDeviceLegacyDitheringFeaturesEXT, VkPhysicalDeviceLineRasterizationFeaturesEXT, VkPhysicalDeviceLinearColorAttachmentFeaturesNV, VkPhysicalDeviceMaintenance4Features, VkPhysicalDeviceMaintenance5FeaturesKHR, VkPhysicalDeviceMaintenance6FeaturesKHR, VkPhysicalDeviceMemoryDecompressionFeaturesNV, VkPhysicalDeviceMemoryPriorityFeaturesEXT, VkPhysicalDeviceMeshShaderFeaturesEXT, VkPhysicalDeviceMeshShaderFeaturesNV, VkPhysicalDeviceMultiDrawFeaturesEXT, VkPhysicalDeviceMultisampledRenderToSingleSampledFeaturesEXT, VkPhysicalDeviceMultiviewFeatures, VkPhysicalDeviceMultiviewPerViewRenderAreasFeaturesQCOM, VkPhysicalDeviceMultiviewPerViewViewportsFeaturesQCOM, VkPhysicalDeviceMutableDescriptorTypeFeaturesEXT, VkPhysicalDeviceNestedCommandBufferFeaturesEXT, VkPhysicalDeviceNonSeamlessCubeMapFeaturesEXT, VkPhysicalDeviceOpacityMicromapFeaturesEXT, VkPhysicalDeviceOpticalFlowFeaturesNV, VkPhysicalDevicePageableDeviceLocalMemoryFeaturesEXT, VkPhysicalDevicePerStageDescriptorSetFeaturesNV, VkPhysicalDevicePerformanceQueryFeaturesKHR, VkPhysicalDevicePipelineCreationCacheControlFeatures, VkPhysicalDevicePipelineExecutablePropertiesFeaturesKHR, VkPhysicalDevicePipelineLibraryGroupHandlesFeaturesEXT, VkPhysicalDevicePipelinePropertiesFeaturesEXT, VkPhysicalDevicePipelineProtectedAccessFeaturesEXT, VkPhysicalDevicePipelineRobustnessFeaturesEXT, VkPhysicalDevicePortabilitySubsetFeaturesKHR, VkPhysicalDevicePresentBarrierFeaturesNV, VkPhysicalDevicePresentIdFeaturesKHR, VkPhysicalDevicePresentWaitFeaturesKHR, VkPhysicalDevicePrimitiveTopologyListRestartFeaturesEXT, VkPhysicalDevicePrimitivesGeneratedQueryFeaturesEXT, VkPhysicalDevicePrivateDataFeatures, VkPhysicalDeviceProtectedMemoryFeatures, VkPhysicalDeviceProvokingVertexFeaturesEXT, VkPhysicalDeviceRGBA10X6FormatsFeaturesEXT, VkPhysicalDeviceRasterizationOrderAttachmentAccessFeaturesEXT, VkPhysicalDeviceRayQueryFeaturesKHR, VkPhysicalDeviceRayTracingInvocationReorderFeaturesNV, VkPhysicalDeviceRayTracingMaintenance1FeaturesKHR, VkPhysicalDeviceRayTracingMotionBlurFeaturesNV, VkPhysicalDeviceRayTracingPipelineFeaturesKHR, VkPhysicalDeviceRayTracingPositionFetchFeaturesKHR, VkPhysicalDeviceRelaxedLineRasterizationFeaturesIMG, VkPhysicalDeviceRenderPassStripedFeaturesARM, VkPhysicalDeviceRepresentativeFragmentTestFeaturesNV, VkPhysicalDeviceRobustness2FeaturesEXT, VkPhysicalDeviceSamplerYcbcrConversionFeatures, VkPhysicalDeviceScalarBlockLayoutFeatures, VkPhysicalDeviceSchedulingControlsFeaturesARM, VkPhysicalDeviceSeparateDepthStencilLayoutsFeatures, VkPhysicalDeviceShaderAtomicFloat2FeaturesEXT, VkPhysicalDeviceShaderAtomicFloatFeaturesEXT, VkPhysicalDeviceShaderAtomicInt64Features, VkPhysicalDeviceShaderClockFeaturesKHR, VkPhysicalDeviceShaderCoreBuiltinsFeaturesARM, VkPhysicalDeviceShaderDemoteToHelperInvocationFeatures, VkPhysicalDeviceShaderDrawParametersFeatures, VkPhysicalDeviceShaderEarlyAndLateFragmentTestsFeaturesAMD, VkPhysicalDeviceShaderEnqueueFeaturesAMDX, VkPhysicalDeviceShaderFloat16Int8Features, VkPhysicalDeviceShaderImageAtomicInt64FeaturesEXT, VkPhysicalDeviceShaderImageFootprintFeaturesNV, VkPhysicalDeviceShaderIntegerDotProductFeatures, VkPhysicalDeviceShaderIntegerFunctions2FeaturesINTEL, VkPhysicalDeviceShaderModuleIdentifierFeaturesEXT, VkPhysicalDeviceShaderObjectFeaturesEXT, VkPhysicalDeviceShaderSMBuiltinsFeaturesNV, VkPhysicalDeviceShaderSubgroupExtendedTypesFeatures, VkPhysicalDeviceShaderSubgroupUniformControlFlowFeaturesKHR, VkPhysicalDeviceShaderTerminateInvocationFeatures, VkPhysicalDeviceShaderTileImageFeaturesEXT, VkPhysicalDeviceShadingRateImageFeaturesNV, VkPhysicalDeviceSubgroupSizeControlFeatures, VkPhysicalDeviceSubpassMergeFeedbackFeaturesEXT, VkPhysicalDeviceSubpassShadingFeaturesHUAWEI, VkPhysicalDeviceSwapchainMaintenance1FeaturesEXT, VkPhysicalDeviceSynchronization2Features, VkPhysicalDeviceTexelBufferAlignmentFeaturesEXT, VkPhysicalDeviceTextureCompressionASTCHDRFeatures, VkPhysicalDeviceTilePropertiesFeaturesQCOM, VkPhysicalDeviceTimelineSemaphoreFeatures, VkPhysicalDeviceTransformFeedbackFeaturesEXT, VkPhysicalDeviceUniformBufferStandardLayoutFeatures, VkPhysicalDeviceVariablePointersFeatures, VkPhysicalDeviceVertexAttributeDivisorFeaturesKHR, VkPhysicalDeviceVertexInputDynamicStateFeaturesEXT, VkPhysicalDeviceVideoMaintenance1FeaturesKHR, VkPhysicalDeviceVulkan11Features, VkPhysicalDeviceVulkan12Features, VkPhysicalDeviceVulkan13Features, VkPhysicalDeviceVulkanMemoryModelFeatures, VkPhysicalDeviceWorkgroupMemoryExplicitLayoutFeaturesKHR, VkPhysicalDeviceYcbcr2Plane444FormatsFeaturesEXT, VkPhysicalDeviceYcbcrDegammaFeaturesQCOM, VkPhysicalDeviceYcbcrImageArraysFeaturesEXT, or VkPhysicalDeviceZeroInitializeWorkgroupMemoryFeatures (https://www.khronos.org/registry/vulkan/specs/1.3-extensions/html/vkspec.html#VUID-VkDeviceCreateInfo-pNext-pNext)
    Objects: 0
Vulkan device: llvmpipe (LLVM 20.1.2, 256 bits)
overwrite built-in layer type SDPA
overwrite built-in layer type SDPA
overwrite built-in layer type SDPA
overwrite built-in layer type SDPA
{"configuration":"vulkan_fp32_dedicated","case":"prefill_decode_reuse","tokens":40,"steps":9,"hint":128,"key_backing_allocations":1,"value_backing_allocations":1,"max_abs_error":1.63912773e-07,"nrmse":9.37304907e-08,"atol":2e-05,"nrmse_limit":2e-05,"passed":true}
{"configuration":"vulkan_fp32_dedicated","case":"reset_and_growth","tokens":65,"steps":7,"hint":8,"key_backing_allocations":4,"value_backing_allocations":4,"max_abs_error":1.93715096e-07,"nrmse":9.84683559e-08,"atol":2e-05,"nrmse_limit":2e-05,"passed":true}
{"configuration":"vulkan_fp32_dedicated","case":"fresh_prompt_after_reset","tokens":9,"steps":3,"hint":16,"key_backing_allocations":1,"value_backing_allocations":1,"max_abs_error":1.49011612e-07,"nrmse":7.6337243e-08,"atol":2e-05,"nrmse_limit":2e-05,"passed":true}
{"configuration":"vulkan_fp32_default","case":"prefill_decode_reuse","tokens":40,"steps":9,"hint":128,"key_backing_allocations":9,"value_backing_allocations":9,"max_abs_error":1.63912773e-07,"nrmse":9.37304907e-08,"atol":2e-05,"nrmse_limit":2e-05,"passed":true}
{"configuration":"vulkan_fp32_default","case":"reset_and_growth","tokens":65,"steps":7,"hint":8,"key_backing_allocations":7,"value_backing_allocations":7,"max_abs_error":1.93715096e-07,"nrmse":9.84683559e-08,"atol":2e-05,"nrmse_limit":2e-05,"passed":true}
{"configuration":"vulkan_fp32_default","case":"fresh_prompt_after_reset","tokens":9,"steps":3,"hint":16,"key_backing_allocations":3,"value_backing_allocations":3,"max_abs_error":1.49011612e-07,"nrmse":7.6337243e-08,"atol":2e-05,"nrmse_limit":2e-05,"passed":true}
{"configuration":"vulkan_fp16_dedicated","case":"prefill_decode_reuse","tokens":40,"steps":9,"hint":128,"key_backing_allocations":1,"value_backing_allocations":1,"max_abs_error":0.000452399254,"nrmse":0.000265080742,"atol":0.002,"nrmse_limit":0.005,"passed":true}
{"configuration":"vulkan_fp16_dedicated","case":"reset_and_growth","tokens":65,"steps":7,"hint":8,"key_backing_allocations":4,"value_backing_allocations":4,"max_abs_error":0.000450193882,"nrmse":0.000272850849,"atol":0.002,"nrmse_limit":0.005,"passed":true}
{"configuration":"vulkan_fp16_dedicated","case":"fresh_prompt_after_reset","tokens":9,"steps":3,"hint":16,"key_backing_allocations":1,"value_backing_allocations":1,"max_abs_error":0.00044131279,"nrmse":0.000253928036,"atol":0.002,"nrmse_limit":0.005,"passed":true}
{"configuration":"vulkan_fp16_default","case":"prefill_decode_reuse","tokens":40,"steps":9,"hint":128,"key_backing_allocations":9,"value_backing_allocations":9,"max_abs_error":0.000452399254,"nrmse":0.000265080742,"atol":0.002,"nrmse_limit":0.005,"passed":true}
{"configuration":"vulkan_fp16_default","case":"reset_and_growth","tokens":65,"steps":7,"hint":8,"key_backing_allocations":7,"value_backing_allocations":7,"max_abs_error":0.000450193882,"nrmse":0.000272850849,"atol":0.002,"nrmse_limit":0.005,"passed":true}
{"configuration":"vulkan_fp16_default","case":"fresh_prompt_after_reset","tokens":9,"steps":3,"hint":16,"key_backing_allocations":3,"value_backing_allocations":3,"max_abs_error":0.00044131279,"nrmse":0.000253928036,"atol":0.002,"nrmse_limit":0.005,"passed":true}
SKIP: bf16 storage unavailable
</system-out>
	</testcase>
	<testcase name="attention_long_fp32_accuracy" classname="attention_long_fp32_accuracy" time="0.499687" status="fail">
		<failure message="Failed"/>
		<properties/>
		<system-out>[0 llvmpipe (LLVM 20.1.2, 256 bits)]  queueC=0[1]  queueT=0[1]  rebar=1  r-score=4
[0 llvmpipe (LLVM 20.1.2, 256 bits)]  fp16-p/s/u/a=1/1/1/1  int8-p/s/u/a=1/1/1/1  bf16-p/s=1/0
[0 llvmpipe (LLVM 20.1.2, 256 bits)]  subgroup=8(8~8)  ops=1/1/1/1/1/1/1/1/1/1
[0 llvmpipe (LLVM 20.1.2, 256 bits)]  fp16-cm=0  int8-cm=0  bf16-cm=0  fp8-cm=0  fp6-cm=0  fp4-cm=0
overwrite built-in layer type RMSNorm
overwrite built-in layer type LayerNorm
overwrite built-in layer type SDPA
VUID-VkDeviceCreateInfo-pNext-pNext(ERROR / SPEC): msgNum: -1876993556 - Validation Error: [ VUID-VkDeviceCreateInfo-pNext-pNext ] | MessageID = 0x901f59ec | vkCreateDevice(): pCreateInfo-&gt;pNext chain includes a structure with unknown VkStructureType (1000416000). This error is based on the Valid Usage documentation for version 275 of the Vulkan header.  It is possible that you are using a struct from a private extension or an extension that was added to a later version of the Vulkan header, in which case the use of pCreateInfo-&gt;pNext is undefined and may not work correctly with validation enabled. The Vulkan spec states: Each pNext member of any structure (including this one) in the pNext chain must be either NULL or a pointer to a valid instance of VkDeviceDeviceMemoryReportCreateInfoEXT, VkDeviceDiagnosticsConfigCreateInfoNV, VkDeviceGroupDeviceCreateInfo, VkDeviceMemoryOverallocationCreateInfoAMD, VkDevicePrivateDataCreateInfo, VkDeviceQueueShaderCoreControlCreateInfoARM, VkPhysicalDevice16BitStorageFeatures, VkPhysicalDevice4444FormatsFeaturesEXT, VkPhysicalDevice8BitStorageFeatures, VkPhysicalDeviceASTCDecodeFeaturesEXT, VkPhysicalDeviceAccelerationStructureFeaturesKHR, VkPhysicalDeviceAddressBindingReportFeaturesEXT, VkPhysicalDeviceAmigoProfilingFeaturesSEC, VkPhysicalDeviceAttachmentFeedbackLoopDynamicStateFeaturesEXT, VkPhysicalDeviceAttachmentFeedbackLoopLayoutFeaturesEXT, VkPhysicalDeviceBlendOperationAdvancedFeaturesEXT, VkPhysicalDeviceBorderColorSwizzleFeaturesEXT, VkPhysicalDeviceBufferDeviceAddressFeatures, VkPhysicalDeviceBufferDeviceAddressFeaturesEXT, VkPhysicalDeviceClusterCullingShaderFeaturesHUAWEI, VkPhysicalDeviceCoherentMemoryFeaturesAMD, VkPhysicalDeviceColorWriteEnableFeaturesEXT, VkPhysicalDeviceComputeShaderDerivativesFeaturesNV, VkPhysicalDeviceConditionalRenderingFeaturesEXT, VkPhysicalDeviceCooperativeMatrixFeaturesKHR, VkPhysicalDeviceCooperativeMatrixFeaturesNV, VkPhysicalDeviceCopyMemoryIndirectFeaturesNV, VkPhysicalDeviceCornerSampledImageFeaturesNV, VkPhysicalDeviceCoverageReductionModeFeaturesNV, VkPhysicalDeviceCubicClampFeaturesQCOM, VkPhysicalDeviceCubicWeightsFeaturesQCOM, VkPhysicalDeviceCudaKernelLaunchFeaturesNV, VkPhysicalDeviceCustomBorderColorFeaturesEXT, VkPhysicalDeviceDedicatedAllocationImageAliasingFeaturesNV, VkPhysicalDeviceDepthBiasControlFeaturesEXT, VkPhysicalDeviceDepthClampZeroOneFeaturesEXT, VkPhysicalDeviceDepthClipControlFeaturesEXT, VkPhysicalDeviceDepthClipEnableFeaturesEXT, VkPhysicalDeviceDescriptorBufferFeaturesEXT, VkPhysicalDeviceDescriptorIndexingFeatures, VkPhysicalDeviceDescriptorPoolOverallocationFeaturesNV, VkPhysicalDeviceDescriptorSetHostMappingFeaturesVALVE, VkPhysicalDeviceDeviceGeneratedCommandsComputeFeaturesNV, VkPhysicalDeviceDeviceGeneratedCommandsFeaturesNV, VkPhysicalDeviceDeviceMemoryReportFeaturesEXT, VkPhysicalDeviceDiagnosticsConfigFeaturesNV, VkPhysicalDeviceDisplacementMicromapFeaturesNV, VkPhysicalDeviceDynamicRenderingFeatures, VkPhysicalDeviceDynamicRenderingUnusedAttachmentsFeaturesEXT, VkPhysicalDeviceExclusiveScissorFeaturesNV, VkPhysicalDeviceExtendedDynamicState2FeaturesEXT, VkPhysicalDeviceExtendedDynamicState3FeaturesEXT, VkPhysicalDeviceExtendedDynamicStateFeaturesEXT, VkPhysicalDeviceExtendedSparseAddressSpaceFeaturesNV, VkPhysicalDeviceExternalFormatResolveFeaturesANDROID, VkPhysicalDeviceExternalMemoryRDMAFeaturesNV, VkPhysicalDeviceExternalMemoryScreenBufferFeaturesQNX, VkPhysicalDeviceFaultFeaturesEXT, VkPhysicalDeviceFeatures2, VkPhysicalDeviceFragmentDensityMap2FeaturesEXT, VkPhysicalDeviceFragmentDensityMapFeaturesEXT, VkPhysicalDeviceFragmentDensityMapOffsetFeaturesQCOM, VkPhysicalDeviceFragmentShaderBarycentricFeaturesKHR, VkPhysicalDeviceFragmentShaderInterlockFeaturesEXT, VkPhysicalDeviceFragmentShadingRateEnumsFeaturesNV, VkPhysicalDeviceFragmentShadingRateFeaturesKHR, VkPhysicalDeviceFrameBoundaryFeaturesEXT, VkPhysicalDeviceGlobalPriorityQueryFeaturesKHR, VkPhysicalDeviceGraphicsPipelineLibraryFeaturesEXT, VkPhysicalDeviceHostImageCopyFeaturesEXT, VkPhysicalDeviceHostQueryResetFeatures, VkPhysicalDeviceImage2DViewOf3DFeaturesEXT, VkPhysicalDeviceImageCompressionControlFeaturesEXT, VkPhysicalDeviceImageCompressionControlSwapchainFeaturesEXT, VkPhysicalDeviceImageProcessing2FeaturesQCOM, VkPhysicalDeviceImageProcessingFeaturesQCOM, VkPhysicalDeviceImageRobustnessFeatures, VkPhysicalDeviceImageSlicedViewOf3DFeaturesEXT, VkPhysicalDeviceImageViewMinLodFeaturesEXT, VkPhysicalDeviceImagelessFramebufferFeatures, VkPhysicalDeviceIndexTypeUint8FeaturesEXT, VkPhysicalDeviceInheritedViewportScissorFeaturesNV, VkPhysicalDeviceInlineUniformBlockFeatures, VkPhysicalDeviceInvocationMaskFeaturesHUAWEI, VkPhysicalDeviceLegacyDitheringFeaturesEXT, VkPhysicalDeviceLineRasterizationFeaturesEXT, VkPhysicalDeviceLinearColorAttachmentFeaturesNV, VkPhysicalDeviceMaintenance4Features, VkPhysicalDeviceMaintenance5FeaturesKHR, VkPhysicalDeviceMaintenance6FeaturesKHR, VkPhysicalDeviceMemoryDecompressionFeaturesNV, VkPhysicalDeviceMemoryPriorityFeaturesEXT, VkPhysicalDeviceMeshShaderFeaturesEXT, VkPhysicalDeviceMeshShaderFeaturesNV, VkPhysicalDeviceMultiDrawFeaturesEXT, VkPhysicalDeviceMultisampledRenderToSingleSampledFeaturesEXT, VkPhysicalDeviceMultiviewFeatures, VkPhysicalDeviceMultiviewPerViewRenderAreasFeaturesQCOM, VkPhysicalDeviceMultiviewPerViewViewportsFeaturesQCOM, VkPhysicalDeviceMutableDescriptorTypeFeaturesEXT, VkPhysicalDeviceNestedCommandBufferFeaturesEXT, VkPhysicalDeviceNonSeamlessCubeMapFeaturesEXT, VkPhysicalDeviceOpacityMicromapFeaturesEXT, VkPhysicalDeviceOpticalFlowFeaturesNV, VkPhysicalDevicePageableDeviceLocalMemoryFeaturesEXT, VkPhysicalDevicePerStageDescriptorSetFeaturesNV, VkPhysicalDevicePerformanceQueryFeaturesKHR, VkPhysicalDevicePipelineCreationCacheControlFeatures, VkPhysicalDevicePipelineExecutablePropertiesFeaturesKHR, VkPhysicalDevicePipelineLibraryGroupHandlesFeaturesEXT, VkPhysicalDevicePipelinePropertiesFeaturesEXT, VkPhysicalDevicePipelineProtectedAccessFeaturesEXT, VkPhysicalDevicePipelineRobustnessFeaturesEXT, VkPhysicalDevicePortabilitySubsetFeaturesKHR, VkPhysicalDevicePresentBarrierFeaturesNV, VkPhysicalDevicePresentIdFeaturesKHR, VkPhysicalDevicePresentWaitFeaturesKHR, VkPhysicalDevicePrimitiveTopologyListRestartFeaturesEXT, VkPhysicalDevicePrimitivesGeneratedQueryFeaturesEXT, VkPhysicalDevicePrivateDataFeatures, VkPhysicalDeviceProtectedMemoryFeatures, VkPhysicalDeviceProvokingVertexFeaturesEXT, VkPhysicalDeviceRGBA10X6FormatsFeaturesEXT, VkPhysicalDeviceRasterizationOrderAttachmentAccessFeaturesEXT, VkPhysicalDeviceRayQueryFeaturesKHR, VkPhysicalDeviceRayTracingInvocationReorderFeaturesNV, VkPhysicalDeviceRayTracingMaintenance1FeaturesKHR, VkPhysicalDeviceRayTracingMotionBlurFeaturesNV, VkPhysicalDeviceRayTracingPipelineFeaturesKHR, VkPhysicalDeviceRayTracingPositionFetchFeaturesKHR, VkPhysicalDeviceRelaxedLineRasterizationFeaturesIMG, VkPhysicalDeviceRenderPassStripedFeaturesARM, VkPhysicalDeviceRepresentativeFragmentTestFeaturesNV, VkPhysicalDeviceRobustness2FeaturesEXT, VkPhysicalDeviceSamplerYcbcrConversionFeatures, VkPhysicalDeviceScalarBlockLayoutFeatures, VkPhysicalDeviceSchedulingControlsFeaturesARM, VkPhysicalDeviceSeparateDepthStencilLayoutsFeatures, VkPhysicalDeviceShaderAtomicFloat2FeaturesEXT, VkPhysicalDeviceShaderAtomicFloatFeaturesEXT, VkPhysicalDeviceShaderAtomicInt64Features, VkPhysicalDeviceShaderClockFeaturesKHR, VkPhysicalDeviceShaderCoreBuiltinsFeaturesARM, VkPhysicalDeviceShaderDemoteToHelperInvocationFeatures, VkPhysicalDeviceShaderDrawParametersFeatures, VkPhysicalDeviceShaderEarlyAndLateFragmentTestsFeaturesAMD, VkPhysicalDeviceShaderEnqueueFeaturesAMDX, VkPhysicalDeviceShaderFloat16Int8Features, VkPhysicalDeviceShaderImageAtomicInt64FeaturesEXT, VkPhysicalDeviceShaderImageFootprintFeaturesNV, VkPhysicalDeviceShaderIntegerDotProductFeatures, VkPhysicalDeviceShaderIntegerFunctions2FeaturesINTEL, VkPhysicalDeviceShaderModuleIdentifierFeaturesEXT, VkPhysicalDeviceShaderObjectFeaturesEXT, VkPhysicalDeviceShaderSMBuiltinsFeaturesNV, VkPhysicalDeviceShaderSubgroupExtendedTypesFeatures, VkPhysicalDeviceShaderSubgroupUniformControlFlowFeaturesKHR, VkPhysicalDeviceShaderTerminateInvocationFeatures, VkPhysicalDeviceShaderTileImageFeaturesEXT, VkPhysicalDeviceShadingRateImageFeaturesNV, VkPhysicalDeviceSubgroupSizeControlFeatures, VkPhysicalDeviceSubpassMergeFeedbackFeaturesEXT, VkPhysicalDeviceSubpassShadingFeaturesHUAWEI, VkPhysicalDeviceSwapchainMaintenance1FeaturesEXT, VkPhysicalDeviceSynchronization2Features, VkPhysicalDeviceTexelBufferAlignmentFeaturesEXT, VkPhysicalDeviceTextureCompressionASTCHDRFeatures, VkPhysicalDeviceTilePropertiesFeaturesQCOM, VkPhysicalDeviceTimelineSemaphoreFeatures, VkPhysicalDeviceTransformFeedbackFeaturesEXT, VkPhysicalDeviceUniformBufferStandardLayoutFeatures, VkPhysicalDeviceVariablePointersFeatures, VkPhysicalDeviceVertexAttributeDivisorFeaturesKHR, VkPhysicalDeviceVertexInputDynamicStateFeaturesEXT, VkPhysicalDeviceVideoMaintenance1FeaturesKHR, VkPhysicalDeviceVulkan11Features, VkPhysicalDeviceVulkan12Features, VkPhysicalDeviceVulkan13Features, VkPhysicalDeviceVulkanMemoryModelFeatures, VkPhysicalDeviceWorkgroupMemoryExplicitLayoutFeaturesKHR, VkPhysicalDeviceYcbcr2Plane444FormatsFeaturesEXT, VkPhysicalDeviceYcbcrDegammaFeaturesQCOM, VkPhysicalDeviceYcbcrImageArraysFeaturesEXT, or VkPhysicalDeviceZeroInitializeWorkgroupMemoryFeatures (https://www.khronos.org/registry/vulkan/specs/1.3-extensions/html/vkspec.html#VUID-VkDeviceCreateInfo-pNext-pNext)
    Objects: 0
VUID-VkDeviceCreateInfo-pNext-pNext(ERROR / SPEC): msgNum: -1876993556 - Validation Error: [ VUID-VkDeviceCreateInfo-pNext-pNext ] | MessageID = 0x901f59ec | vkCreateDevice(): pCreateInfo-&gt;pNext chain includes a structure with unknown VkStructureType (1000528000). This error is based on the Valid Usage documentation for version 275 of the Vulkan header.  It is possible that you are using a struct from a private extension or an extension that was added to a later version of the Vulkan header, in which case the use of pCreateInfo-&gt;pNext is undefined and may not work correctly with validation enabled. The Vulkan spec states: Each pNext member of any structure (including this one) in the pNext chain must be either NULL or a pointer to a valid instance of VkDeviceDeviceMemoryReportCreateInfoEXT, VkDeviceDiagnosticsConfigCreateInfoNV, VkDeviceGroupDeviceCreateInfo, VkDeviceMemoryOverallocationCreateInfoAMD, VkDevicePrivateDataCreateInfo, VkDeviceQueueShaderCoreControlCreateInfoARM, VkPhysicalDevice16BitStorageFeatures, VkPhysicalDevice4444FormatsFeaturesEXT, VkPhysicalDevice8BitStorageFeatures, VkPhysicalDeviceASTCDecodeFeaturesEXT, VkPhysicalDeviceAccelerationStructureFeaturesKHR, VkPhysicalDeviceAddressBindingReportFeaturesEXT, VkPhysicalDeviceAmigoProfilingFeaturesSEC, VkPhysicalDeviceAttachmentFeedbackLoopDynamicStateFeaturesEXT, VkPhysicalDeviceAttachmentFeedbackLoopLayoutFeaturesEXT, VkPhysicalDeviceBlendOperationAdvancedFeaturesEXT, VkPhysicalDeviceBorderColorSwizzleFeaturesEXT, VkPhysicalDeviceBufferDeviceAddressFeatures, VkPhysicalDeviceBufferDeviceAddressFeaturesEXT, VkPhysicalDeviceClusterCullingShaderFeaturesHUAWEI, VkPhysicalDeviceCoherentMemoryFeaturesAMD, VkPhysicalDeviceColorWriteEnableFeaturesEXT, VkPhysicalDeviceComputeShaderDerivativesFeaturesNV, VkPhysicalDeviceConditionalRenderingFeaturesEXT, VkPhysicalDeviceCooperativeMatrixFeaturesKHR, VkPhysicalDeviceCooperativeMatrixFeaturesNV, VkPhysicalDeviceCopyMemoryIndirectFeaturesNV, VkPhysicalDeviceCornerSampledImageFeaturesNV, VkPhysicalDeviceCoverageReductionModeFeaturesNV, VkPhysicalDeviceCubicClampFeaturesQCOM, VkPhysicalDeviceCubicWeightsFeaturesQCOM, VkPhysicalDeviceCudaKernelLaunchFeaturesNV, VkPhysicalDeviceCustomBorderColorFeaturesEXT, VkPhysicalDeviceDedicatedAllocationImageAliasingFeaturesNV, VkPhysicalDeviceDepthBiasControlFeaturesEXT, VkPhysicalDeviceDepthClampZeroOneFeaturesEXT, VkPhysicalDeviceDepthClipControlFeaturesEXT, VkPhysicalDeviceDepthClipEnableFeaturesEXT, VkPhysicalDeviceDescriptorBufferFeaturesEXT, VkPhysicalDeviceDescriptorIndexingFeatures, VkPhysicalDeviceDescriptorPoolOverallocationFeaturesNV, VkPhysicalDeviceDescriptorSetHostMappingFeaturesVALVE, VkPhysicalDeviceDeviceGeneratedCommandsComputeFeaturesNV, VkPhysicalDeviceDeviceGeneratedCommandsFeaturesNV, VkPhysicalDeviceDeviceMemoryReportFeaturesEXT, VkPhysicalDeviceDiagnosticsConfigFeaturesNV, VkPhysicalDeviceDisplacementMicromapFeaturesNV, VkPhysicalDeviceDynamicRenderingFeatures, VkPhysicalDeviceDynamicRenderingUnusedAttachmentsFeaturesEXT, VkPhysicalDeviceExclusiveScissorFeaturesNV, VkPhysicalDeviceExtendedDynamicState2FeaturesEXT, VkPhysicalDeviceExtendedDynamicState3FeaturesEXT, VkPhysicalDeviceExtendedDynamicStateFeaturesEXT, VkPhysicalDeviceExtendedSparseAddressSpaceFeaturesNV, VkPhysicalDeviceExternalFormatResolveFeaturesANDROID, VkPhysicalDeviceExternalMemoryRDMAFeaturesNV, VkPhysicalDeviceExternalMemoryScreenBufferFeaturesQNX, VkPhysicalDeviceFaultFeaturesEXT, VkPhysicalDeviceFeatures2, VkPhysicalDeviceFragmentDensityMap2FeaturesEXT, VkPhysicalDeviceFragmentDensityMapFeaturesEXT, VkPhysicalDeviceFragmentDensityMapOffsetFeaturesQCOM, VkPhysicalDeviceFragmentShaderBarycentricFeaturesKHR, VkPhysicalDeviceFragmentShaderInterlockFeaturesEXT, VkPhysicalDeviceFragmentShadingRateEnumsFeaturesNV, VkPhysicalDeviceFragmentShadingRateFeaturesKHR, VkPhysicalDeviceFrameBoundaryFeaturesEXT, VkPhysicalDeviceGlobalPriorityQueryFeaturesKHR, VkPhysicalDeviceGraphicsPipelineLibraryFeaturesEXT, VkPhysicalDeviceHostImageCopyFeaturesEXT, VkPhysicalDeviceHostQueryResetFeatures, VkPhysicalDeviceImage2DViewOf3DFeaturesEXT, VkPhysicalDeviceImageCompressionControlFeaturesEXT, VkPhysicalDeviceImageCompressionControlSwapchainFeaturesEXT, VkPhysicalDeviceImageProcessing2FeaturesQCOM, VkPhysicalDeviceImageProcessingFeaturesQCOM, VkPhysicalDeviceImageRobustnessFeatures, VkPhysicalDeviceImageSlicedViewOf3DFeaturesEXT, VkPhysicalDeviceImageViewMinLodFeaturesEXT, VkPhysicalDeviceImagelessFramebufferFeatures, VkPhysicalDeviceIndexTypeUint8FeaturesEXT, VkPhysicalDeviceInheritedViewportScissorFeaturesNV, VkPhysicalDeviceInlineUniformBlockFeatures, VkPhysicalDeviceInvocationMaskFeaturesHUAWEI, VkPhysicalDeviceLegacyDitheringFeaturesEXT, VkPhysicalDeviceLineRasterizationFeaturesEXT, VkPhysicalDeviceLinearColorAttachmentFeaturesNV, VkPhysicalDeviceMaintenance4Features, VkPhysicalDeviceMaintenance5FeaturesKHR, VkPhysicalDeviceMaintenance6FeaturesKHR, VkPhysicalDeviceMemoryDecompressionFeaturesNV, VkPhysicalDeviceMemoryPriorityFeaturesEXT, VkPhysicalDeviceMeshShaderFeaturesEXT, VkPhysicalDeviceMeshShaderFeaturesNV, VkPhysicalDeviceMultiDrawFeaturesEXT, VkPhysicalDeviceMultisampledRenderToSingleSampledFeaturesEXT, VkPhysicalDeviceMultiviewFeatures, VkPhysicalDeviceMultiviewPerViewRenderAreasFeaturesQCOM, VkPhysicalDeviceMultiviewPerViewViewportsFeaturesQCOM, VkPhysicalDeviceMutableDescriptorTypeFeaturesEXT, VkPhysicalDeviceNestedCommandBufferFeaturesEXT, VkPhysicalDeviceNonSeamlessCubeMapFeaturesEXT, VkPhysicalDeviceOpacityMicromapFeaturesEXT, VkPhysicalDeviceOpticalFlowFeaturesNV, VkPhysicalDevicePageableDeviceLocalMemoryFeaturesEXT, VkPhysicalDevicePerStageDescriptorSetFeaturesNV, VkPhysicalDevicePerformanceQueryFeaturesKHR, VkPhysicalDevicePipelineCreationCacheControlFeatures, VkPhysicalDevicePipelineExecutablePropertiesFeaturesKHR, VkPhysicalDevicePipelineLibraryGroupHandlesFeaturesEXT, VkPhysicalDevicePipelinePropertiesFeaturesEXT, VkPhysicalDevicePipelineProtectedAccessFeaturesEXT, VkPhysicalDevicePipelineRobustnessFeaturesEXT, VkPhysicalDevicePortabilitySubsetFeaturesKHR, VkPhysicalDevicePresentBarrierFeaturesNV, VkPhysicalDevicePresentIdFeaturesKHR, VkPhysicalDevicePresentWaitFeaturesKHR, VkPhysicalDevicePrimitiveTopologyListRestartFeaturesEXT, VkPhysicalDevicePrimitivesGeneratedQueryFeaturesEXT, VkPhysicalDevicePrivateDataFeatures, VkPhysicalDeviceProtectedMemoryFeatures, VkPhysicalDeviceProvokingVertexFeaturesEXT, VkPhysicalDeviceRGBA10X6FormatsFeaturesEXT, VkPhysicalDeviceRasterizationOrderAttachmentAccessFeaturesEXT, VkPhysicalDeviceRayQueryFeaturesKHR, VkPhysicalDeviceRayTracingInvocationReorderFeaturesNV, VkPhysicalDeviceRayTracingMaintenance1FeaturesKHR, VkPhysicalDeviceRayTracingMotionBlurFeaturesNV, VkPhysicalDeviceRayTracingPipelineFeaturesKHR, VkPhysicalDeviceRayTracingPositionFetchFeaturesKHR, VkPhysicalDeviceRelaxedLineRasterizationFeaturesIMG, VkPhysicalDeviceRenderPassStripedFeaturesARM, VkPhysicalDeviceRepresentativeFragmentTestFeaturesNV, VkPhysicalDeviceRobustness2FeaturesEXT, VkPhysicalDeviceSamplerYcbcrConversionFeatures, VkPhysicalDeviceScalarBlockLayoutFeatures, VkPhysicalDeviceSchedulingControlsFeaturesARM, VkPhysicalDeviceSeparateDepthStencilLayoutsFeatures, VkPhysicalDeviceShaderAtomicFloat2FeaturesEXT, VkPhysicalDeviceShaderAtomicFloatFeaturesEXT, VkPhysicalDeviceShaderAtomicInt64Features, VkPhysicalDeviceShaderClockFeaturesKHR, VkPhysicalDeviceShaderCoreBuiltinsFeaturesARM, VkPhysicalDeviceShaderDemoteToHelperInvocationFeatures, VkPhysicalDeviceShaderDrawParametersFeatures, VkPhysicalDeviceShaderEarlyAndLateFragmentTestsFeaturesAMD, VkPhysicalDeviceShaderEnqueueFeaturesAMDX, VkPhysicalDeviceShaderFloat16Int8Features, VkPhysicalDeviceShaderImageAtomicInt64FeaturesEXT, VkPhysicalDeviceShaderImageFootprintFeaturesNV, VkPhysicalDeviceShaderIntegerDotProductFeatures, VkPhysicalDeviceShaderIntegerFunctions2FeaturesINTEL, VkPhysicalDeviceShaderModuleIdentifierFeaturesEXT, VkPhysicalDeviceShaderObjectFeaturesEXT, VkPhysicalDeviceShaderSMBuiltinsFeaturesNV, VkPhysicalDeviceShaderSubgroupExtendedTypesFeatures, VkPhysicalDeviceShaderSubgroupUniformControlFlowFeaturesKHR, VkPhysicalDeviceShaderTerminateInvocationFeatures, VkPhysicalDeviceShaderTileImageFeaturesEXT, VkPhysicalDeviceShadingRateImageFeaturesNV, VkPhysicalDeviceSubgroupSizeControlFeatures, VkPhysicalDeviceSubpassMergeFeedbackFeaturesEXT, VkPhysicalDeviceSubpassShadingFeaturesHUAWEI, VkPhysicalDeviceSwapchainMaintenance1FeaturesEXT, VkPhysicalDeviceSynchronization2Features, VkPhysicalDeviceTexelBufferAlignmentFeaturesEXT, VkPhysicalDeviceTextureCompressionASTCHDRFeatures, VkPhysicalDeviceTilePropertiesFeaturesQCOM, VkPhysicalDeviceTimelineSemaphoreFeatures, VkPhysicalDeviceTransformFeedbackFeaturesEXT, VkPhysicalDeviceUniformBufferStandardLayoutFeatures, VkPhysicalDeviceVariablePointersFeatures, VkPhysicalDeviceVertexAttributeDivisorFeaturesKHR, VkPhysicalDeviceVertexInputDynamicStateFeaturesEXT, VkPhysicalDeviceVideoMaintenance1FeaturesKHR, VkPhysicalDeviceVulkan11Features, VkPhysicalDeviceVulkan12Features, VkPhysicalDeviceVulkan13Features, VkPhysicalDeviceVulkanMemoryModelFeatures, VkPhysicalDeviceWorkgroupMemoryExplicitLayoutFeaturesKHR, VkPhysicalDeviceYcbcr2Plane444FormatsFeaturesEXT, VkPhysicalDeviceYcbcrDegammaFeaturesQCOM, VkPhysicalDeviceYcbcrImageArraysFeaturesEXT, or VkPhysicalDeviceZeroInitializeWorkgroupMemoryFeatures (https://www.khronos.org/registry/vulkan/specs/1.3-extensions/html/vkspec.html#VUID-VkDeviceCreateInfo-pNext-pNext)
    Objects: 0
{"scope":"FP32 long attention, FP64 oracle and constant preservation","keys":4160,"max_abs_error":5.96046447754e-08,"constant_error":5.96046447754e-08,"nrmse":1.91916761306e-08,"passed":true}
</system-out>
	</testcase>
	<testcase name="attention_bounded_workspace" classname="attention_bounded_workspace" time="6.06326" status="fail">
		<failure message="Failed"/>
		<properties/>
		<system-out>[0 llvmpipe (LLVM 20.1.2, 256 bits)]  queueC=0[1]  queueT=0[1]  rebar=1  r-score=4
[0 llvmpipe (LLVM 20.1.2, 256 bits)]  fp16-p/s/u/a=1/1/1/1  int8-p/s/u/a=1/1/1/1  bf16-p/s=1/0
[0 llvmpipe (LLVM 20.1.2, 256 bits)]  subgroup=8(8~8)  ops=1/1/1/1/1/1/1/1/1/1
[0 llvmpipe (LLVM 20.1.2, 256 bits)]  fp16-cm=0  int8-cm=0  bf16-cm=0  fp8-cm=0  fp6-cm=0  fp4-cm=0
VUID-VkDeviceCreateInfo-pNext-pNext(ERROR / SPEC): msgNum: -1876993556 - Validation Error: [ VUID-VkDeviceCreateInfo-pNext-pNext ] | MessageID = 0x901f59ec | vkCreateDevice(): pCreateInfo-&gt;pNext chain includes a structure with unknown VkStructureType (1000416000). This error is based on the Valid Usage documentation for version 275 of the Vulkan header.  It is possible that you are using a struct from a private extension or an extension that was added to a later version of the Vulkan header, in which case the use of pCreateInfo-&gt;pNext is undefined and may not work correctly with validation enabled. The Vulkan spec states: Each pNext member of any structure (including this one) in the pNext chain must be either NULL or a pointer to a valid instance of VkDeviceDeviceMemoryReportCreateInfoEXT, VkDeviceDiagnosticsConfigCreateInfoNV, VkDeviceGroupDeviceCreateInfo, VkDeviceMemoryOverallocationCreateInfoAMD, VkDevicePrivateDataCreateInfo, VkDeviceQueueShaderCoreControlCreateInfoARM, VkPhysicalDevice16BitStorageFeatures, VkPhysicalDevice4444FormatsFeaturesEXT, VkPhysicalDevice8BitStorageFeatures, VkPhysicalDeviceASTCDecodeFeaturesEXT, VkPhysicalDeviceAccelerationStructureFeaturesKHR, VkPhysicalDeviceAddressBindingReportFeaturesEXT, VkPhysicalDeviceAmigoProfilingFeaturesSEC, VkPhysicalDeviceAttachmentFeedbackLoopDynamicStateFeaturesEXT, VkPhysicalDeviceAttachmentFeedbackLoopLayoutFeaturesEXT, VkPhysicalDeviceBlendOperationAdvancedFeaturesEXT, VkPhysicalDeviceBorderColorSwizzleFeaturesEXT, VkPhysicalDeviceBufferDeviceAddressFeatures, VkPhysicalDeviceBufferDeviceAddressFeaturesEXT, VkPhysicalDeviceClusterCullingShaderFeaturesHUAWEI, VkPhysicalDeviceCoherentMemoryFeaturesAMD, VkPhysicalDeviceColorWriteEnableFeaturesEXT, VkPhysicalDeviceComputeShaderDerivativesFeaturesNV, VkPhysicalDeviceConditionalRenderingFeaturesEXT, VkPhysicalDeviceCooperativeMatrixFeaturesKHR, VkPhysicalDeviceCooperativeMatrixFeaturesNV, VkPhysicalDeviceCopyMemoryIndirectFeaturesNV, VkPhysicalDeviceCornerSampledImageFeaturesNV, VkPhysicalDeviceCoverageReductionModeFeaturesNV, VkPhysicalDeviceCubicClampFeaturesQCOM, VkPhysicalDeviceCubicWeightsFeaturesQCOM, VkPhysicalDeviceCudaKernelLaunchFeaturesNV, VkPhysicalDeviceCustomBorderColorFeaturesEXT, VkPhysicalDeviceDedicatedAllocationImageAliasingFeaturesNV, VkPhysicalDeviceDepthBiasControlFeaturesEXT, VkPhysicalDeviceDepthClampZeroOneFeaturesEXT, VkPhysicalDeviceDepthClipControlFeaturesEXT, VkPhysicalDeviceDepthClipEnableFeaturesEXT, VkPhysicalDeviceDescriptorBufferFeaturesEXT, VkPhysicalDeviceDescriptorIndexingFeatures, VkPhysicalDeviceDescriptorPoolOverallocationFeaturesNV, VkPhysicalDeviceDescriptorSetHostMappingFeaturesVALVE, VkPhysicalDeviceDeviceGeneratedCommandsComputeFeaturesNV, VkPhysicalDeviceDeviceGeneratedCommandsFeaturesNV, VkPhysicalDeviceDeviceMemoryReportFeaturesEXT, VkPhysicalDeviceDiagnosticsConfigFeaturesNV, VkPhysicalDeviceDisplacementMicromapFeaturesNV, VkPhysicalDeviceDynamicRenderingFeatures, VkPhysicalDeviceDynamicRenderingUnusedAttachmentsFeaturesEXT, VkPhysicalDeviceExclusiveScissorFeaturesNV, VkPhysicalDeviceExtendedDynamicState2FeaturesEXT, VkPhysicalDeviceExtendedDynamicState3FeaturesEXT, VkPhysicalDeviceExtendedDynamicStateFeaturesEXT, VkPhysicalDeviceExtendedSparseAddressSpaceFeaturesNV, VkPhysicalDeviceExternalFormatResolveFeaturesANDROID, VkPhysicalDeviceExternalMemoryRDMAFeaturesNV, VkPhysicalDeviceExternalMemoryScreenBufferFeaturesQNX, VkPhysicalDeviceFaultFeaturesEXT, VkPhysicalDeviceFeatures2, VkPhysicalDeviceFragmentDensityMap2FeaturesEXT, VkPhysicalDeviceFragmentDensityMapFeaturesEXT, VkPhysicalDeviceFragmentDensityMapOffsetFeaturesQCOM, VkPhysicalDeviceFragmentShaderBarycentricFeaturesKHR, VkPhysicalDeviceFragmentShaderInterlockFeaturesEXT, VkPhysicalDeviceFragmentShadingRateEnumsFeaturesNV, VkPhysicalDeviceFragmentShadingRateFeaturesKHR, VkPhysicalDeviceFrameBoundaryFeaturesEXT, VkPhysicalDeviceGlobalPriorityQueryFeaturesKHR, VkPhysicalDeviceGraphicsPipelineLibraryFeaturesEXT, VkPhysicalDeviceHostImageCopyFeaturesEXT, VkPhysicalDeviceHostQueryResetFeatures, VkPhysicalDeviceImage2DViewOf3DFeaturesEXT, VkPhysicalDeviceImageCompressionControlFeaturesEXT, VkPhysicalDeviceImageCompressionControlSwapchainFeaturesEXT, VkPhysicalDeviceImageProcessing2FeaturesQCOM, VkPhysicalDeviceImageProcessingFeaturesQCOM, VkPhysicalDeviceImageRobustnessFeatures, VkPhysicalDeviceImageSlicedViewOf3DFeaturesEXT, VkPhysicalDeviceImageViewMinLodFeaturesEXT, VkPhysicalDeviceImagelessFramebufferFeatures, VkPhysicalDeviceIndexTypeUint8FeaturesEXT, VkPhysicalDeviceInheritedViewportScissorFeaturesNV, VkPhysicalDeviceInlineUniformBlockFeatures, VkPhysicalDeviceInvocationMaskFeaturesHUAWEI, VkPhysicalDeviceLegacyDitheringFeaturesEXT, VkPhysicalDeviceLineRasterizationFeaturesEXT, VkPhysicalDeviceLinearColorAttachmentFeaturesNV, VkPhysicalDeviceMaintenance4Features, VkPhysicalDeviceMaintenance5FeaturesKHR, VkPhysicalDeviceMaintenance6FeaturesKHR, VkPhysicalDeviceMemoryDecompressionFeaturesNV, VkPhysicalDeviceMemoryPriorityFeaturesEXT, VkPhysicalDeviceMeshShaderFeaturesEXT, VkPhysicalDeviceMeshShaderFeaturesNV, VkPhysicalDeviceMultiDrawFeaturesEXT, VkPhysicalDeviceMultisampledRenderToSingleSampledFeaturesEXT, VkPhysicalDeviceMultiviewFeatures, VkPhysicalDeviceMultiviewPerViewRenderAreasFeaturesQCOM, VkPhysicalDeviceMultiviewPerViewViewportsFeaturesQCOM, VkPhysicalDeviceMutableDescriptorTypeFeaturesEXT, VkPhysicalDeviceNestedCommandBufferFeaturesEXT, VkPhysicalDeviceNonSeamlessCubeMapFeaturesEXT, VkPhysicalDeviceOpacityMicromapFeaturesEXT, VkPhysicalDeviceOpticalFlowFeaturesNV, VkPhysicalDevicePageableDeviceLocalMemoryFeaturesEXT, VkPhysicalDevicePerStageDescriptorSetFeaturesNV, VkPhysicalDevicePerformanceQueryFeaturesKHR, VkPhysicalDevicePipelineCreationCacheControlFeatures, VkPhysicalDevicePipelineExecutablePropertiesFeaturesKHR, VkPhysicalDevicePipelineLibraryGroupHandlesFeaturesEXT, VkPhysicalDevicePipelinePropertiesFeaturesEXT, VkPhysicalDevicePipelineProtectedAccessFeaturesEXT, VkPhysicalDevicePipelineRobustnessFeaturesEXT, VkPhysicalDevicePortabilitySubsetFeaturesKHR, VkPhysicalDevicePresentBarrierFeaturesNV, VkPhysicalDevicePresentIdFeaturesKHR, VkPhysicalDevicePresentWaitFeaturesKHR, VkPhysicalDevicePrimitiveTopologyListRestartFeaturesEXT, VkPhysicalDevicePrimitivesGeneratedQueryFeaturesEXT, VkPhysicalDevicePrivateDataFeatures, VkPhysicalDeviceProtectedMemoryFeatures, VkPhysicalDeviceProvokingVertexFeaturesEXT, VkPhysicalDeviceRGBA10X6FormatsFeaturesEXT, VkPhysicalDeviceRasterizationOrderAttachmentAccessFeaturesEXT, VkPhysicalDeviceRayQueryFeaturesKHR, VkPhysicalDeviceRayTracingInvocationReorderFeaturesNV, VkPhysicalDeviceRayTracingMaintenance1FeaturesKHR, VkPhysicalDeviceRayTracingMotionBlurFeaturesNV, VkPhysicalDeviceRayTracingPipelineFeaturesKHR, VkPhysicalDeviceRayTracingPositionFetchFeaturesKHR, VkPhysicalDeviceRelaxedLineRasterizationFeaturesIMG, VkPhysicalDeviceRenderPassStripedFeaturesARM, VkPhysicalDeviceRepresentativeFragmentTestFeaturesNV, VkPhysicalDeviceRobustness2FeaturesEXT, VkPhysicalDeviceSamplerYcbcrConversionFeatures, VkPhysicalDeviceScalarBlockLayoutFeatures, VkPhysicalDeviceSchedulingControlsFeaturesARM, VkPhysicalDeviceSeparateDepthStencilLayoutsFeatures, VkPhysicalDeviceShaderAtomicFloat2FeaturesEXT, VkPhysicalDeviceShaderAtomicFloatFeaturesEXT, VkPhysicalDeviceShaderAtomicInt64Features, VkPhysicalDeviceShaderClockFeaturesKHR, VkPhysicalDeviceShaderCoreBuiltinsFeaturesARM, VkPhysicalDeviceShaderDemoteToHelperInvocationFeatures, VkPhysicalDeviceShaderDrawParametersFeatures, VkPhysicalDeviceShaderEarlyAndLateFragmentTestsFeaturesAMD, VkPhysicalDeviceShaderEnqueueFeaturesAMDX, VkPhysicalDeviceShaderFloat16Int8Features, VkPhysicalDeviceShaderImageAtomicInt64FeaturesEXT, VkPhysicalDeviceShaderImageFootprintFeaturesNV, VkPhysicalDeviceShaderIntegerDotProductFeatures, VkPhysicalDeviceShaderIntegerFunctions2FeaturesINTEL, VkPhysicalDeviceShaderModuleIdentifierFeaturesEXT, VkPhysicalDeviceShaderObjectFeaturesEXT, VkPhysicalDeviceShaderSMBuiltinsFeaturesNV, VkPhysicalDeviceShaderSubgroupExtendedTypesFeatures, VkPhysicalDeviceShaderSubgroupUniformControlFlowFeaturesKHR, VkPhysicalDeviceShaderTerminateInvocationFeatures, VkPhysicalDeviceShaderTileImageFeaturesEXT, VkPhysicalDeviceShadingRateImageFeaturesNV, VkPhysicalDeviceSubgroupSizeControlFeatures, VkPhysicalDeviceSubpassMergeFeedbackFeaturesEXT, VkPhysicalDeviceSubpassShadingFeaturesHUAWEI, VkPhysicalDeviceSwapchainMaintenance1FeaturesEXT, VkPhysicalDeviceSynchronization2Features, VkPhysicalDeviceTexelBufferAlignmentFeaturesEXT, VkPhysicalDeviceTextureCompressionASTCHDRFeatures, VkPhysicalDeviceTilePropertiesFeaturesQCOM, VkPhysicalDeviceTimelineSemaphoreFeatures, VkPhysicalDeviceTransformFeedbackFeaturesEXT, VkPhysicalDeviceUniformBufferStandardLayoutFeatures, VkPhysicalDeviceVariablePointersFeatures, VkPhysicalDeviceVertexAttributeDivisorFeaturesKHR, VkPhysicalDeviceVertexInputDynamicStateFeaturesEXT, VkPhysicalDeviceVideoMaintenance1FeaturesKHR, VkPhysicalDeviceVulkan11Features, VkPhysicalDeviceVulkan12Features, VkPhysicalDeviceVulkan13Features, VkPhysicalDeviceVulkanMemoryModelFeatures, VkPhysicalDeviceWorkgroupMemoryExplicitLayoutFeaturesKHR, VkPhysicalDeviceYcbcr2Plane444FormatsFeaturesEXT, VkPhysicalDeviceYcbcrDegammaFeaturesQCOM, VkPhysicalDeviceYcbcrImageArraysFeaturesEXT, or VkPhysicalDeviceZeroInitializeWorkgroupMemoryFeatures (https://www.khronos.org/registry/vulkan/specs/1.3-extensions/html/vkspec.html#VUID-VkDeviceCreateInfo-pNext-pNext)
    Objects: 0
[...]
ctureFeaturesKHR, VkPhysicalDeviceAddressBindingReportFeaturesEXT, VkPhysicalDeviceAmigoProfilingFeaturesSEC, VkPhysicalDeviceAttachmentFeedbackLoopDynamicStateFeaturesEXT, VkPhysicalDeviceAttachmentFeedbackLoopLayoutFeaturesEXT, VkPhysicalDeviceBlendOperationAdvancedFeaturesEXT, VkPhysicalDeviceBorderColorSwizzleFeaturesEXT, VkPhysicalDeviceBufferDeviceAddressFeatures, VkPhysicalDeviceBufferDeviceAddressFeaturesEXT, VkPhysicalDeviceClusterCullingShaderFeaturesHUAWEI, VkPhysicalDeviceCoherentMemoryFeaturesAMD, VkPhysicalDeviceColorWriteEnableFeaturesEXT, VkPhysicalDeviceComputeShaderDerivativesFeaturesNV, VkPhysicalDeviceConditionalRenderingFeaturesEXT, VkPhysicalDeviceCooperativeMatrixFeaturesKHR, VkPhysicalDeviceCooperativeMatrixFeaturesNV, VkPhysicalDeviceCopyMemoryIndirectFeaturesNV, VkPhysicalDeviceCornerSampledImageFeaturesNV, VkPhysicalDeviceCoverageReductionModeFeaturesNV, VkPhysicalDeviceCubicClampFeaturesQCOM, VkPhysicalDeviceCubicWeightsFeaturesQCOM, VkPhysicalDeviceCudaKernelLaunchFeaturesNV, VkPhysicalDeviceCustomBorderColorFeaturesEXT, VkPhysicalDeviceDedicatedAllocationImageAliasingFeaturesNV, VkPhysicalDeviceDepthBiasControlFeaturesEXT, VkPhysicalDeviceDepthClampZeroOneFeaturesEXT, VkPhysicalDeviceDepthClipControlFeaturesEXT, VkPhysicalDeviceDepthClipEnableFeaturesEXT, VkPhysicalDeviceDescriptorBufferFeaturesEXT, VkPhysicalDeviceDescriptorIndexingFeatures, VkPhysicalDeviceDescriptorPoolOverallocationFeaturesNV, VkPhysicalDeviceDescriptorSetHostMappingFeaturesVALVE, VkPhysicalDeviceDeviceGeneratedCommandsComputeFeaturesNV, VkPhysicalDeviceDeviceGeneratedCommandsFeaturesNV, VkPhysicalDeviceDeviceMemoryReportFeaturesEXT, VkPhysicalDeviceDiagnosticsConfigFeaturesNV, VkPhysicalDeviceDisplacementMicromapFeaturesNV, VkPhysicalDeviceDynamicRenderingFeatures, VkPhysicalDeviceDynamicRenderingUnusedAttachmentsFeaturesEXT, VkPhysicalDeviceExclusiveScissorFeaturesNV, VkPhysicalDeviceExtendedDynamicState2FeaturesEXT, VkPhysicalDeviceExtendedDynamicState3FeaturesEXT, VkPhysicalDeviceExtendedDynamicStateFeaturesEXT, VkPhysicalDeviceExtendedSparseAddressSpaceFeaturesNV, VkPhysicalDeviceExternalFormatResolveFeaturesANDROID, VkPhysicalDeviceExternalMemoryRDMAFeaturesNV, VkPhysicalDeviceExternalMemoryScreenBufferFeaturesQNX, VkPhysicalDeviceFaultFeaturesEXT, VkPhysicalDeviceFeatures2, VkPhysicalDeviceFragmentDensityMap2FeaturesEXT, VkPhysicalDeviceFragmentDensityMapFeaturesEXT, VkPhysicalDeviceFragmentDensityMapOffsetFeaturesQCOM, VkPhysicalDeviceFragmentShaderBarycentricFeaturesKHR, VkPhysicalDeviceFragmentShaderInterlockFeaturesEXT, VkPhysicalDeviceFragmentShadingRateEnumsFeaturesNV, VkPhysicalDeviceFragmentShadingRateFeaturesKHR, VkPhysicalDeviceFrameBoundaryFeaturesEXT, VkPhysicalDeviceGlobalPriorityQueryFeaturesKHR, VkPhysicalDeviceGraphicsPipelineLibraryFeaturesEXT, VkPhysicalDeviceHostImageCopyFeaturesEXT, VkPhysicalDeviceHostQueryResetFeatures, VkPhysicalDeviceImage2DViewOf3DFeaturesEXT, VkPhysicalDeviceImageCompressionControlFeaturesEXT, VkPhysicalDeviceImageCompressionControlSwapchainFeaturesEXT, VkPhysicalDeviceImageProcessing2FeaturesQCOM, VkPhysicalDeviceImageProcessingFeaturesQCOM, VkPhysicalDeviceImageRobustnessFeatures, VkPhysicalDeviceImageSlicedViewOf3DFeaturesEXT, VkPhysicalDeviceImageViewMinLodFeaturesEXT, VkPhysicalDeviceImagelessFramebufferFeatures, VkPhysicalDeviceIndexTypeUint8FeaturesEXT, VkPhysicalDeviceInheritedViewportScissorFeaturesNV, VkPhysicalDeviceInlineUniformBlockFeatures, VkPhysicalDeviceInvocationMaskFeaturesHUAWEI, VkPhysicalDeviceLegacyDitheringFeaturesEXT, VkPhysicalDeviceLineRasterizationFeaturesEXT, VkPhysicalDeviceLinearColorAttachmentFeaturesNV, VkPhysicalDeviceMaintenance4Features, VkPhysicalDeviceMaintenance5FeaturesKHR, VkPhysicalDeviceMaintenance6FeaturesKHR, VkPhysicalDeviceMemoryDecompressionFeaturesNV, VkPhysicalDeviceMemoryPriorityFeaturesEXT, VkPhysicalDeviceMeshShaderFeaturesEXT, VkPhysicalDeviceMeshShaderFeaturesNV, VkPhysicalDeviceMultiDrawFeaturesEXT, VkPhysicalDeviceMultisampledRenderToSingleSampledFeaturesEXT, VkPhysicalDeviceMultiviewFeatures, VkPhysicalDeviceMultiviewPerViewRenderAreasFeaturesQCOM, VkPhysicalDeviceMultiviewPerViewViewportsFeaturesQCOM, VkPhysicalDeviceMutableDescriptorTypeFeaturesEXT, VkPhysicalDeviceNestedCommandBufferFeaturesEXT, VkPhysicalDeviceNonSeamlessCubeMapFeaturesEXT, VkPhysicalDeviceOpacityMicromapFeaturesEXT, VkPhysicalDeviceOpticalFlowFeaturesNV, VkPhysicalDevicePageableDeviceLocalMemoryFeaturesEXT, VkPhysicalDevicePerStageDescriptorSetFeaturesNV, VkPhysicalDevicePerformanceQueryFeaturesKHR, VkPhysicalDevicePipelineCreationCacheControlFeatures, VkPhysicalDevicePipelineExecutablePropertiesFeaturesKHR, VkPhysicalDevicePipelineLibraryGroupHandlesFeaturesEXT, VkPhysicalDevicePipelinePropertiesFeaturesEXT, VkPhysicalDevicePipelineProtectedAccessFeaturesEXT, VkPhysicalDevicePipelineRobustnessFeaturesEXT, VkPhysicalDevicePortabilitySubsetFeaturesKHR, VkPhysicalDevicePresentBarrierFeaturesNV, VkPhysicalDevicePresentIdFeaturesKHR, VkPhysicalDevicePresentWaitFeaturesKHR, VkPhysicalDevicePrimitiveTopologyListRestartFeaturesEXT, VkPhysicalDevicePrimitivesGeneratedQueryFeaturesEXT, VkPhysicalDevicePrivateDataFeatures, VkPhysicalDeviceProtectedMemoryFeatures, VkPhysicalDeviceProvokingVertexFeaturesEXT, VkPhysicalDeviceRGBA10X6FormatsFeaturesEXT, VkPhysicalDeviceRasterizationOrderAttachmentAccessFeaturesEXT, VkPhysicalDeviceRayQueryFeaturesKHR, VkPhysicalDeviceRayTracingInvocationReorderFeaturesNV, VkPhysicalDeviceRayTracingMaintenance1FeaturesKHR, VkPhysicalDeviceRayTracingMotionBlurFeaturesNV, VkPhysicalDeviceRayTracingPipelineFeaturesKHR, VkPhysicalDeviceRayTracingPositionFetchFeaturesKHR, VkPhysicalDeviceRelaxedLineRasterizationFeaturesIMG, VkPhysicalDeviceRenderPassStripedFeaturesARM, VkPhysicalDeviceRepresentativeFragmentTestFeaturesNV, VkPhysicalDeviceRobustness2FeaturesEXT, VkPhysicalDeviceSamplerYcbcrConversionFeatures, VkPhysicalDeviceScalarBlockLayoutFeatures, VkPhysicalDeviceSchedulingControlsFeaturesARM, VkPhysicalDeviceSeparateDepthStencilLayoutsFeatures, VkPhysicalDeviceShaderAtomicFloat2FeaturesEXT, VkPhysicalDeviceShaderAtomicFloatFeaturesEXT, VkPhysicalDeviceShaderAtomicInt64Features, VkPhysicalDeviceShaderClockFeaturesKHR, VkPhysicalDeviceShaderCoreBuiltinsFeaturesARM, VkPhysicalDeviceShaderDemoteToHelperInvocationFeatures, VkPhysicalDeviceShaderDrawParametersFeatures, VkPhysicalDeviceShaderEarlyAndLateFragmentTestsFeaturesAMD, VkPhysicalDeviceShaderEnqueueFeaturesAMDX, VkPhysicalDeviceShaderFloat16Int8Features, VkPhysicalDeviceShaderImageAtomicInt64FeaturesEXT, VkPhysicalDeviceShaderImageFootprintFeaturesNV, VkPhysicalDeviceShaderIntegerDotProductFeatures, VkPhysicalDeviceShaderIntegerFunctions2FeaturesINTEL, VkPhysicalDeviceShaderModuleIdentifierFeaturesEXT, VkPhysicalDeviceShaderObjectFeaturesEXT, VkPhysicalDeviceShaderSMBuiltinsFeaturesNV, VkPhysicalDeviceShaderSubgroupExtendedTypesFeatures, VkPhysicalDeviceShaderSubgroupUniformControlFlowFeaturesKHR, VkPhysicalDeviceShaderTerminateInvocationFeatures, VkPhysicalDeviceShaderTileImageFeaturesEXT, VkPhysicalDeviceShadingRateImageFeaturesNV, VkPhysicalDeviceSubgroupSizeControlFeatures, VkPhysicalDeviceSubpassMergeFeedbackFeaturesEXT, VkPhysicalDeviceSubpassShadingFeaturesHUAWEI, VkPhysicalDeviceSwapchainMaintenance1FeaturesEXT, VkPhysicalDeviceSynchronization2Features, VkPhysicalDeviceTexelBufferAlignmentFeaturesEXT, VkPhysicalDeviceTextureCompressionASTCHDRFeatures, VkPhysicalDeviceTilePropertiesFeaturesQCOM, VkPhysicalDeviceTimelineSemaphoreFeatures, VkPhysicalDeviceTransformFeedbackFeaturesEXT, VkPhysicalDeviceUniformBufferStandardLayoutFeatures, VkPhysicalDeviceVariablePointersFeatures, VkPhysicalDeviceVertexAttributeDivisorFeaturesKHR, VkPhysicalDeviceVertexInputDynamicStateFeaturesEXT, VkPhysicalDeviceVideoMaintenance1FeaturesKHR, VkPhysicalDeviceVulkan11Features, VkPhysicalDeviceVulkan12Features, VkPhysicalDeviceVulkan13Features, VkPhysicalDeviceVulkanMemoryModelFeatures, VkPhysicalDeviceWorkgroupMemoryExplicitLayoutFeaturesKHR, VkPhysicalDeviceYcbcr2Plane444FormatsFeaturesEXT, VkPhysicalDeviceYcbcrDegammaFeaturesQCOM, VkPhysicalDeviceYcbcrImageArraysFeaturesEXT, or VkPhysicalDeviceZeroInitializeWorkgroupMemoryFeatures (https://www.khronos.org/registry/vulkan/specs/1.3-extensions/html/vkspec.html#VUID-VkDeviceCreateInfo-pNext-pNext)
    Objects: 0
overwrite built-in layer type RMSNorm
overwrite built-in layer type LayerNorm
overwrite built-in layer type SDPA
overwrite built-in layer type RMSNorm
overwrite built-in layer type LayerNorm
overwrite built-in layer type SDPA
overwrite built-in layer type RMSNorm
overwrite built-in layer type LayerNorm
overwrite built-in layer type SDPA
overwrite built-in layer type RMSNorm
overwrite built-in layer type LayerNorm
overwrite built-in layer type SDPA
overwrite built-in layer type RMSNorm
overwrite built-in layer type LayerNorm
overwrite built-in layer type SDPA
overwrite built-in layer type RMSNorm
overwrite built-in layer type LayerNorm
overwrite built-in layer type SDPA
overwrite built-in layer type RMSNorm
overwrite built-in layer type LayerNorm
overwrite built-in layer type SDPA
overwrite built-in layer type RMSNorm
overwrite built-in layer type LayerNorm
overwrite built-in layer type SDPA
overwrite built-in layer type RMSNorm
overwrite built-in layer type LayerNorm
overwrite built-in layer type SDPA
overwrite built-in layer type RMSNorm
overwrite built-in layer type LayerNorm
overwrite built-in layer type SDPA
overwrite built-in layer type RMSNorm
overwrite built-in layer type LayerNorm
overwrite built-in layer type SDPA
overwrite built-in layer type RMSNorm
overwrite built-in layer type LayerNorm
overwrite built-in layer type SDPA
overwrite built-in layer type RMSNorm
overwrite built-in layer type LayerNorm
overwrite built-in layer type SDPA
overwrite built-in layer type RMSNorm
overwrite built-in layer type LayerNorm
overwrite built-in layer type SDPA
overwrite built-in layer type RMSNorm
overwrite built-in layer type LayerNorm
overwrite built-in layer type SDPA
overwrite built-in layer type RMSNorm
overwrite built-in layer type LayerNorm
overwrite built-in layer type SDPA
overwrite built-in layer type RMSNorm
overwrite built-in layer type LayerNorm
overwrite built-in layer type SDPA
overwrite built-in layer type RMSNorm
overwrite built-in layer type LayerNorm
overwrite built-in layer type SDPA
overwrite built-in layer type RMSNorm
overwrite built-in layer type LayerNorm
overwrite built-in layer type SDPA
overwrite built-in layer type RMSNorm
overwrite built-in layer type LayerNorm
overwrite built-in layer type SDPA
overwrite built-in layer type RMSNorm
overwrite built-in layer type LayerNorm
overwrite built-in layer type SDPA
overwrite built-in layer type RMSNorm
overwrite built-in layer type LayerNorm
overwrite built-in layer type SDPA
overwrite built-in layer type RMSNorm
overwrite built-in layer type LayerNorm
overwrite built-in layer type SDPA
overwrite built-in layer type RMSNorm
overwrite built-in layer type LayerNorm
overwrite built-in layer type SDPA
overwrite built-in layer type RMSNorm
overwrite built-in layer type LayerNorm
overwrite built-in layer type SDPA
overwrite built-in layer type RMSNorm
overwrite built-in layer type LayerNorm
overwrite built-in layer type SDPA
overwrite built-in layer type RMSNorm
overwrite built-in layer type LayerNorm
overwrite built-in layer type SDPA
overwrite built-in layer type RMSNorm
overwrite built-in layer type LayerNorm
overwrite built-in layer type SDPA
overwrite built-in layer type RMSNorm
overwrite built-in layer type LayerNorm
overwrite built-in layer type SDPA
overwrite built-in layer type RMSNorm
overwrite built-in layer type LayerNorm
overwrite built-in layer type SDPA
overwrite built-in layer type RMSNorm
overwrite built-in layer type LayerNorm
overwrite built-in layer type SDPA
overwrite built-in layer type RMSNorm
overwrite built-in layer type LayerNorm
overwrite built-in layer type SDPA
overwrite built-in layer type RMSNorm
overwrite built-in layer type LayerNorm
overwrite built-in layer type SDPA
param is too old, please regenerate
overwrite built-in layer type RMSNorm
overwrite built-in layer type LayerNorm
overwrite built-in layer type SDPA
overwrite built-in layer type RMSNorm
overwrite built-in layer type LayerNorm
overwrite built-in layer type SDPA
overwrite built-in layer type RMSNorm
overwrite built-in layer type LayerNorm
overwrite built-in layer type SDPA
overwrite built-in layer type RMSNorm
overwrite built-in layer type LayerNorm
overwrite built-in layer type SDPA
overwrite built-in layer type RMSNorm
overwrite built-in layer type LayerNorm
overwrite built-in layer type SDPA
overwrite built-in layer type RMSNorm
overwrite built-in layer type LayerNorm
overwrite built-in layer type SDPA
overwrite built-in layer type RMSNorm
overwrite built-in layer type LayerNorm
overwrite built-in layer type SDPA
overwrite built-in layer type RMSNorm
overwrite built-in layer type LayerNorm
overwrite built-in layer type SDPA
overwrite built-in layer type RMSNorm
overwrite built-in layer type LayerNorm
overwrite built-in layer type SDPA
overwrite built-in layer type RMSNorm
overwrite built-in layer type LayerNorm
overwrite built-in layer type SDPA
overwrite built-in layer type RMSNorm
overwrite built-in layer type LayerNorm
overwrite built-in layer type SDPA
overwrite built-in layer type RMSNorm
overwrite built-in layer type LayerNorm
overwrite built-in layer type SDPA
overwrite built-in layer type RMSNorm
overwrite built-in layer type LayerNorm
overwrite built-in layer type SDPA
overwrite built-in layer type RMSNorm
overwrite built-in layer type LayerNorm
overwrite built-in layer type SDPA
overwrite built-in layer type RMSNorm
overwrite built-in layer type LayerNorm
overwrite built-in layer type SDPA
overwrite built-in layer type RMSNorm
overwrite built-in layer type LayerNorm
overwrite built-in layer type SDPA
overwrite built-in layer type RMSNorm
overwrite built-in layer type LayerNorm
overwrite built-in layer type SDPA
overwrite built-in layer type RMSNorm
overwrite built-in layer type LayerNorm
overwrite built-in layer type SDPA
overwrite built-in layer type RMSNorm
overwrite built-in layer type LayerNorm
overwrite built-in layer type SDPA
overwrite built-in layer type RMSNorm
overwrite built-in layer type LayerNorm
overwrite built-in layer type SDPA
overwrite built-in layer type RMSNorm
overwrite built-in layer type LayerNorm
overwrite built-in layer type SDPA
overwrite built-in layer type RMSNorm
overwrite built-in layer type LayerNorm
overwrite built-in layer type SDPA
overwrite built-in layer type RMSNorm
overwrite built-in layer type LayerNorm
overwrite built-in layer type SDPA
overwrite built-in layer type RMSNorm
overwrite built-in layer type LayerNorm
overwrite built-in layer type SDPA
overwrite built-in layer type RMSNorm
overwrite built-in layer type LayerNorm
overwrite built-in layer type SDPA
overwrite built-in layer type RMSNorm
overwrite built-in layer type LayerNorm
overwrite built-in layer type SDPA
overwrite built-in layer type RMSNorm
overwrite built-in layer type LayerNorm
overwrite built-in layer type SDPA
overwrite built-in layer type RMSNorm
overwrite built-in layer type LayerNorm
overwrite built-in layer type SDPA
overwrite built-in layer type RMSNorm
overwrite built-in layer type LayerNorm
overwrite built-in layer type SDPA
overwrite built-in layer type RMSNorm
overwrite built-in layer type LayerNorm
overwrite built-in layer type SDPA
overwrite built-in layer type RMSNorm
overwrite built-in layer type LayerNorm
overwrite built-in layer type SDPA
overwrite built-in layer type RMSNorm
overwrite built-in layer type LayerNorm
overwrite built-in layer type SDPA
overwrite built-in layer type RMSNorm
overwrite built-in layer type LayerNorm
overwrite built-in layer type SDPA
overwrite built-in layer type RMSNorm
overwrite built-in layer type LayerNorm
overwrite built-in layer type SDPA
overwrite built-in layer type RMSNorm
overwrite built-in layer type LayerNorm
overwrite built-in layer type SDPA
overwrite built-in layer type RMSNorm
overwrite built-in layer type LayerNorm
overwrite built-in layer type SDPA
overwrite built-in layer type RMSNorm
overwrite built-in layer type LayerNorm
overwrite built-in layer type SDPA
overwrite built-in layer type RMSNorm
overwrite built-in layer type LayerNorm
overwrite built-in layer type SDPA
overwrite built-in layer type RMSNorm
overwrite built-in layer type LayerNorm
overwrite built-in layer type SDPA
overwrite built-in layer type RMSNorm
overwrite built-in layer type LayerNorm
overwrite built-in layer type SDPA
overwrite built-in layer type RMSNorm
overwrite built-in layer type LayerNorm
overwrite built-in layer type SDPA
overwrite built-in layer type RMSNorm
overwrite built-in layer type LayerNorm
overwrite built-in layer type SDPA
overwrite built-in layer type RMSNorm
overwrite built-in layer type LayerNorm
overwrite built-in layer type SDPA
overwrite built-in layer type RMSNorm
overwrite built-in layer type LayerNorm
overwrite built-in layer type SDPA
overwrite built-in layer type RMSNorm
overwrite built-in layer type LayerNorm
overwrite built-in layer type SDPA
overwrite built-in layer type RMSNorm
overwrite built-in layer type LayerNorm
overwrite built-in layer type SDPA
overwrite built-in layer type RMSNorm
overwrite built-in layer type LayerNorm
overwrite built-in layer type SDPA
overwrite built-in layer type RMSNorm
overwrite built-in layer type LayerNorm
overwrite built-in layer type SDPA
overwrite built-in layer type RMSNorm
overwrite built-in layer type LayerNorm
overwrite built-in layer type SDPA
overwrite built-in layer type RMSNorm
overwrite built-in layer type LayerNorm
overwrite built-in layer type SDPA
overwrite built-in layer type RMSNorm
overwrite built-in layer type LayerNorm
overwrite built-in layer type SDPA
overwrite built-in layer type RMSNorm
overwrite built-in layer type LayerNorm
overwrite built-in layer type SDPA
overwrite built-in layer type RMSNorm
overwrite built-in layer type LayerNorm
overwrite built-in layer type SDPA
overwrite built-in layer type RMSNorm
overwrite built-in layer type LayerNorm
overwrite built-in layer type SDPA
overwrite built-in layer type RMSNorm
overwrite built-in layer type LayerNorm
overwrite built-in layer type SDPA
overwrite built-in layer type RMSNorm
overwrite built-in layer type LayerNorm
overwrite built-in layer type SDPA
overwrite built-in layer type RMSNorm
overwrite built-in layer type LayerNorm
overwrite built-in layer type SDPA
overwrite built-in layer type RMSNorm
overwrite built-in layer type LayerNorm
overwrite built-in layer type SDPA
overwrite built-in layer type RMSNorm
overwrite built-in layer type LayerNorm
overwrite built-in layer type SDPA
overwrite built-in layer type RMSNorm
overwrite built-in layer type LayerNorm
overwrite built-in layer type SDPA
overwrite built-in layer type RMSNorm
overwrite built-in layer type LayerNorm
overwrite built-in layer type SDPA
overwrite built-in layer type RMSNorm
overwrite built-in layer type LayerNorm
overwrite built-in layer type SDPA
overwrite built-in layer type RMSNorm
overwrite built-in layer type LayerNorm
overwrite built-in layer type SDPA
overwrite built-in layer type RMSNorm
overwrite built-in layer type LayerNorm
overwrite built-in layer type SDPA
overwrite built-in layer type RMSNorm
overwrite built-in layer type LayerNorm
overwrite built-in layer type SDPA
overwrite built-in layer type RMSNorm
overwrite built-in layer type LayerNorm
overwrite built-in layer type SDPA
overwrite built-in layer type RMSNorm
overwrite built-in layer type LayerNorm
overwrite built-in layer type SDPA
Tiny host-weight probe charge=unverified/device-local
Prefetch: exact GEMM, bounded admission, current headroom, inspected residency, cache and unwind passed
Recovery: real Euler steps, exact resumed output, absolute schedule, bounded failures and fatal callbacks passed
</system-out>
	</testcase>
</testsuite>
