Start testing: Sep 09 15:21 UTC
----------------------------------------------------------
1/61 Testing: native_cache_cpu
1/61 Test: native_cache_cpu
Command: "/Users/runner/work/ernie-image-ncnn-vulkan/ernie-image-ncnn-vulkan/build/ernie-attention-probe" "--backend" "cpu"
Directory: /Users/runner/work/ernie-image-ncnn-vulkan/ernie-image-ncnn-vulkan/build/tests
"native_cache_cpu" start time: Sep 09 15:21 UTC
Output:
----------------------------------------------------------
{"ncnn_revision":"3b7bdba7fc8aea8fd46779533eee027df77c639d","q_heads":32,"kv_heads":8,"head_dim":128,"backend":"cpu","runtime_layer":false}
{"configuration":"cpu_fp32_dedicated","case":"prefill_decode_reuse","tokens":40,"steps":9,"hint":128,"key_backing_allocations":1,"value_backing_allocations":1,"max_abs_error":1.49011612e-07,"nrmse":9.25635868e-08,"atol":2e-05,"nrmse_limit":2e-05,"passed":true}
{"configuration":"cpu_fp32_dedicated","case":"reset_and_growth","tokens":65,"steps":7,"hint":8,"key_backing_allocations":4,"value_backing_allocations":4,"max_abs_error":1.78813934e-07,"nrmse":1.02750748e-07,"atol":2e-05,"nrmse_limit":2e-05,"passed":true}
{"configuration":"cpu_fp32_dedicated","case":"fresh_prompt_after_reset","tokens":9,"steps":3,"hint":16,"key_backing_allocations":1,"value_backing_allocations":1,"max_abs_error":1.34110451e-07,"nrmse":6.82074058e-08,"atol":2e-05,"nrmse_limit":2e-05,"passed":true}
{"configuration":"cpu_fp32_default","case":"prefill_decode_reuse","tokens":40,"steps":9,"hint":128,"key_backing_allocations":1,"value_backing_allocations":1,"max_abs_error":1.49011612e-07,"nrmse":9.25635868e-08,"atol":2e-05,"nrmse_limit":2e-05,"passed":true}
{"configuration":"cpu_fp32_default","case":"reset_and_growth","tokens":65,"steps":7,"hint":8,"key_backing_allocations":4,"value_backing_allocations":4,"max_abs_error":1.78813934e-07,"nrmse":1.02750748e-07,"atol":2e-05,"nrmse_limit":2e-05,"passed":true}
{"configuration":"cpu_fp32_default","case":"fresh_prompt_after_reset","tokens":9,"steps":3,"hint":16,"key_backing_allocations":1,"value_backing_allocations":1,"max_abs_error":1.34110451e-07,"nrmse":6.82074058e-08,"atol":2e-05,"nrmse_limit":2e-05,"passed":true}
<end of output>
Test time =   0.06 sec
----------------------------------------------------------
Test Passed.
"native_cache_cpu" end time: Sep 09 15:21 UTC
"native_cache_cpu" time elapsed: 00:00:00
----------------------------------------------------------

2/61 Testing: runtime_cache_cpu
2/61 Test: runtime_cache_cpu
Command: "/Users/runner/work/ernie-image-ncnn-vulkan/ernie-image-ncnn-vulkan/build/ernie-attention-probe" "--backend" "cpu" "--runtime-layer"
Directory: /Users/runner/work/ernie-image-ncnn-vulkan/ernie-image-ncnn-vulkan/build/tests
"runtime_cache_cpu" start time: Sep 09 15:21 UTC
Output:
----------------------------------------------------------
overwrite built-in layer type SDPA
overwrite built-in layer type SDPA
{"ncnn_revision":"3b7bdba7fc8aea8fd46779533eee027df77c639d","q_heads":32,"kv_heads":8,"head_dim":128,"backend":"cpu","runtime_layer":true}
{"configuration":"cpu_fp32_dedicated","case":"prefill_decode_reuse","tokens":40,"steps":9,"hint":128,"key_backing_allocations":1,"value_backing_allocations":1,"max_abs_error":1.49011612e-07,"nrmse":9.25635868e-08,"atol":2e-05,"nrmse_limit":2e-05,"passed":true}
{"configuration":"cpu_fp32_dedicated","case":"reset_and_growth","tokens":65,"steps":7,"hint":8,"key_backing_allocations":4,"value_backing_allocations":4,"max_abs_error":1.78813934e-07,"nrmse":1.02750748e-07,"atol":2e-05,"nrmse_limit":2e-05,"passed":true}
{"configuration":"cpu_fp32_dedicated","case":"fresh_prompt_after_reset","tokens":9,"steps":3,"hint":16,"key_backing_allocations":1,"value_backing_allocations":1,"max_abs_error":1.34110451e-07,"nrmse":6.82074058e-08,"atol":2e-05,"nrmse_limit":2e-05,"passed":true}
{"configuration":"cpu_fp32_default","case":"prefill_decode_reuse","tokens":40,"steps":9,"hint":128,"key_backing_allocations":1,"value_backing_allocations":1,"max_abs_error":1.49011612e-07,"nrmse":9.25635868e-08,"atol":2e-05,"nrmse_limit":2e-05,"passed":true}
{"configuration":"cpu_fp32_default","case":"reset_and_growth","tokens":65,"steps":7,"hint":8,"key_backing_allocations":4,"value_backing_allocations":4,"max_abs_error":1.78813934e-07,"nrmse":1.02750748e-07,"atol":2e-05,"nrmse_limit":2e-05,"passed":true}
{"configuration":"cpu_fp32_default","case":"fresh_prompt_after_reset","tokens":9,"steps":3,"hint":16,"key_backing_allocations":1,"value_backing_allocations":1,"max_abs_error":1.34110451e-07,"nrmse":6.82074058e-08,"atol":2e-05,"nrmse_limit":2e-05,"passed":true}
<end of output>
Test time =   0.05 sec
----------------------------------------------------------
Test Passed.
"runtime_cache_cpu" end time: Sep 09 15:21 UTC
"runtime_cache_cpu" time elapsed: 00:00:00
----------------------------------------------------------

3/61 Testing: native_cache_vulkan
3/61 Test: native_cache_vulkan
Command: "/Users/runner/work/ernie-image-ncnn-vulkan/ernie-image-ncnn-vulkan/build/ernie-attention-probe" "--backend" "vulkan"
Directory: /Users/runner/work/ernie-image-ncnn-vulkan/ernie-image-ncnn-vulkan/build/tests
"native_cache_vulkan" start time: Sep 09 15:21 UTC
Output:
----------------------------------------------------------
[0 Apple Paravirtual device]  queueC=0[1]  queueT=0[1]  rebar=1  r-score=10
[0 Apple Paravirtual device]  fp16-p/s/u/a=1/1/1/1  int8-p/s/u/a=1/1/1/1  bf16-p/s=1/0
[0 Apple Paravirtual device]  subgroup=32(4~32)  ops=1/1/1/1/1/1/1/1/1/1
[0 Apple Paravirtual device]  fp16-cm=0  int8-cm=0  bf16-cm=0  fp8-cm=0  fp6-cm=0  fp4-cm=0
{"ncnn_revision":"3b7bdba7fc8aea8fd46779533eee027df77c639d","q_heads":32,"kv_heads":8,"head_dim":128,"backend":"vulkan","runtime_layer":false}
Vulkan device: Apple Paravirtual device
{"configuration":"vulkan_fp32_dedicated","case":"prefill_decode_reuse","tokens":40,"steps":9,"hint":128,"key_backing_allocations":1,"value_backing_allocations":1,"max_abs_error":1.78813934e-07,"nrmse":1.08608262e-07,"atol":2e-05,"nrmse_limit":2e-05,"passed":true}
{"configuration":"vulkan_fp32_dedicated","case":"reset_and_growth","tokens":65,"steps":7,"hint":8,"key_backing_allocations":4,"value_backing_allocations":4,"max_abs_error":1.78813934e-07,"nrmse":1.17903528e-07,"atol":2e-05,"nrmse_limit":2e-05,"passed":true}
{"configuration":"vulkan_fp32_dedicated","case":"fresh_prompt_after_reset","tokens":9,"steps":3,"hint":16,"key_backing_allocations":1,"value_backing_allocations":1,"max_abs_error":1.54599547e-07,"nrmse":7.54163321e-08,"atol":2e-05,"nrmse_limit":2e-05,"passed":true}
{"configuration":"vulkan_fp32_default","case":"prefill_decode_reuse","tokens":40,"steps":9,"hint":128,"key_backing_allocations":9,"value_backing_allocations":9,"max_abs_error":1.78813934e-07,"nrmse":1.08608262e-07,"atol":2e-05,"nrmse_limit":2e-05,"passed":true}
{"configuration":"vulkan_fp32_default","case":"reset_and_growth","tokens":65,"steps":7,"hint":8,"key_backing_allocations":7,"value_backing_allocations":7,"max_abs_error":1.78813934e-07,"nrmse":1.17903528e-07,"atol":2e-05,"nrmse_limit":2e-05,"passed":true}
{"configuration":"vulkan_fp32_default","case":"fresh_prompt_after_reset","tokens":9,"steps":3,"hint":16,"key_backing_allocations":3,"value_backing_allocations":3,"max_abs_error":1.54599547e-07,"nrmse":7.54163321e-08,"atol":2e-05,"nrmse_limit":2e-05,"passed":true}
{"configuration":"vulkan_fp16_dedicated","case":"prefill_decode_reuse","tokens":40,"steps":9,"hint":128,"key_backing_allocations":1,"value_backing_allocations":1,"max_abs_error":0.000452399254,"nrmse":0.0002650882,"atol":0.002,"nrmse_limit":0.005,"passed":true}
{"configuration":"vulkan_fp16_dedicated","case":"reset_and_growth","tokens":65,"steps":7,"hint":8,"key_backing_allocations":4,"value_backing_allocations":4,"max_abs_error":0.000450193882,"nrmse":0.000272842554,"atol":0.002,"nrmse_limit":0.005,"passed":true}
{"configuration":"vulkan_fp16_dedicated","case":"fresh_prompt_after_reset","tokens":9,"steps":3,"hint":16,"key_backing_allocations":1,"value_backing_allocations":1,"max_abs_error":0.00044131279,"nrmse":0.000253929169,"atol":0.002,"nrmse_limit":0.005,"passed":true}
{"configuration":"vulkan_fp16_default","case":"prefill_decode_reuse","tokens":40,"steps":9,"hint":128,"key_backing_allocations":9,"value_backing_allocations":9,"max_abs_error":0.000452399254,"nrmse":0.0002650882,"atol":0.002,"nrmse_limit":0.005,"passed":true}
{"configuration":"vulkan_fp16_default","case":"reset_and_growth","tokens":65,"steps":7,"hint":8,"key_backing_allocations":7,"value_backing_allocations":7,"max_abs_error":0.000450193882,"nrmse":0.000272842554,"atol":0.002,"nrmse_limit":0.005,"passed":true}
{"configuration":"vulkan_fp16_default","case":"fresh_prompt_after_reset","tokens":9,"steps":3,"hint":16,"key_backing_allocations":3,"value_backing_allocations":3,"max_abs_error":0.00044131279,"nrmse":0.000253929169,"atol":0.002,"nrmse_limit":0.005,"passed":true}
SKIP: bf16 storage unavailable
<end of output>
Test time =   5.76 sec
----------------------------------------------------------
Test Passed.
"native_cache_vulkan" end time: Sep 09 15:21 UTC
"native_cache_vulkan" time elapsed: 00:00:05
----------------------------------------------------------

4/61 Testing: runtime_cache_vulkan
4/61 Test: runtime_cache_vulkan
Command: "/Users/runner/work/ernie-image-ncnn-vulkan/ernie-image-ncnn-vulkan/build/ernie-attention-probe" "--backend" "vulkan" "--runtime-layer"
Directory: /Users/runner/work/ernie-image-ncnn-vulkan/ernie-image-ncnn-vulkan/build/tests
"runtime_cache_vulkan" start time: Sep 09 15:21 UTC
Output:
----------------------------------------------------------
[0 Apple Paravirtual device]  queueC=0[1]  queueT=0[1]  rebar=1  r-score=10
[0 Apple Paravirtual device]  fp16-p/s/u/a=1/1/1/1  int8-p/s/u/a=1/1/1/1  bf16-p/s=1/0
[0 Apple Paravirtual device]  subgroup=32(4~32)  ops=1/1/1/1/1/1/1/1/1/1
[0 Apple Paravirtual device]  fp16-cm=0  int8-cm=0  bf16-cm=0  fp8-cm=0  fp6-cm=0  fp4-cm=0
{"ncnn_revision":"3b7bdba7fc8aea8fd46779533eee027df77c639d","q_heads":32,"kv_heads":8,"head_dim":128,"backend":"vulkan","runtime_layer":true}
Vulkan device: Apple Paravirtual device
overwrite built-in layer type SDPA
overwrite built-in layer type SDPA
overwrite built-in layer type SDPA
overwrite built-in layer type SDPA
{"configuration":"vulkan_fp32_dedicated","case":"prefill_decode_reuse","tokens":40,"steps":9,"hint":128,"key_backing_allocations":1,"value_backing_allocations":1,"max_abs_error":1.1920929e-07,"nrmse":8.90268683e-08,"atol":2e-05,"nrmse_limit":2e-05,"passed":true}
{"configuration":"vulkan_fp32_dedicated","case":"reset_and_growth","tokens":65,"steps":7,"hint":8,"key_backing_allocations":4,"value_backing_allocations":4,"max_abs_error":1.78813934e-07,"nrmse":9.14150883e-08,"atol":2e-05,"nrmse_limit":2e-05,"passed":true}
{"configuration":"vulkan_fp32_dedicated","case":"fresh_prompt_after_reset","tokens":9,"steps":3,"hint":16,"key_backing_allocations":1,"value_backing_allocations":1,"max_abs_error":1.56462193e-07,"nrmse":7.35975624e-08,"atol":2e-05,"nrmse_limit":2e-05,"passed":true}
{"configuration":"vulkan_fp32_default","case":"prefill_decode_reuse","tokens":40,"steps":9,"hint":128,"key_backing_allocations":9,"value_backing_allocations":9,"max_abs_error":1.1920929e-07,"nrmse":8.90268683e-08,"atol":2e-05,"nrmse_limit":2e-05,"passed":true}
{"configuration":"vulkan_fp32_default","case":"reset_and_growth","tokens":65,"steps":7,"hint":8,"key_backing_allocations":7,"value_backing_allocations":7,"max_abs_error":1.78813934e-07,"nrmse":9.14150883e-08,"atol":2e-05,"nrmse_limit":2e-05,"passed":true}
{"configuration":"vulkan_fp32_default","case":"fresh_prompt_after_reset","tokens":9,"steps":3,"hint":16,"key_backing_allocations":3,"value_backing_allocations":3,"max_abs_error":1.56462193e-07,"nrmse":7.35975624e-08,"atol":2e-05,"nrmse_limit":2e-05,"passed":true}
{"configuration":"vulkan_fp16_dedicated","case":"prefill_decode_reuse","tokens":40,"steps":9,"hint":128,"key_backing_allocations":1,"value_backing_allocations":1,"max_abs_error":0.000452399254,"nrmse":0.0002650882,"atol":0.002,"nrmse_limit":0.005,"passed":true}
{"configuration":"vulkan_fp16_dedicated","case":"reset_and_growth","tokens":65,"steps":7,"hint":8,"key_backing_allocations":4,"value_backing_allocations":4,"max_abs_error":0.000450193882,"nrmse":0.000272842554,"atol":0.002,"nrmse_limit":0.005,"passed":true}
{"configuration":"vulkan_fp16_dedicated","case":"fresh_prompt_after_reset","tokens":9,"steps":3,"hint":16,"key_backing_allocations":1,"value_backing_allocations":1,"max_abs_error":0.00044131279,"nrmse":0.000253929169,"atol":0.002,"nrmse_limit":0.005,"passed":true}
{"configuration":"vulkan_fp16_default","case":"prefill_decode_reuse","tokens":40,"steps":9,"hint":128,"key_backing_allocations":9,"value_backing_allocations":9,"max_abs_error":0.000452399254,"nrmse":0.0002650882,"atol":0.002,"nrmse_limit":0.005,"passed":true}
{"configuration":"vulkan_fp16_default","case":"reset_and_growth","tokens":65,"steps":7,"hint":8,"key_backing_allocations":7,"value_backing_allocations":7,"max_abs_error":0.000450193882,"nrmse":0.000272842554,"atol":0.002,"nrmse_limit":0.005,"passed":true}
{"configuration":"vulkan_fp16_default","case":"fresh_prompt_after_reset","tokens":9,"steps":3,"hint":16,"key_backing_allocations":3,"value_backing_allocations":3,"max_abs_error":0.00044131279,"nrmse":0.000253929169,"atol":0.002,"nrmse_limit":0.005,"passed":true}
SKIP: bf16 storage unavailable
<end of output>
Test time =   3.34 sec
----------------------------------------------------------
Test Passed.
"runtime_cache_vulkan" end time: Sep 09 15:21 UTC
"runtime_cache_vulkan" time elapsed: 00:00:03
----------------------------------------------------------

5/61 Testing: attention_long_fp32_accuracy
5/61 Test: attention_long_fp32_accuracy
Command: "/Users/runner/work/ernie-image-ncnn-vulkan/ernie-image-ncnn-vulkan/build/ernie-attention-accuracy-probe"
Directory: /Users/runner/work/ernie-image-ncnn-vulkan/ernie-image-ncnn-vulkan/build/tests
"attention_long_fp32_accuracy" start time: Sep 09 15:21 UTC
Output:
----------------------------------------------------------
[0 Apple Paravirtual device]  queueC=0[1]  queueT=0[1]  rebar=1  r-score=10
[0 Apple Paravirtual device]  fp16-p/s/u/a=1/1/1/1  int8-p/s/u/a=1/1/1/1  bf16-p/s=1/0
[0 Apple Paravirtual device]  subgroup=32(4~32)  ops=1/1/1/1/1/1/1/1/1/1
[0 Apple Paravirtual device]  fp16-cm=0  int8-cm=0  bf16-cm=0  fp8-cm=0  fp6-cm=0  fp4-cm=0
overwrite built-in layer type RMSNorm
overwrite built-in layer type LayerNorm
overwrite built-in layer type SDPA
{"scope":"FP32 long attention, FP64 oracle and constant preservation","keys":4160,"max_abs_error":1.19209289551e-07,"constant_error":1.19209289551e-07,"nrmse":5.3419371737e-08,"passed":true}
<end of output>
Test time =   0.59 sec
----------------------------------------------------------
Test Passed.
"attention_long_fp32_accuracy" end time: Sep 09 15:21 UTC
"attention_long_fp32_accuracy" time elapsed: 00:00:00
----------------------------------------------------------

6/61 Testing: attention_bounded_workspace
6/61 Test: attention_bounded_workspace
Command: "/Users/runner/work/ernie-image-ncnn-vulkan/ernie-image-ncnn-vulkan/build/ernie-attention-workspace-probe"
Directory: /Users/runner/work/ernie-image-ncnn-vulkan/ernie-image-ncnn-vulkan/build/tests
"attention_bounded_workspace" start time: Sep 09 15:21 UTC
Output:
----------------------------------------------------------
[0 Apple Paravirtual device]  queueC=0[1]  queueT=0[1]  rebar=1  r-score=10
[0 Apple Paravirtual device]  fp16-p/s/u/a=1/1/1/1  int8-p/s/u/a=1/1/1/1  bf16-p/s=1/0
[0 Apple Paravirtual device]  subgroup=32(4~32)  ops=1/1/1/1/1/1/1/1/1/1
[0 Apple Paravirtual device]  fp16-cm=0  int8-cm=0  bf16-cm=0  fp8-cm=0  fp6-cm=0  fp4-cm=0
overwrite built-in layer type SDPA
overwrite built-in layer type SDPA
overwrite built-in layer type SDPA
overwrite built-in layer type SDPA
overwrite built-in layer type SDPA
overwrite built-in layer type SDPA
overwrite built-in layer type SDPA
overwrite built-in layer type SDPA
overwrite built-in layer type SDPA
overwrite built-in layer type SDPA
overwrite built-in layer type SDPA
overwrite built-in layer type SDPA
overwrite built-in layer type SDPA
overwrite built-in layer type SDPA
overwrite built-in layer type SDPA
overwrite built-in layer type SDPA
overwrite built-in layer type SDPA
overwrite built-in layer type SDPA
overwrite built-in layer type SDPA
overwrite built-in layer type SDPA
overwrite built-in layer type SDPA
overwrite built-in layer type SDPA
overwrite built-in layer type SDPA
overwrite built-in layer type SDPA
overwrite built-in layer type SDPA
overwrite built-in layer type SDPA
overwrite built-in layer type SDPA
overwrite built-in layer type SDPA
overwrite built-in layer type SDPA
overwrite built-in layer type SDPA
overwrite built-in layer type SDPA
overwrite built-in layer type SDPA
{"case":"shared-mask","queries":257,"keys":257,"query_rows":128,"kv_groups":2,"output_width":128,"mask_channels":1,"largest_workspace_request":263168,"internal_submissions":2,"matches_unsliced_exactly":true,"max_abs":1.19209289551e-07,"nrmse":5.26434519565e-08,"passed":true}
{"case":"per-head-mask","queries":257,"keys":193,"query_rows":128,"kv_groups":2,"output_width":64,"mask_channels":2,"largest_workspace_request":197632,"internal_submissions":2,"matches_unsliced_exactly":true,"max_abs":1.19209289551e-07,"nrmse":4.26482169914e-08,"passed":true}
{"case":"grouped-query-mask","queries":257,"keys":193,"query_rows":128,"kv_groups":1,"output_width":64,"mask_channels":2,"largest_workspace_request":197632,"internal_submissions":2,"matches_unsliced_exactly":true,"max_abs":1.19209289551e-07,"nrmse":4.65239773843e-08,"passed":true}
{"case":"grouped-query-no-mask","queries":257,"keys":193,"query_rows":128,"kv_groups":1,"output_width":64,"mask_channels":0,"largest_workspace_request":197632,"internal_submissions":2,"matches_unsliced_exactly":true,"max_abs":1.19209289551e-07,"nrmse":2.78452363643e-08,"passed":true}
{"case":"shared-mask","queries":257,"keys":257,"query_rows":64,"kv_groups":2,"output_width":128,"mask_channels":1,"largest_workspace_request":131584,"internal_submissions":4,"matches_unsliced_exactly":true,"max_abs":1.19209289551e-07,"nrmse":5.26434519565e-08,"passed":true}
{"case":"per-head-mask","queries":257,"keys":193,"query_rows":64,"kv_groups":2,"output_width":64,"mask_channels":2,"largest_workspace_request":98816,"internal_submissions":4,"matches_unsliced_exactly":true,"max_abs":1.19209289551e-07,"nrmse":4.26482169914e-08,"passed":true}
{"case":"grouped-query-mask","queries":257,"keys":193,"query_rows":64,"kv_groups":1,"output_width":64,"mask_channels":2,"largest_workspace_request":98816,"internal_submissions":4,"matches_unsliced_exactly":true,"max_abs":1.19209289551e-07,"nrmse":4.65239773843e-08,"passed":true}
{"case":"grouped-query-no-mask","queries":257,"keys":193,"query_rows":64,"kv_groups":1,"output_width":64,"mask_channels":0,"largest_workspace_request":98816,"internal_submissions":4,"matches_unsliced_exactly":true,"max_abs":1.19209289551e-07,"nrmse":2.78452363643e-08,"passed":true}
{"case":"shared-mask","queries":257,"keys":257,"query_rows":32,"kv_groups":2,"output_width":128,"mask_channels":1,"largest_workspace_request":65792,"internal_submissions":8,"matches_unsliced_exactly":true,"max_abs":1.19209289551e-07,"nrmse":5.26434519565e-08,"passed":true}
{"case":"per-head-mask","queries":257,"keys":193,"query_rows":32,"kv_groups":2,"output_width":64,"mask_channels":2,"largest_workspace_request":49408,"internal_submissions":8,"matches_unsliced_exactly":true,"max_abs":1.19209289551e-07,"nrmse":4.26482169914e-08,"passed":true}
{"case":"grouped-query-mask","queries":257,"keys":193,"query_rows":32,"kv_groups":1,"output_width":64,"mask_channels":2,"largest_workspace_request":49408,"internal_submissions":8,"matches_unsliced_exactly":true,"max_abs":1.19209289551e-07,"nrmse":4.65239773843e-08,"passed":true}
{"case":"grouped-query-no-mask","queries":257,"keys":193,"query_rows":32,"kv_groups":1,"output_width":64,"mask_channels":0,"largest_workspace_request":49408,"internal_submissions":8,"matches_unsliced_exactly":true,"max_abs":1.19209289551e-07,"nrmse":2.78452363643e-08,"passed":true}
{"case":"shared-mask","queries":257,"keys":257,"query_rows":16,"kv_groups":2,"output_width":128,"mask_channels":1,"largest_workspace_request":32896,"internal_submissions":16,"matches_unsliced_exactly":true,"max_abs":1.19209289551e-07,"nrmse":5.26434519565e-08,"passed":true}
{"case":"per-head-mask","queries":257,"keys":193,"query_rows":16,"kv_groups":2,"output_width":64,"mask_channels":2,"largest_workspace_request":24704,"internal_submissions":16,"matches_unsliced_exactly":true,"max_abs":1.19209289551e-07,"nrmse":4.26482169914e-08,"passed":true}
{"case":"grouped-query-mask","queries":257,"keys":193,"query_rows":16,"kv_groups":1,"output_width":64,"mask_channels":2,"largest_workspace_request":24704,"internal_submissions":16,"matches_unsliced_exactly":true,"max_abs":1.19209289551e-07,"nrmse":4.65239773843e-08,"passed":true}
{"case":"grouped-query-no-mask","queries":257,"keys":193,"query_rows":16,"kv_groups":1,"output_width":64,"mask_channels":0,"largest_workspace_request":24704,"internal_submissions":16,"matches_unsliced_exactly":true,"max_abs":1.19209289551e-07,"nrmse":2.78452363643e-08,"passed":true}
<end of output>
Test time =   8.77 sec
----------------------------------------------------------
Test Passed.
"attention_bounded_workspace" end time: Sep 09 15:21 UTC
"attention_bounded_workspace" time elapsed: 00:00:08
----------------------------------------------------------

7/61 Testing: utf8_paths_contract
7/61 Test: utf8_paths_contract
Command: "/Users/runner/work/ernie-image-ncnn-vulkan/ernie-image-ncnn-vulkan/build/ernie-utf8-paths-contract"
Directory: /Users/runner/work/ernie-image-ncnn-vulkan/ernie-image-ncnn-vulkan/build/tests
"utf8_paths_contract" start time: Sep 09 15:21 UTC
Output:
----------------------------------------------------------
Native Unicode paths, UTF-8 API/Rust/CLI, prompt and tensor I/O passed; no model inference
<end of output>
Test time =   0.04 sec
----------------------------------------------------------
Test Passed.
"utf8_paths_contract" end time: Sep 09 15:21 UTC
"utf8_paths_contract" time elapsed: 00:00:00
----------------------------------------------------------

8/61 Testing: generation_report_writer
8/61 Test: generation_report_writer
Command: "/Users/runner/work/ernie-image-ncnn-vulkan/ernie-image-ncnn-vulkan/build/ernie-generation-report-contract"
Directory: /Users/runner/work/ernie-image-ncnn-vulkan/ernie-image-ncnn-vulkan/build/tests
"generation_report_writer" start time: Sep 09 15:21 UTC
Output:
----------------------------------------------------------
{"schema_version":1,"status":"success","trace_enabled":false,"allocation_instrumentation":false,"shape":[512,384],"shape_order":"WH","model":{"schema_version":3,"source_width":1024,"source_height":1024,"text_bucket":32,"dit_text_tokens":64},"vulkan_gpu_index":0,"request":{"device":"vulkan","precision":"fp32","vae_device":"cpu","vae_convolution":"direct","text_device":"cpu","text_down_vector":false,"threads":4,"steps":8,"seed":42,"dit_weights":"auto","gpu_reserve_mib":512,"dit_cache_mib":0,"ram_reserve_mib":3072,"dit_prefetch_mib":1024,"gpu_memory":"auto","gpu_spill_mib":2048,"oom_retries":3,"model_loading":"default","img2img":false,"resize":"none","strength":null},"model_loading_requested":"mapped","placement_requests":{"gpu":0,"ram":262,"budget_unavailable":0},"weight_cache":{"hits":42,"loads":0,"peak_charged_bytes":5687678976,"peak_nets":0,"evictions":0,"budget_unavailable":0},"weight_prefetch":{"started":3,"used":2,"skipped":1,"peak_charged_bytes":536870912,"overlap_seconds":0.25},"gpu_memory":{"device_allocations":32,"host_allocations":16,"host_peak_bytes":536870912,"fallbacks":8,"allocation_failures":2,"host_device_local_allocations":4,"host_non_device_local_allocations":12},"memory_recovery":{"retries":2,"attention_query_rows":32},"prompt":"中文 \"quote\"\\\u000d\u000a\u0009\u0000","token_ids":[1,23,131071],"pe":{"enabled":false,"greedy":false,"max_tokens":2048,"generated_tokens":0,"eos":false},"generation_seconds":1.25,"image_write_seconds":0.125,"vae_and_image_encode_seconds":0.875,"total_seconds":1.375,"progress":[{"stage":"text","current":3,"total":32,"seconds":0.5},{"stage":"denoise","current":1,"total":1,"seconds":0.125}],"time_scope":"host generation and image write; excludes report serialization and process startup","progress_scope":"verify is cumulative from generation start; text is the text stage; denoise is per step","memory_scope":"weight placement requests, charged cache/prefetch weights and actual DiT host-buffer allocations; not complete residency or process peak"}
<end of output>
Test time =   0.01 sec
----------------------------------------------------------
Test Passed.
"generation_report_writer" end time: Sep 09 15:21 UTC
"generation_report_writer" time elapsed: 00:00:00
----------------------------------------------------------

9/61 Testing: pipeline_api_contract
9/61 Test: pipeline_api_contract
Command: "/Users/runner/work/ernie-image-ncnn-vulkan/ernie-image-ncnn-vulkan/build/ernie-pipeline-api-contract"
Directory: /Users/runner/work/ernie-image-ncnn-vulkan/ernie-image-ncnn-vulkan/build/tests
"pipeline_api_contract" start time: Sep 09 15:21 UTC
Output:
----------------------------------------------------------
[0 Apple Paravirtual device]  queueC=0[1]  queueT=0[1]  rebar=1  r-score=10
[0 Apple Paravirtual device]  fp16-p/s/u/a=1/1/1/1  int8-p/s/u/a=1/1/1/1  bf16-p/s=1/0
[0 Apple Paravirtual device]  subgroup=32(4~32)  ops=1/1/1/1/1/1/1/1/1/1
[0 Apple Paravirtual device]  fp16-cm=0  int8-cm=0  bf16-cm=0  fp8-cm=0  fp6-cm=0  fp4-cm=0
Public C++ API builds without private headers and reports runtime capabilities
<end of output>
Test time =   0.06 sec
----------------------------------------------------------
Test Passed.
"pipeline_api_contract" end time: Sep 09 15:21 UTC
"pipeline_api_contract" time elapsed: 00:00:00
----------------------------------------------------------

10/61 Testing: request_validation_contract
10/61 Test: request_validation_contract
Command: "/Users/runner/work/ernie-image-ncnn-vulkan/ernie-image-ncnn-vulkan/build/ernie-request-validation-contract"
Directory: /Users/runner/work/ernie-image-ncnn-vulkan/ernie-image-ncnn-vulkan/build/tests
"request_validation_contract" start time: Sep 09 15:21 UTC
Output:
----------------------------------------------------------
[0 Apple Paravirtual device]  queueC=0[1]  queueT=0[1]  rebar=1  r-score=10
[0 Apple Paravirtual device]  fp16-p/s/u/a=1/1/1/1  int8-p/s/u/a=1/1/1/1  bf16-p/s=1/0
[0 Apple Paravirtual device]  subgroup=32(4~32)  ops=1/1/1/1/1/1/1/1/1/1
[0 Apple Paravirtual device]  fp16-cm=0  int8-cm=0  bf16-cm=0  fp8-cm=0  fp6-cm=0  fp4-cm=0
[0 Apple Paravirtual device]  queueC=0[1]  queueT=0[1]  rebar=1  r-score=10
[0 Apple Paravirtual device]  fp16-p/s/u/a=1/1/1/1  int8-p/s/u/a=1/1/1/1  bf16-p/s=1/0
[0 Apple Paravirtual device]  subgroup=32(4~32)  ops=1/1/1/1/1/1/1/1/1/1
[0 Apple Paravirtual device]  fp16-cm=0  int8-cm=0  bf16-cm=0  fp8-cm=0  fp6-cm=0  fp4-cm=0
Request validation rejects invalid and unavailable configurations before model loading
<end of output>
Test time =   0.06 sec
----------------------------------------------------------
Test Passed.
"request_validation_contract" end time: Sep 09 15:21 UTC
"request_validation_contract" time elapsed: 00:00:00
----------------------------------------------------------

11/61 Testing: gpu_context_contract
11/61 Test: gpu_context_contract
Command: "/Users/runner/work/ernie-image-ncnn-vulkan/ernie-image-ncnn-vulkan/build/ernie-gpu-context-contract"
Directory: /Users/runner/work/ernie-image-ncnn-vulkan/ernie-image-ncnn-vulkan/build/tests
"gpu_context_contract" start time: Sep 09 15:21 UTC
Output:
----------------------------------------------------------
[0 Apple Paravirtual device]  queueC=0[1]  queueT=0[1]  rebar=1  r-score=10
[0 Apple Paravirtual device]  fp16-p/s/u/a=1/1/1/1  int8-p/s/u/a=1/1/1/1  bf16-p/s=1/0
[0 Apple Paravirtual device]  subgroup=32(4~32)  ops=1/1/1/1/1/1/1/1/1/1
[0 Apple Paravirtual device]  fp16-cm=0  int8-cm=0  bf16-cm=0  fp8-cm=0  fp6-cm=0  fp4-cm=0
[0 Apple Paravirtual device]  queueC=0[1]  queueT=0[1]  rebar=1  r-score=10
[0 Apple Paravirtual device]  fp16-p/s/u/a=1/1/1/1  int8-p/s/u/a=1/1/1/1  bf16-p/s=1/0
[0 Apple Paravirtual device]  subgroup=32(4~32)  ops=1/1/1/1/1/1/1/1/1/1
[0 Apple Paravirtual device]  fp16-cm=0  int8-cm=0  bf16-cm=0  fp8-cm=0  fp6-cm=0  fp4-cm=0
[0 Apple Paravirtual device]  queueC=0[1]  queueT=0[1]  rebar=1  r-score=10
[0 Apple Paravirtual device]  fp16-p/s/u/a=1/1/1/1  int8-p/s/u/a=1/1/1/1  bf16-p/s=1/0
[0 Apple Paravirtual device]  subgroup=32(4~32)  ops=1/1/1/1/1/1/1/1/1/1
[0 Apple Paravirtual device]  fp16-cm=0  int8-cm=0  bf16-cm=0  fp8-cm=0  fp6-cm=0  fp4-cm=0
Shared GPU context survives nested, concurrent and failed diagnostic users
<end of output>
Test time =   0.05 sec
----------------------------------------------------------
Test Passed.
"gpu_context_contract" end time: Sep 09 15:21 UTC
"gpu_context_contract" time elapsed: 00:00:00
----------------------------------------------------------

12/61 Testing: gpu_context_missing_driver
12/61 Test: gpu_context_missing_driver
Command: "/Users/runner/work/ernie-image-ncnn-vulkan/ernie-image-ncnn-vulkan/build/ernie-gpu-context-contract" "--without-driver"
Directory: /Users/runner/work/ernie-image-ncnn-vulkan/ernie-image-ncnn-vulkan/build/tests
"gpu_context_missing_driver" start time: Sep 09 15:21 UTC
Output:
----------------------------------------------------------
vkCreateInstance failed -9
vkCreateInstance failed -9
vkCreateInstance failed -9
vkCreateInstance failed -9
Missing driver diagnosis and strict inference remain independent
<end of output>
Test time =   0.01 sec
----------------------------------------------------------
Test Passed.
"gpu_context_missing_driver" end time: Sep 09 15:21 UTC
"gpu_context_missing_driver" time elapsed: 00:00:00
----------------------------------------------------------

13/61 Testing: prompt_file_contract
13/61 Test: prompt_file_contract
Command: "/Users/runner/work/ernie-image-ncnn-vulkan/ernie-image-ncnn-vulkan/build/ernie-prompt-file-contract"
Directory: /Users/runner/work/ernie-image-ncnn-vulkan/ernie-image-ncnn-vulkan/build/tests
"prompt_file_contract" start time: Sep 09 15:21 UTC
Output:
----------------------------------------------------------
Prompt BOM, exact whitespace and UTF-8 boundaries passed
<end of output>
Test time =   0.01 sec
----------------------------------------------------------
Test Passed.
"prompt_file_contract" end time: Sep 09 15:21 UTC
"prompt_file_contract" time elapsed: 00:00:00
----------------------------------------------------------

14/61 Testing: image_io_contract
14/61 Test: image_io_contract
Command: "/Users/runner/work/ernie-image-ncnn-vulkan/ernie-image-ncnn-vulkan/build/ernie-image-io-contract"
Directory: /Users/runner/work/ernie-image-ncnn-vulkan/ernie-image-ncnn-vulkan/build/tests
"image_io_contract" start time: Sep 09 15:21 UTC
Output:
----------------------------------------------------------
PNG/JPEG/BMP/TGA image I/O contracts passed
<end of output>
Test time =   0.02 sec
----------------------------------------------------------
Test Passed.
"image_io_contract" end time: Sep 09 15:21 UTC
"image_io_contract" time elapsed: 00:00:00
----------------------------------------------------------

15/61 Testing: pe_sampling_contract
15/61 Test: pe_sampling_contract
Command: "/Users/runner/work/ernie-image-ncnn-vulkan/ernie-image-ncnn-vulkan/build/ernie-pe-sampling-contract"
Directory: /Users/runner/work/ernie-image-ncnn-vulkan/ernie-image-ncnn-vulkan/build/tests
"pe_sampling_contract" start time: Sep 09 15:21 UTC
Output:
----------------------------------------------------------
PE greedy, 100000-draw distribution, nucleus, bounds and finite-value contracts passed
<end of output>
Test time =   0.04 sec
----------------------------------------------------------
Test Passed.
"pe_sampling_contract" end time: Sep 09 15:21 UTC
"pe_sampling_contract" time elapsed: 00:00:00
----------------------------------------------------------

16/61 Testing: generation_report_json
16/61 Test: generation_report_json
Command: "/opt/homebrew/Frameworks/Python.framework/Versions/3.14/bin/python3.14" "-m" "unittest" "discover" "-s" "/Users/runner/work/ernie-image-ncnn-vulkan/ernie-image-ncnn-vulkan/tests" "-p" "test_generation_report.py" "-v"
Directory: /Users/runner/work/ernie-image-ncnn-vulkan/ernie-image-ncnn-vulkan/build/tests
"generation_report_json" start time: Sep 09 15:21 UTC
Output:
----------------------------------------------------------
test_native_json_roundtrip (test_generation_report.GenerationReportTest.test_native_json_roundtrip) ... ok

----------------------------------------------------------------------
Ran 1 test in 0.005s

OK
<end of output>
Test time =   0.21 sec
----------------------------------------------------------
Test Passed.
"generation_report_json" end time: Sep 09 15:21 UTC
"generation_report_json" time elapsed: 00:00:00
----------------------------------------------------------

17/61 Testing: pe_package_integrity
17/61 Test: pe_package_integrity
Command: "/opt/homebrew/Frameworks/Python.framework/Versions/3.14/bin/python3.14" "-m" "unittest" "discover" "-s" "/Users/runner/work/ernie-image-ncnn-vulkan/ernie-image-ncnn-vulkan/tests" "-p" "test_pe_package.py" "-v"
Directory: /Users/runner/work/ernie-image-ncnn-vulkan/ernie-image-ncnn-vulkan/build/tests
"pe_package_integrity" start time: Sep 09 15:21 UTC
Output:
----------------------------------------------------------
test_complete_package (test_pe_package.PePackageTests.test_complete_package) ... ok
test_missing_head (test_pe_package.PePackageTests.test_missing_head) ... ok
test_move_without_source (test_pe_package.PePackageTests.test_move_without_source) ... ok
test_omitted_tail_checksum (test_pe_package.PePackageTests.test_omitted_tail_checksum) ... ok
test_portable_package_rejects_external_link (test_pe_package.PePackageTests.test_portable_package_rejects_external_link) ... ok
test_resealed_changed_chat_template (test_pe_package.PePackageTests.test_resealed_changed_chat_template) ... ok
test_resealed_configuration_disagreement (test_pe_package.PePackageTests.test_resealed_configuration_disagreement) ... ok
test_resealed_wrong_capacity (test_pe_package.PePackageTests.test_resealed_wrong_capacity) ... ok
test_reviewed_old_revision_remains_compatible (test_pe_package.PePackageTests.test_reviewed_old_revision_remains_compatible) ... ok
test_revision_mismatch (test_pe_package.PePackageTests.test_revision_mismatch) ... ok
test_tail_block_corruption (test_pe_package.PePackageTests.test_tail_block_corruption) ... ok
test_unreviewed_or_malformed_revisions_still_reject (test_pe_package.PePackageTests.test_unreviewed_or_malformed_revisions_still_reject) ... ok

----------------------------------------------------------------------
Ran 12 tests in 0.469s

OK
<end of output>
Test time =   0.59 sec
----------------------------------------------------------
Test Passed.
"pe_package_integrity" end time: Sep 09 15:21 UTC
"pe_package_integrity" time elapsed: 00:00:00
----------------------------------------------------------

18/61 Testing: package_integrity
18/61 Test: package_integrity
Command: "/opt/homebrew/Frameworks/Python.framework/Versions/3.14/bin/python3.14" "-m" "unittest" "discover" "-s" "/Users/runner/work/ernie-image-ncnn-vulkan/ernie-image-ncnn-vulkan/tests" "-p" "test_package.py" "-v"
Directory: /Users/runner/work/ernie-image-ncnn-vulkan/ernie-image-ncnn-vulkan/build/tests
"package_integrity" start time: Sep 09 15:21 UTC
Output:
----------------------------------------------------------
test_complete_inventory_and_native_check_without_model_loading (test_package.PackageTests.test_complete_inventory_and_native_check_without_model_loading) ... ok
test_configuration_cannot_disagree_with_manifest (test_package.PackageTests.test_configuration_cannot_disagree_with_manifest) ... ok
test_copy_survives_source_removal_and_relocation (test_package.PackageTests.test_copy_survives_source_removal_and_relocation) ... ok
test_development_links_are_explicit (test_package.PackageTests.test_development_links_are_explicit) ... ok
test_external_alias_to_complete_portable_root_is_allowed (test_package.PackageTests.test_external_alias_to_complete_portable_root_is_allowed) ... ok
test_fixed_shape_module_api_also_checks_source_identity (test_package.PackageTests.test_fixed_shape_module_api_also_checks_source_identity) ... ok
test_fixed_shape_rejects_unreviewed_source_before_writing (test_package.PackageTests.test_fixed_shape_rejects_unreviewed_source_before_writing) ... ok
test_manifest_config_cannot_use_boolean_for_integer (test_package.PackageTests.test_manifest_config_cannot_use_boolean_for_integer) ... ok
test_missing_last_text_layer (test_package.PackageTests.test_missing_last_text_layer) ... ok
test_omitted_file_cannot_evade_verification (test_package.PackageTests.test_omitted_file_cannot_evade_verification) ... ok
test_path_escape_cannot_enter_inventory (test_package.PackageTests.test_path_escape_cannot_enter_inventory) ... ok
test_portable_flag_must_be_boolean (test_package.PackageTests.test_portable_flag_must_be_boolean) ... ok
test_portable_package_rejects_directory_link (test_package.PackageTests.test_portable_package_rejects_directory_link) ... ok
test_portable_package_rejects_external_file_link (test_package.PackageTests.test_portable_package_rejects_external_file_link) ... ok
test_reject_version_mismatch (test_package.PackageTests.test_reject_version_mismatch) ... ok
test_reviewed_old_package_keeps_provenance_when_repacked (test_package.PackageTests.test_reviewed_old_package_keeps_provenance_when_repacked) ... ok
test_same_size_bit_corruption (test_package.PackageTests.test_same_size_bit_corruption) ... ok
test_truncated_weight (test_package.PackageTests.test_truncated_weight) ... ok
test_unreviewed_or_malformed_revisions_still_reject (test_package.PackageTests.test_unreviewed_or_malformed_revisions_still_reject) ... ok

----------------------------------------------------------------------
Ran 19 tests in 1.706s

OK
<end of output>
Test time =   1.80 sec
----------------------------------------------------------
Test Passed.
"package_integrity" end time: Sep 09 15:21 UTC
"package_integrity" time elapsed: 00:00:01
----------------------------------------------------------

19/61 Testing: cli_contract
19/61 Test: cli_contract
Command: "/opt/homebrew/Frameworks/Python.framework/Versions/3.14/bin/python3.14" "-m" "unittest" "discover" "-s" "/Users/runner/work/ernie-image-ncnn-vulkan/ernie-image-ncnn-vulkan/tests" "-p" "test_cli.py" "-v"
Directory: /Users/runner/work/ernie-image-ncnn-vulkan/ernie-image-ncnn-vulkan/build/tests
"cli_contract" start time: Sep 09 15:21 UTC
Output:
----------------------------------------------------------
test_adaptive_memory_defaults_allow_cpu_without_a_cache (test_cli.CliTests.test_adaptive_memory_defaults_allow_cpu_without_a_cache) ... ok
test_adaptive_memory_options_reject_invalid_values (test_cli.CliTests.test_adaptive_memory_options_reject_invalid_values) ... ok
test_bf16_request_obeys_compiled_device_support (test_cli.CliTests.test_bf16_request_obeys_compiled_device_support) ... ok
test_cpu_rejects_custom_gpu_memory_controls (test_cli.CliTests.test_cpu_rejects_custom_gpu_memory_controls) ... ok
test_cpu_selects_fp32_only_when_precision_is_omitted (test_cli.CliTests.test_cpu_selects_fp32_only_when_precision_is_omitted) ... ok
test_device_and_precision_errors_name_the_option (test_cli.CliTests.test_device_and_precision_errors_name_the_option) ... ok
test_diagnose_lists_runtime_without_loading_a_model (test_cli.CliTests.test_diagnose_lists_runtime_without_loading_a_model) ... ok
test_diagnose_reads_only_bounded_model_config_metadata (test_cli.CliTests.test_diagnose_reads_only_bounded_model_config_metadata) ... ok
test_diagnose_rejects_generation_options (test_cli.CliTests.test_diagnose_rejects_generation_options) ... ok
test_dimensions_must_be_multiples_of_sixteen (test_cli.CliTests.test_dimensions_must_be_multiples_of_sixteen) ... ok
test_dimensions_require_both_axes (test_cli.CliTests.test_dimensions_require_both_axes) ... ok
test_duplicate_prompt_cannot_silently_replace_first (test_cli.CliTests.test_duplicate_prompt_cannot_silently_replace_first) ... ok
test_existing_image_is_reported_and_preserved_before_loading (test_cli.CliTests.test_existing_image_is_reported_and_preserved_before_loading) ... ok
test_generation_report_options (test_cli.CliTests.test_generation_report_options) ... ok
test_gpu_requires_a_vulkan_stage (test_cli.CliTests.test_gpu_requires_a_vulkan_stage) ... ok
test_help_is_available_without_model_or_device (test_cli.CliTests.test_help_is_available_without_model_or_device) ... ok
test_img2img_only_options_require_input (test_cli.CliTests.test_img2img_only_options_require_input) ... ok
test_img2img_reads_input_before_model_loading (test_cli.CliTests.test_img2img_reads_input_before_model_loading) ... ok
test_invalid_img2img_metadata_is_rejected (test_cli.CliTests.test_invalid_img2img_metadata_is_rejected) ... ok
test_invalid_utf8_prompt_file_is_rejected (test_cli.CliTests.test_invalid_utf8_prompt_file_is_rejected) ... ok
test_metrics_rejects_empty_path_before_model_loading (test_cli.CliTests.test_metrics_rejects_empty_path_before_model_loading) ... ok
test_missing_arguments_explain_how_to_continue (test_cli.CliTests.test_missing_arguments_explain_how_to_continue) ... ok
test_missing_driver_diagnosis_keeps_metadata_and_strict_inference (test_cli.CliTests.test_missing_driver_diagnosis_keeps_metadata_and_strict_inference) ... ok
test_missing_prompt_file_is_reported_before_model_loading (test_cli.CliTests.test_missing_prompt_file_is_reported_before_model_loading) ... ok
test_model_loading_options (test_cli.CliTests.test_model_loading_options) ... ok
test_output_format_is_checked_before_model_loading (test_cli.CliTests.test_output_format_is_checked_before_model_loading) ... ok
test_pe_cannot_change_prompt_of_precomputed_embeddings (test_cli.CliTests.test_pe_cannot_change_prompt_of_precomputed_embeddings) ... ok
test_pe_options_require_an_explicit_model (test_cli.CliTests.test_pe_options_require_an_explicit_model) ... ok
test_pe_rejects_infinite_temperature (test_cli.CliTests.test_pe_rejects_infinite_temperature) ... ok
test_pe_rejects_invalid_top_p (test_cli.CliTests.test_pe_rejects_invalid_top_p) ... ok
test_prefetch_requires_fp32_vulkan_and_compatible_weight_placement (test_cli.CliTests.test_prefetch_requires_fp32_vulkan_and_compatible_weight_placement) ... ok
test_prompt_file_is_bounded_before_model_loading (test_cli.CliTests.test_prompt_file_is_bounded_before_model_loading) ... ok
test_prompt_sources_are_mutually_exclusive (test_cli.CliTests.test_prompt_sources_are_mutually_exclusive) ... ok
test_rectangular_request_reaches_model_validation (test_cli.CliTests.test_rectangular_request_reaches_model_validation) ... ok
test_repeated_resolution_cannot_silently_override (test_cli.CliTests.test_repeated_resolution_cannot_silently_override) ... ok
test_resize_requires_explicit_target (test_cli.CliTests.test_resize_requires_explicit_target) ... ok
test_strength_zero_does_not_require_prompt (test_cli.CliTests.test_strength_zero_does_not_require_prompt) ... ok
test_strength_zero_rejects_unused_prompt_or_pe (test_cli.CliTests.test_strength_zero_rejects_unused_prompt_or_pe) ... ok
test_threads_are_strictly_bounded (test_cli.CliTests.test_threads_are_strictly_bounded) ... ok
test_unsupported_text_device_is_explicit (test_cli.CliTests.test_unsupported_text_device_is_explicit) ... ok
test_vector_reduction_flag_reaches_model_validation (test_cli.CliTests.test_vector_reduction_flag_reaches_model_validation) ... ok
test_vector_reduction_requires_native_text (test_cli.CliTests.test_vector_reduction_requires_native_text) ... ok
test_weight_placement_options (test_cli.CliTests.test_weight_placement_options) ... ok

----------------------------------------------------------------------
Ran 43 tests in 1.281s

OK
<end of output>
Test time =   1.36 sec
----------------------------------------------------------
Test Passed.
"cli_contract" end time: Sep 09 15:21 UTC
"cli_contract" time elapsed: 00:00:01
----------------------------------------------------------

20/61 Testing: installed_cpp_consumer
20/61 Test: installed_cpp_consumer
Command: "/opt/homebrew/Frameworks/Python.framework/Versions/3.14/bin/python3.14" "-m" "unittest" "discover" "-s" "/Users/runner/work/ernie-image-ncnn-vulkan/ernie-image-ncnn-vulkan/tests" "-p" "test_install.py" "-v"
Directory: /Users/runner/work/ernie-image-ncnn-vulkan/ernie-image-ncnn-vulkan/build/tests
"installed_cpp_consumer" start time: Sep 09 15:21 UTC
Output:
----------------------------------------------------------
test_relocated_installation (test_install.InstalledConsumerTest.test_relocated_installation) ... ok

----------------------------------------------------------------------
Ran 1 test in 4.453s

OK
<end of output>
Test time =   4.56 sec
----------------------------------------------------------
Test Passed.
"installed_cpp_consumer" end time: Sep 09 15:21 UTC
"installed_cpp_consumer" time elapsed: 00:00:04
----------------------------------------------------------

21/61 Testing: text_bucket_contract
21/61 Test: text_bucket_contract
Command: "/opt/homebrew/Frameworks/Python.framework/Versions/3.14/bin/python3.14" "-m" "unittest" "discover" "-s" "/Users/runner/work/ernie-image-ncnn-vulkan/ernie-image-ncnn-vulkan/tests" "-p" "test_text_bucket.py" "-v"
Directory: /Users/runner/work/ernie-image-ncnn-vulkan/ernie-image-ncnn-vulkan/build/tests
"text_bucket_contract" start time: Sep 09 15:21 UTC
Output:
----------------------------------------------------------
test_gqa_head_count_is_not_a_token_dimension (test_text_bucket.TextBucketTests.test_gqa_head_count_is_not_a_token_dimension) ... ok
test_independent_exports_have_identical_equations (test_text_bucket.TextBucketTests.test_independent_exports_have_identical_equations) ... ok
test_normalization_equation_is_not_normalized_away (test_text_bucket.TextBucketTests.test_normalization_equation_is_not_normalized_away) ... ok
test_wrong_manifest_bucket_rejected (test_text_bucket.TextBucketTests.test_wrong_manifest_bucket_rejected) ... ok

----------------------------------------------------------------------
Ran 4 tests in 0.002s

OK
<end of output>
Test time =   0.13 sec
----------------------------------------------------------
Test Passed.
"text_bucket_contract" end time: Sep 09 15:21 UTC
"text_bucket_contract" time elapsed: 00:00:00
----------------------------------------------------------

22/61 Testing: variant_dimensions
22/61 Test: variant_dimensions
Command: "/opt/homebrew/Frameworks/Python.framework/Versions/3.14/bin/python3.14" "-m" "unittest" "discover" "-s" "/Users/runner/work/ernie-image-ncnn-vulkan/ernie-image-ncnn-vulkan/tests" "-p" "test_variant.py" "-v"
Directory: /Users/runner/work/ernie-image-ncnn-vulkan/ernie-image-ncnn-vulkan/build/tests
"variant_dimensions" start time: Sep 09 15:21 UTC
Output:
----------------------------------------------------------
test_full_resolution_and_maximum_prompt_fit (test_variant.VariantTests.test_full_resolution_and_maximum_prompt_fit) ... ok
test_invalid_sizes_do_not_round_or_truncate (test_variant.VariantTests.test_invalid_sizes_do_not_round_or_truncate) ... ok
test_rectangular_axes_and_full_text_capacity (test_variant.VariantTests.test_rectangular_axes_and_full_text_capacity) ... ok

----------------------------------------------------------------------
Ran 3 tests in 0.000s

OK
<end of output>
Test time =   0.09 sec
----------------------------------------------------------
Test Passed.
"variant_dimensions" end time: Sep 09 15:21 UTC
"variant_dimensions" time elapsed: 00:00:00
----------------------------------------------------------

23/61 Testing: latent_contract_cpu
23/61 Test: latent_contract_cpu
Command: "/Users/runner/work/ernie-image-ncnn-vulkan/ernie-image-ncnn-vulkan/build/ernie-latent-contract"
Directory: /Users/runner/work/ernie-image-ncnn-vulkan/ernie-image-ncnn-vulkan/build/tests
"latent_contract_cpu" start time: Sep 09 15:21 UTC
Output:
----------------------------------------------------------
Schedule, shape, invalid delta, BN statistics, and aliased update contracts passed
<end of output>
Test time =   0.02 sec
----------------------------------------------------------
Test Passed.
"latent_contract_cpu" end time: Sep 09 15:21 UTC
"latent_contract_cpu" time elapsed: 00:00:00
----------------------------------------------------------

24/61 Testing: component_files_contract_cpu
24/61 Test: component_files_contract_cpu
Command: "/Users/runner/work/ernie-image-ncnn-vulkan/ernie-image-ncnn-vulkan/build/ernie-component-files-contract"
Directory: /Users/runner/work/ernie-image-ncnn-vulkan/ernie-image-ncnn-vulkan/build/tests
"component_files_contract_cpu" start time: Sep 09 15:21 UTC
Output:
----------------------------------------------------------
Memory/file graph equivalence, lifetime and bounded component inputs passed
<end of output>
Test time =   0.02 sec
----------------------------------------------------------
Test Passed.
"component_files_contract_cpu" end time: Sep 09 15:21 UTC
"component_files_contract_cpu" time elapsed: 00:00:00
----------------------------------------------------------

25/61 Testing: weight_placement_cpu
25/61 Test: weight_placement_cpu
Command: "/Users/runner/work/ernie-image-ncnn-vulkan/ernie-image-ncnn-vulkan/build/ernie-weight-placement-contract"
Directory: /Users/runner/work/ernie-image-ncnn-vulkan/ernie-image-ncnn-vulkan/build/tests
"weight_placement_cpu" start time: Sep 09 15:21 UTC
Output:
----------------------------------------------------------
Adaptive weight budget, overrides, unavailable data and failure contracts passed
<end of output>
Test time =   0.02 sec
----------------------------------------------------------
Test Passed.
"weight_placement_cpu" end time: Sep 09 15:21 UTC
"weight_placement_cpu" time elapsed: 00:00:00
----------------------------------------------------------

26/61 Testing: weight_session_cpu
26/61 Test: weight_session_cpu
Command: "/Users/runner/work/ernie-image-ncnn-vulkan/ernie-image-ncnn-vulkan/build/ernie-weight-session-contract"
Directory: /Users/runner/work/ernie-image-ncnn-vulkan/ernie-image-ncnn-vulkan/build/tests
"weight_session_cpu" start time: Sep 09 15:21 UTC
Output:
----------------------------------------------------------
Budget, repeated scan, pressure, identity, failure, move and cancellation contracts passed
<end of output>
Test time =   0.02 sec
----------------------------------------------------------
Test Passed.
"weight_session_cpu" end time: Sep 09 15:21 UTC
"weight_session_cpu" time elapsed: 00:00:00
----------------------------------------------------------

27/61 Testing: host_memory_cpu
27/61 Test: host_memory_cpu
Command: "/Users/runner/work/ernie-image-ncnn-vulkan/ernie-image-ncnn-vulkan/build/ernie-host-memory-contract"
Directory: /Users/runner/work/ernie-image-ncnn-vulkan/ernie-image-ncnn-vulkan/build/tests
"host_memory_cpu" start time: Sep 09 15:21 UTC
Output:
----------------------------------------------------------
File LRU movement, bounded credit, real pressure, ancestors, changing inputs, corruption, missing counters and overflow contracts pass
<end of output>
Test time =   0.03 sec
----------------------------------------------------------
Test Passed.
"host_memory_cpu" end time: Sep 09 15:21 UTC
"host_memory_cpu" time elapsed: 00:00:00
----------------------------------------------------------

28/61 Testing: model_loading_cpu
28/61 Test: model_loading_cpu
Command: "/Users/runner/work/ernie-image-ncnn-vulkan/ernie-image-ncnn-vulkan/build/ernie-model-loading-contract"
Directory: /Users/runner/work/ernie-image-ncnn-vulkan/ernie-image-ncnn-vulkan/build/tests
"model_loading_cpu" start time: Sep 09 15:21 UTC
Output:
----------------------------------------------------------
fopen /var/folders/nj/vtw8zd2j31d1gdrtntc5y4600000gn/T/ernie-model-loading-476318190000/absent.bin failed
fopen /var/folders/nj/vtw8zd2j31d1gdrtntc5y4600000gn/T/ernie-model-loading-476318190000/absent.bin failed
CPU FP32/BF16 files: both loading modes, build defaults, repeated extraction, mapping ownership and missing-file rejection pass
<end of output>
Test time =   0.03 sec
----------------------------------------------------------
Test Passed.
"model_loading_cpu" end time: Sep 09 15:21 UTC
"model_loading_cpu" time elapsed: 00:00:00
----------------------------------------------------------

29/61 Testing: model_reader_cpu
29/61 Test: model_reader_cpu
Command: "/Users/runner/work/ernie-image-ncnn-vulkan/ernie-image-ncnn-vulkan/build/ernie-model-reader-contract"
Directory: /Users/runner/work/ernie-image-ncnn-vulkan/ernie-image-ncnn-vulkan/build/tests
"model_reader_cpu" start time: Sep 09 15:21 UTC
Output:
----------------------------------------------------------
ModelBin read float16_weights failed 35
ModelBin read flag_struct failed 2
ModelBin read bfloat16_weights failed 35
ModelBin read flag_struct failed 2
FP16 count=1 payload=4 vector_bytes=8 vector_payload_bytes=8 bit_exact=true
FP16 count=2 payload=4 vector_bytes=8 vector_payload_bytes=8 bit_exact=true
FP16 count=3 payload=8 vector_bytes=16 vector_payload_bytes=16 bit_exact=true
FP16 count=17 payload=36 vector_bytes=72 vector_payload_bytes=72 bit_exact=true
FP16 count=2049 payload=4100 vector_bytes=8200 vector_payload_bytes=8200 bit_exact=true
FP16 count=65537 payload=131076 vector_bytes=262152 vector_payload_bytes=262152 bit_exact=true
FP16 count=4194305 payload=8388612 vector_bytes=16777224 vector_payload_bytes=16777224 bit_exact=true
BF16 count=1 payload=4 vector_bytes=8 vector_payload_bytes=8 bit_exact=true
BF16 count=2 payload=4 vector_bytes=8 vector_payload_bytes=8 bit_exact=true
BF16 count=3 payload=8 vector_bytes=16 vector_payload_bytes=16 bit_exact=true
BF16 count=17 payload=36 vector_bytes=72 vector_payload_bytes=72 bit_exact=true
BF16 count=2049 payload=4100 vector_bytes=8200 vector_payload_bytes=8200 bit_exact=true
BF16 count=65537 payload=131076 vector_bytes=262152 vector_payload_bytes=262152 bit_exact=true
BF16 count=4194305 payload=8388612 vector_bytes=16777224 vector_payload_bytes=16777224 bit_exact=true
<end of output>
Test time =   0.45 sec
----------------------------------------------------------
Test Passed.
"model_reader_cpu" end time: Sep 09 15:22 UTC
"model_reader_cpu" time elapsed: 00:00:00
----------------------------------------------------------

30/61 Testing: weight_session_vulkan
30/61 Test: weight_session_vulkan
Command: "/Users/runner/work/ernie-image-ncnn-vulkan/ernie-image-ncnn-vulkan/build/ernie-weight-session-contract" "vulkan"
Directory: /Users/runner/work/ernie-image-ncnn-vulkan/ernie-image-ncnn-vulkan/build/tests
"weight_session_vulkan" start time: Sep 09 15:22 UTC
Output:
----------------------------------------------------------
[0 Apple Paravirtual device]  queueC=0[1]  queueT=0[1]  rebar=1  r-score=10
[0 Apple Paravirtual device]  fp16-p/s/u/a=1/1/1/1  int8-p/s/u/a=1/1/1/1  bf16-p/s=1/0
[0 Apple Paravirtual device]  subgroup=32(4~32)  ops=1/1/1/1/1/1/1/1/1/1
[0 Apple Paravirtual device]  fp16-cm=0  int8-cm=0  bf16-cm=0  fp8-cm=0  fp6-cm=0  fp4-cm=0
overwrite built-in layer type RMSNorm
overwrite built-in layer type LayerNorm
overwrite built-in layer type SDPA
overwrite built-in layer type RMSNorm
overwrite built-in layer type LayerNorm
overwrite built-in layer type SDPA
overwrite built-in layer type RMSNorm
overwrite built-in layer type LayerNorm
overwrite built-in layer type SDPA
overwrite built-in layer type RMSNorm
overwrite built-in layer type LayerNorm
overwrite built-in layer type SDPA
overwrite built-in layer type RMSNorm
overwrite built-in layer type LayerNorm
overwrite built-in layer type SDPA
overwrite built-in layer type RMSNorm
overwrite built-in layer type LayerNorm
overwrite built-in layer type SDPA
overwrite built-in layer type RMSNorm
overwrite built-in layer type LayerNorm
overwrite built-in layer type SDPA
overwrite built-in layer type RMSNorm
overwrite built-in layer type LayerNorm
overwrite built-in layer type SDPA
overwrite built-in layer type RMSNorm
overwrite built-in layer type LayerNorm
overwrite built-in layer type SDPA
Host available=unavailable
Vulkan cache hits=0 loads=9 peak charged bytes=0 nets=0
<end of output>
Test time =   0.73 sec
----------------------------------------------------------
Test Passed.
"weight_session_vulkan" end time: Sep 09 15:22 UTC
"weight_session_vulkan" time elapsed: 00:00:00
----------------------------------------------------------

31/61 Testing: weight_session_mapped_vulkan
31/61 Test: weight_session_mapped_vulkan
Command: "/Users/runner/work/ernie-image-ncnn-vulkan/ernie-image-ncnn-vulkan/build/ernie-weight-session-contract" "vulkan" "mapped"
Directory: /Users/runner/work/ernie-image-ncnn-vulkan/ernie-image-ncnn-vulkan/build/tests
"weight_session_mapped_vulkan" start time: Sep 09 15:22 UTC
Output:
----------------------------------------------------------
[0 Apple Paravirtual device]  queueC=0[1]  queueT=0[1]  rebar=1  r-score=10
[0 Apple Paravirtual device]  fp16-p/s/u/a=1/1/1/1  int8-p/s/u/a=1/1/1/1  bf16-p/s=1/0
[0 Apple Paravirtual device]  subgroup=32(4~32)  ops=1/1/1/1/1/1/1/1/1/1
[0 Apple Paravirtual device]  fp16-cm=0  int8-cm=0  bf16-cm=0  fp8-cm=0  fp6-cm=0  fp4-cm=0
overwrite built-in layer type RMSNorm
overwrite built-in layer type LayerNorm
overwrite built-in layer type SDPA
overwrite built-in layer type RMSNorm
overwrite built-in layer type LayerNorm
overwrite built-in layer type SDPA
overwrite built-in layer type RMSNorm
overwrite built-in layer type LayerNorm
overwrite built-in layer type SDPA
overwrite built-in layer type RMSNorm
overwrite built-in layer type LayerNorm
overwrite built-in layer type SDPA
overwrite built-in layer type RMSNorm
overwrite built-in layer type LayerNorm
overwrite built-in layer type SDPA
overwrite built-in layer type RMSNorm
overwrite built-in layer type LayerNorm
overwrite built-in layer type SDPA
overwrite built-in layer type RMSNorm
overwrite built-in layer type LayerNorm
overwrite built-in layer type SDPA
overwrite built-in layer type RMSNorm
overwrite built-in layer type LayerNorm
overwrite built-in layer type SDPA
overwrite built-in layer type RMSNorm
overwrite built-in layer type LayerNorm
overwrite built-in layer type SDPA
Host available=unavailable
Vulkan cache hits=0 loads=9 peak charged bytes=0 nets=0
<end of output>
Test time =   0.51 sec
----------------------------------------------------------
Test Passed.
"weight_session_mapped_vulkan" end time: Sep 09 15:22 UTC
"weight_session_mapped_vulkan" time elapsed: 00:00:00
----------------------------------------------------------

32/61 Testing: weight_session_bf16_file_vulkan
32/61 Test: weight_session_bf16_file_vulkan
Command: "/Users/runner/work/ernie-image-ncnn-vulkan/ernie-image-ncnn-vulkan/build/ernie-weight-session-contract" "vulkan" "stdio" "bf16"
Directory: /Users/runner/work/ernie-image-ncnn-vulkan/ernie-image-ncnn-vulkan/build/tests
"weight_session_bf16_file_vulkan" start time: Sep 09 15:22 UTC
Output:
----------------------------------------------------------
[0 Apple Paravirtual device]  queueC=0[1]  queueT=0[1]  rebar=1  r-score=10
[0 Apple Paravirtual device]  fp16-p/s/u/a=1/1/1/1  int8-p/s/u/a=1/1/1/1  bf16-p/s=1/0
[0 Apple Paravirtual device]  subgroup=32(4~32)  ops=1/1/1/1/1/1/1/1/1/1
[0 Apple Paravirtual device]  fp16-cm=0  int8-cm=0  bf16-cm=0  fp8-cm=0  fp6-cm=0  fp4-cm=0
overwrite built-in layer type RMSNorm
overwrite built-in layer type LayerNorm
overwrite built-in layer type SDPA
overwrite built-in layer type RMSNorm
overwrite built-in layer type LayerNorm
overwrite built-in layer type SDPA
overwrite built-in layer type RMSNorm
overwrite built-in layer type LayerNorm
overwrite built-in layer type SDPA
overwrite built-in layer type RMSNorm
overwrite built-in layer type LayerNorm
overwrite built-in layer type SDPA
overwrite built-in layer type RMSNorm
overwrite built-in layer type LayerNorm
overwrite built-in layer type SDPA
overwrite built-in layer type RMSNorm
overwrite built-in layer type LayerNorm
overwrite built-in layer type SDPA
overwrite built-in layer type RMSNorm
overwrite built-in layer type LayerNorm
overwrite built-in layer type SDPA
overwrite built-in layer type RMSNorm
overwrite built-in layer type LayerNorm
overwrite built-in layer type SDPA
overwrite built-in layer type RMSNorm
overwrite built-in layer type LayerNorm
overwrite built-in layer type SDPA
Host available=unavailable
Vulkan cache hits=0 loads=9 peak charged bytes=0 nets=0
<end of output>
Test time =   0.54 sec
----------------------------------------------------------
Test Passed.
"weight_session_bf16_file_vulkan" end time: Sep 09 15:22 UTC
"weight_session_bf16_file_vulkan" time elapsed: 00:00:00
----------------------------------------------------------

33/61 Testing: weight_session_mapped_bf16_file_vulkan
33/61 Test: weight_session_mapped_bf16_file_vulkan
Command: "/Users/runner/work/ernie-image-ncnn-vulkan/ernie-image-ncnn-vulkan/build/ernie-weight-session-contract" "vulkan" "mapped" "bf16"
Directory: /Users/runner/work/ernie-image-ncnn-vulkan/ernie-image-ncnn-vulkan/build/tests
"weight_session_mapped_bf16_file_vulkan" start time: Sep 09 15:22 UTC
Output:
----------------------------------------------------------
[0 Apple Paravirtual device]  queueC=0[1]  queueT=0[1]  rebar=1  r-score=10
[0 Apple Paravirtual device]  fp16-p/s/u/a=1/1/1/1  int8-p/s/u/a=1/1/1/1  bf16-p/s=1/0
[0 Apple Paravirtual device]  subgroup=32(4~32)  ops=1/1/1/1/1/1/1/1/1/1
[0 Apple Paravirtual device]  fp16-cm=0  int8-cm=0  bf16-cm=0  fp8-cm=0  fp6-cm=0  fp4-cm=0
overwrite built-in layer type RMSNorm
overwrite built-in layer type LayerNorm
overwrite built-in layer type SDPA
overwrite built-in layer type RMSNorm
overwrite built-in layer type LayerNorm
overwrite built-in layer type SDPA
overwrite built-in layer type RMSNorm
overwrite built-in layer type LayerNorm
overwrite built-in layer type SDPA
overwrite built-in layer type RMSNorm
overwrite built-in layer type LayerNorm
overwrite built-in layer type SDPA
overwrite built-in layer type RMSNorm
overwrite built-in layer type LayerNorm
overwrite built-in layer type SDPA
overwrite built-in layer type RMSNorm
overwrite built-in layer type LayerNorm
overwrite built-in layer type SDPA
overwrite built-in layer type RMSNorm
overwrite built-in layer type LayerNorm
overwrite built-in layer type SDPA
overwrite built-in layer type RMSNorm
overwrite built-in layer type LayerNorm
overwrite built-in layer type SDPA
overwrite built-in layer type RMSNorm
overwrite built-in layer type LayerNorm
overwrite built-in layer type SDPA
Host available=unavailable
Vulkan cache hits=0 loads=9 peak charged bytes=0 nets=0
<end of output>
Test time =   0.53 sec
----------------------------------------------------------
Test Passed.
"weight_session_mapped_bf16_file_vulkan" end time: Sep 09 15:22 UTC
"weight_session_mapped_bf16_file_vulkan" time elapsed: 00:00:00
----------------------------------------------------------

34/61 Testing: weight_placement_vulkan
34/61 Test: weight_placement_vulkan
Command: "/Users/runner/work/ernie-image-ncnn-vulkan/ernie-image-ncnn-vulkan/build/ernie-weight-placement-contract" "vulkan"
Directory: /Users/runner/work/ernie-image-ncnn-vulkan/ernie-image-ncnn-vulkan/build/tests
"weight_placement_vulkan" start time: Sep 09 15:22 UTC
Output:
----------------------------------------------------------
[0 Apple Paravirtual device]  queueC=0[1]  queueT=0[1]  rebar=1  r-score=10
[0 Apple Paravirtual device]  fp16-p/s/u/a=1/1/1/1  int8-p/s/u/a=1/1/1/1  bf16-p/s=1/0
[0 Apple Paravirtual device]  subgroup=32(4~32)  ops=1/1/1/1/1/1/1/1/1/1
[0 Apple Paravirtual device]  fp16-cm=0  int8-cm=0  bf16-cm=0  fp8-cm=0  fp6-cm=0  fp4-cm=0
overwrite built-in layer type RMSNorm
overwrite built-in layer type LayerNorm
overwrite built-in layer type SDPA
overwrite built-in layer type RMSNorm
overwrite built-in layer type LayerNorm
overwrite built-in layer type SDPA
overwrite built-in layer type RMSNorm
overwrite built-in layer type LayerNorm
overwrite built-in layer type SDPA
Vulkan heap budget=5010800640 usage=17907712
<end of output>
Test time =   0.33 sec
----------------------------------------------------------
Test Passed.
"weight_placement_vulkan" end time: Sep 09 15:22 UTC
"weight_placement_vulkan" time elapsed: 00:00:00
----------------------------------------------------------

35/61 Testing: img2img_contract_cpu
35/61 Test: img2img_contract_cpu
Command: "/Users/runner/work/ernie-image-ncnn-vulkan/ernie-image-ncnn-vulkan/build/ernie-img2img-contract"
Directory: /Users/runner/work/ernie-image-ncnn-vulkan/ernie-image-ncnn-vulkan/build/tests
"img2img_contract_cpu" start time: Sep 09 15:22 UTC
Output:
----------------------------------------------------------
Img2img endpoints, interpolation, positive rounding, rejection and no-denoise reconstruction passed
<end of output>
Test time =   0.04 sec
----------------------------------------------------------
Test Passed.
"img2img_contract_cpu" end time: Sep 09 15:22 UTC
"img2img_contract_cpu" time elapsed: 00:00:00
----------------------------------------------------------

36/61 Testing: image_encoder_contract_cpu
36/61 Test: image_encoder_contract_cpu
Command: "/Users/runner/work/ernie-image-ncnn-vulkan/ernie-image-ncnn-vulkan/build/ernie-image-encoder-contract"
Directory: /Users/runner/work/ernie-image-ncnn-vulkan/ernie-image-ncnn-vulkan/build/tests
"image_encoder_contract_cpu" start time: Sep 09 15:22 UTC
Output:
----------------------------------------------------------
VAE encoder request boundary contracts passed
<end of output>
Test time =   0.02 sec
----------------------------------------------------------
Test Passed.
"image_encoder_contract_cpu" end time: Sep 09 15:22 UTC
"image_encoder_contract_cpu" time elapsed: 00:00:00
----------------------------------------------------------

37/61 Testing: residual_contract_cpu
37/61 Test: residual_contract_cpu
Command: "/Users/runner/work/ernie-image-ncnn-vulkan/ernie-image-ncnn-vulkan/build/ernie-residual-contract"
Directory: /Users/runner/work/ernie-image-ncnn-vulkan/ernie-image-ncnn-vulkan/build/tests
"residual_contract_cpu" start time: Sep 09 15:22 UTC
Output:
----------------------------------------------------------
overwrite built-in layer type RMSNorm
overwrite built-in layer type LayerNorm
overwrite built-in layer type SDPA
overwrite built-in layer type GroupNorm
FP32 residual above 65504, normalized projection and finite guards passed
<end of output>
Test time =   0.03 sec
----------------------------------------------------------
Test Passed.
"residual_contract_cpu" end time: Sep 09 15:22 UTC
"residual_contract_cpu" time elapsed: 00:00:00
----------------------------------------------------------

38/61 Testing: residual_contract_vulkan
38/61 Test: residual_contract_vulkan
Command: "/Users/runner/work/ernie-image-ncnn-vulkan/ernie-image-ncnn-vulkan/build/ernie-residual-contract" "vulkan"
Directory: /Users/runner/work/ernie-image-ncnn-vulkan/ernie-image-ncnn-vulkan/build/tests
"residual_contract_vulkan" start time: Sep 09 15:22 UTC
Output:
----------------------------------------------------------
[0 Apple Paravirtual device]  queueC=0[1]  queueT=0[1]  rebar=1  r-score=10
[0 Apple Paravirtual device]  fp16-p/s/u/a=1/1/1/1  int8-p/s/u/a=1/1/1/1  bf16-p/s=1/0
[0 Apple Paravirtual device]  subgroup=32(4~32)  ops=1/1/1/1/1/1/1/1/1/1
[0 Apple Paravirtual device]  fp16-cm=0  int8-cm=0  bf16-cm=0  fp8-cm=0  fp6-cm=0  fp4-cm=0
overwrite built-in layer type RMSNorm
overwrite built-in layer type LayerNorm
overwrite built-in layer type SDPA
FP32 residual above 65504, normalized projection and finite guards passed
<end of output>
Test time =   0.92 sec
----------------------------------------------------------
Test Passed.
"residual_contract_vulkan" end time: Sep 09 15:22 UTC
"residual_contract_vulkan" time elapsed: 00:00:00
----------------------------------------------------------

39/61 Testing: residual_contract_vulkan_bf16
39/61 Test: residual_contract_vulkan_bf16
Command: "/Users/runner/work/ernie-image-ncnn-vulkan/ernie-image-ncnn-vulkan/build/ernie-residual-contract" "vulkan" "bf16"
Directory: /Users/runner/work/ernie-image-ncnn-vulkan/ernie-image-ncnn-vulkan/build/tests
"residual_contract_vulkan_bf16" start time: Sep 09 15:22 UTC
Output:
----------------------------------------------------------
[0 Apple Paravirtual device]  queueC=0[1]  queueT=0[1]  rebar=1  r-score=10
[0 Apple Paravirtual device]  fp16-p/s/u/a=1/1/1/1  int8-p/s/u/a=1/1/1/1  bf16-p/s=1/0
[0 Apple Paravirtual device]  subgroup=32(4~32)  ops=1/1/1/1/1/1/1/1/1/1
[0 Apple Paravirtual device]  fp16-cm=0  int8-cm=0  bf16-cm=0  fp8-cm=0  fp6-cm=0  fp4-cm=0
<end of output>
Test time =   0.04 sec
----------------------------------------------------------
Test Passed.
"residual_contract_vulkan_bf16" end time: Sep 09 15:22 UTC
"residual_contract_vulkan_bf16" time elapsed: 00:00:00
----------------------------------------------------------

40/61 Testing: rmsnorm_range_cpu
40/61 Test: rmsnorm_range_cpu
Command: "/Users/runner/work/ernie-image-ncnn-vulkan/ernie-image-ncnn-vulkan/build/ernie-rmsnorm-probe" "cpu" "fp32"
Directory: /Users/runner/work/ernie-image-ncnn-vulkan/ernie-image-ncnn-vulkan/build/tests
"rmsnorm_range_cpu" start time: Sep 09 15:22 UTC
Output:
----------------------------------------------------------
overwrite built-in layer type RMSNorm
overwrite built-in layer type RMSNorm
overwrite built-in layer type RMSNorm
overwrite built-in layer type RMSNorm
overwrite built-in layer type RMSNorm
overwrite built-in layer type RMSNorm
{"backend":"cpu","precision":"fp32","native":false,"centered":false,"width":128,"scale":1,"max_abs_error":9.42942e-08,"limit":2e-06,"passed":true}
{"backend":"cpu","precision":"fp32","native":false,"centered":false,"width":128,"scale":512,"max_abs_error":1.13088e-07,"limit":2e-06,"passed":true}
{"backend":"cpu","precision":"fp32","native":false,"centered":false,"width":3072,"scale":1,"max_abs_error":9.42942e-08,"limit":2e-06,"passed":true}
{"backend":"cpu","precision":"fp32","native":false,"centered":false,"width":3072,"scale":512,"max_abs_error":1.13088e-07,"limit":2e-06,"passed":true}
{"backend":"cpu","precision":"fp32","native":false,"centered":false,"width":4096,"scale":1,"max_abs_error":9.42942e-08,"limit":2e-06,"passed":true}
{"backend":"cpu","precision":"fp32","native":false,"centered":false,"width":4096,"scale":512,"max_abs_error":1.13088e-07,"limit":2e-06,"passed":true}
<end of output>
Test time =   0.04 sec
----------------------------------------------------------
Test Passed.
"rmsnorm_range_cpu" end time: Sep 09 15:22 UTC
"rmsnorm_range_cpu" time elapsed: 00:00:00
----------------------------------------------------------

41/61 Testing: layernorm_range_cpu
41/61 Test: layernorm_range_cpu
Command: "/Users/runner/work/ernie-image-ncnn-vulkan/ernie-image-ncnn-vulkan/build/ernie-rmsnorm-probe" "cpu" "fp32" "--layernorm"
Directory: /Users/runner/work/ernie-image-ncnn-vulkan/ernie-image-ncnn-vulkan/build/tests
"layernorm_range_cpu" start time: Sep 09 15:22 UTC
Output:
----------------------------------------------------------
overwrite built-in layer type LayerNorm
overwrite built-in layer type LayerNorm
{"backend":"cpu","precision":"fp32","native":false,"centered":true,"width":4096,"scale":1,"max_abs_error":2.05526e-07,"limit":2e-06,"passed":true}
{"backend":"cpu","precision":"fp32","native":false,"centered":true,"width":4096,"scale":1024,"max_abs_error":7.41049e-08,"limit":2e-06,"passed":true}
<end of output>
Test time =   0.01 sec
----------------------------------------------------------
Test Passed.
"layernorm_range_cpu" end time: Sep 09 15:22 UTC
"layernorm_range_cpu" time elapsed: 00:00:00
----------------------------------------------------------

42/61 Testing: erf_gelu_cpu
42/61 Test: erf_gelu_cpu
Command: "/Users/runner/work/ernie-image-ncnn-vulkan/ernie-image-ncnn-vulkan/build/ernie-gelu-probe" "cpu" "fp32"
Directory: /Users/runner/work/ernie-image-ncnn-vulkan/ernie-image-ncnn-vulkan/build/tests
"erf_gelu_cpu" start time: Sep 09 15:22 UTC
Output:
----------------------------------------------------------
overwrite built-in layer type RMSNorm
overwrite built-in layer type LayerNorm
overwrite built-in layer type SDPA
overwrite built-in layer type GroupNorm
overwrite built-in layer type RMSNorm
overwrite built-in layer type LayerNorm
overwrite built-in layer type SDPA
overwrite built-in layer type GroupNorm
{"backend":"cpu","precision":"fp32","shape":0,"samples":65536,"max_abs_error":3.72798e-07,"limit":2e-06,"passed":true}
{"backend":"cpu","precision":"fp32","shape":1,"samples":98688,"max_abs_error":3.83925e-07,"limit":2e-06,"passed":true}
<end of output>
Test time =   0.03 sec
----------------------------------------------------------
Test Passed.
"erf_gelu_cpu" end time: Sep 09 15:22 UTC
"erf_gelu_cpu" time elapsed: 00:00:00
----------------------------------------------------------

43/61 Testing: erf_gelu_vulkan_fp32
43/61 Test: erf_gelu_vulkan_fp32
Command: "/Users/runner/work/ernie-image-ncnn-vulkan/ernie-image-ncnn-vulkan/build/ernie-gelu-probe" "vulkan" "fp32"
Directory: /Users/runner/work/ernie-image-ncnn-vulkan/ernie-image-ncnn-vulkan/build/tests
"erf_gelu_vulkan_fp32" start time: Sep 09 15:22 UTC
Output:
----------------------------------------------------------
[0 Apple Paravirtual device]  queueC=0[1]  queueT=0[1]  rebar=1  r-score=10
[0 Apple Paravirtual device]  fp16-p/s/u/a=1/1/1/1  int8-p/s/u/a=1/1/1/1  bf16-p/s=1/0
[0 Apple Paravirtual device]  subgroup=32(4~32)  ops=1/1/1/1/1/1/1/1/1/1
[0 Apple Paravirtual device]  fp16-cm=0  int8-cm=0  bf16-cm=0  fp8-cm=0  fp6-cm=0  fp4-cm=0
overwrite built-in layer type RMSNorm
overwrite built-in layer type LayerNorm
overwrite built-in layer type SDPA
overwrite built-in layer type GroupNorm
overwrite built-in layer type RMSNorm
overwrite built-in layer type LayerNorm
overwrite built-in layer type SDPA
overwrite built-in layer type GroupNorm
{"backend":"vulkan","precision":"fp32","shape":0,"samples":65536,"max_abs_error":4.17454e-07,"limit":2e-06,"passed":true}
{"backend":"vulkan","precision":"fp32","shape":1,"samples":98688,"max_abs_error":4.04994e-07,"limit":2e-06,"passed":true}
<end of output>
Test time =   0.31 sec
----------------------------------------------------------
Test Passed.
"erf_gelu_vulkan_fp32" end time: Sep 09 15:22 UTC
"erf_gelu_vulkan_fp32" time elapsed: 00:00:00
----------------------------------------------------------

44/61 Testing: rmsnorm_range_vulkan_fp32
44/61 Test: rmsnorm_range_vulkan_fp32
Command: "/Users/runner/work/ernie-image-ncnn-vulkan/ernie-image-ncnn-vulkan/build/ernie-rmsnorm-probe" "vulkan" "fp32"
Directory: /Users/runner/work/ernie-image-ncnn-vulkan/ernie-image-ncnn-vulkan/build/tests
"rmsnorm_range_vulkan_fp32" start time: Sep 09 15:22 UTC
Output:
----------------------------------------------------------
[0 Apple Paravirtual device]  queueC=0[1]  queueT=0[1]  rebar=1  r-score=10
[0 Apple Paravirtual device]  fp16-p/s/u/a=1/1/1/1  int8-p/s/u/a=1/1/1/1  bf16-p/s=1/0
[0 Apple Paravirtual device]  subgroup=32(4~32)  ops=1/1/1/1/1/1/1/1/1/1
[0 Apple Paravirtual device]  fp16-cm=0  int8-cm=0  bf16-cm=0  fp8-cm=0  fp6-cm=0  fp4-cm=0
overwrite built-in layer type RMSNorm
overwrite built-in layer type RMSNorm
overwrite built-in layer type RMSNorm
overwrite built-in layer type RMSNorm
overwrite built-in layer type RMSNorm
overwrite built-in layer type RMSNorm
{"backend":"vulkan","precision":"fp32","native":false,"centered":false,"width":128,"scale":1,"max_abs_error":9.42942e-08,"limit":2e-06,"passed":true}
{"backend":"vulkan","precision":"fp32","native":false,"centered":false,"width":128,"scale":512,"max_abs_error":8.18747e-08,"limit":2e-06,"passed":true}
{"backend":"vulkan","precision":"fp32","native":false,"centered":false,"width":3072,"scale":1,"max_abs_error":9.42942e-08,"limit":2e-06,"passed":true}
{"backend":"vulkan","precision":"fp32","native":false,"centered":false,"width":3072,"scale":512,"max_abs_error":8.18747e-08,"limit":2e-06,"passed":true}
{"backend":"vulkan","precision":"fp32","native":false,"centered":false,"width":4096,"scale":1,"max_abs_error":9.42942e-08,"limit":2e-06,"passed":true}
{"backend":"vulkan","precision":"fp32","native":false,"centered":false,"width":4096,"scale":512,"max_abs_error":8.18747e-08,"limit":2e-06,"passed":true}
<end of output>
Test time =   1.04 sec
----------------------------------------------------------
Test Passed.
"rmsnorm_range_vulkan_fp32" end time: Sep 09 15:22 UTC
"rmsnorm_range_vulkan_fp32" time elapsed: 00:00:01
----------------------------------------------------------

45/61 Testing: layernorm_range_vulkan_fp32
45/61 Test: layernorm_range_vulkan_fp32
Command: "/Users/runner/work/ernie-image-ncnn-vulkan/ernie-image-ncnn-vulkan/build/ernie-rmsnorm-probe" "vulkan" "fp32" "--layernorm"
Directory: /Users/runner/work/ernie-image-ncnn-vulkan/ernie-image-ncnn-vulkan/build/tests
"layernorm_range_vulkan_fp32" start time: Sep 09 15:22 UTC
Output:
----------------------------------------------------------
[0 Apple Paravirtual device]  queueC=0[1]  queueT=0[1]  rebar=1  r-score=10
[0 Apple Paravirtual device]  fp16-p/s/u/a=1/1/1/1  int8-p/s/u/a=1/1/1/1  bf16-p/s=1/0
[0 Apple Paravirtual device]  subgroup=32(4~32)  ops=1/1/1/1/1/1/1/1/1/1
[0 Apple Paravirtual device]  fp16-cm=0  int8-cm=0  bf16-cm=0  fp8-cm=0  fp6-cm=0  fp4-cm=0
overwrite built-in layer type LayerNorm
overwrite built-in layer type LayerNorm
{"backend":"vulkan","precision":"fp32","native":false,"centered":true,"width":4096,"scale":1,"max_abs_error":2.05526e-07,"limit":2e-06,"passed":true}
{"backend":"vulkan","precision":"fp32","native":false,"centered":true,"width":4096,"scale":1024,"max_abs_error":7.41049e-08,"limit":2e-06,"passed":true}
<end of output>
Test time =   0.62 sec
----------------------------------------------------------
Test Passed.
"layernorm_range_vulkan_fp32" end time: Sep 09 15:22 UTC
"layernorm_range_vulkan_fp32" time elapsed: 00:00:00
----------------------------------------------------------

46/61 Testing: erf_gelu_vulkan_fp16
46/61 Test: erf_gelu_vulkan_fp16
Command: "/Users/runner/work/ernie-image-ncnn-vulkan/ernie-image-ncnn-vulkan/build/ernie-gelu-probe" "vulkan" "fp16"
Directory: /Users/runner/work/ernie-image-ncnn-vulkan/ernie-image-ncnn-vulkan/build/tests
"erf_gelu_vulkan_fp16" start time: Sep 09 15:22 UTC
Output:
----------------------------------------------------------
[0 Apple Paravirtual device]  queueC=0[1]  queueT=0[1]  rebar=1  r-score=10
[0 Apple Paravirtual device]  fp16-p/s/u/a=1/1/1/1  int8-p/s/u/a=1/1/1/1  bf16-p/s=1/0
[0 Apple Paravirtual device]  subgroup=32(4~32)  ops=1/1/1/1/1/1/1/1/1/1
[0 Apple Paravirtual device]  fp16-cm=0  int8-cm=0  bf16-cm=0  fp8-cm=0  fp6-cm=0  fp4-cm=0
overwrite built-in layer type RMSNorm
overwrite built-in layer type LayerNorm
overwrite built-in layer type SDPA
overwrite built-in layer type GroupNorm
overwrite built-in layer type RMSNorm
overwrite built-in layer type LayerNorm
overwrite built-in layer type SDPA
overwrite built-in layer type GroupNorm
{"backend":"vulkan","precision":"fp16","shape":0,"samples":65536,"max_abs_error":0.00390625,"limit":0.008,"passed":true}
{"backend":"vulkan","precision":"fp16","shape":1,"samples":98688,"max_abs_error":0.00390625,"limit":0.008,"passed":true}
<end of output>
Test time =   0.30 sec
----------------------------------------------------------
Test Passed.
[...]
Command: "/Users/runner/work/ernie-image-ncnn-vulkan/ernie-image-ncnn-vulkan/build/ernie-execution-metrics-contract"
Directory: /Users/runner/work/ernie-image-ncnn-vulkan/ernie-image-ncnn-vulkan/build/tests
"execution_metrics_cpu" start time: Sep 09 15:22 UTC
Output:
----------------------------------------------------------
execution metrics CPU contracts passed
<end of output>
Test time =   0.00 sec
----------------------------------------------------------
Test Passed.
"execution_metrics_cpu" end time: Sep 09 15:22 UTC
"execution_metrics_cpu" time elapsed: 00:00:00
----------------------------------------------------------

57/61 Testing: pe_prefill_cpu
57/61 Test: pe_prefill_cpu
Command: "/Users/runner/work/ernie-image-ncnn-vulkan/ernie-image-ncnn-vulkan/build/ernie-pe-prefill-contract"
Directory: /Users/runner/work/ernie-image-ncnn-vulkan/ernie-image-ncnn-vulkan/build/tests
"pe_prefill_cpu" start time: Sep 09 15:22 UTC
Output:
----------------------------------------------------------
overwrite existing custom layer type Prepare
overwrite existing custom layer type Expand
overwrite existing custom layer type State
overwrite existing custom layer type Prepare
overwrite existing custom layer type Expand
overwrite existing custom layer type State
overwrite existing custom layer type Prepare
overwrite existing custom layer type Expand
overwrite existing custom layer type State
overwrite existing custom layer type Prepare
overwrite existing custom layer type Expand
overwrite existing custom layer type State
overwrite existing custom layer type Prepare
overwrite existing custom layer type Expand
overwrite existing custom layer type State
overwrite existing custom layer type Prepare
overwrite existing custom layer type Expand
overwrite existing custom layer type State
overwrite existing custom layer type Prepare
overwrite existing custom layer type Expand
overwrite existing custom layer type State
find_blob_index_by_name out0 failed
Try
    ex.extract("missing", out0);
    ex.extract("out_k", out1);
    ex.extract("out_v", out2);
overwrite existing custom layer type Prepare
overwrite existing custom layer type Expand
overwrite existing custom layer type State
find_blob_index_by_name out_k failed
Try
    ex.extract("out0", out0);
    ex.extract("missing", out1);
    ex.extract("out_v", out2);
overwrite existing custom layer type Prepare
overwrite existing custom layer type Expand
overwrite existing custom layer type State
find_blob_index_by_name out_v failed
Try
    ex.extract("out0", out0);
    ex.extract("out_k", out1);
    ex.extract("missing", out2);
overwrite existing custom layer type Prepare
overwrite existing custom layer type Expand
overwrite existing custom layer type State
PE graph, native causal attention, ownership, validation, failure/reset and4096 capacity passed
<end of output>
Test time =   0.05 sec
----------------------------------------------------------
Test Passed.
"pe_prefill_cpu" end time: Sep 09 15:22 UTC
"pe_prefill_cpu" time elapsed: 00:00:00
----------------------------------------------------------

58/61 Testing: vulkan_memory_errors_cpu
58/61 Test: vulkan_memory_errors_cpu
Command: "/Users/runner/work/ernie-image-ncnn-vulkan/ernie-image-ncnn-vulkan/build/ernie-vulkan-memory-contract"
Directory: /Users/runner/work/ernie-image-ncnn-vulkan/ernie-image-ncnn-vulkan/build/tests
"vulkan_memory_errors_cpu" start time: Sep 09 15:22 UTC
Output:
----------------------------------------------------------
Activation mode and ncnn/Vulkan error classification contracts passed
<end of output>
Test time =   0.02 sec
----------------------------------------------------------
Test Passed.
"vulkan_memory_errors_cpu" end time: Sep 09 15:22 UTC
"vulkan_memory_errors_cpu" time elapsed: 00:00:00
----------------------------------------------------------

59/61 Testing: vulkan_memory_buffers
59/61 Test: vulkan_memory_buffers
Command: "/Users/runner/work/ernie-image-ncnn-vulkan/ernie-image-ncnn-vulkan/build/ernie-vulkan-memory-contract" "vulkan"
Directory: /Users/runner/work/ernie-image-ncnn-vulkan/ernie-image-ncnn-vulkan/build/tests
"vulkan_memory_buffers" start time: Sep 09 15:22 UTC
Output:
----------------------------------------------------------
[0 Apple Paravirtual device]  queueC=0[1]  queueT=0[1]  rebar=1  r-score=10
[0 Apple Paravirtual device]  fp16-p/s/u/a=1/1/1/1  int8-p/s/u/a=1/1/1/1  bf16-p/s=1/0
[0 Apple Paravirtual device]  subgroup=32(4~32)  ops=1/1/1/1/1/1/1/1/1/1
[0 Apple Paravirtual device]  fp16-cm=0  int8-cm=0  bf16-cm=0  fp8-cm=0  fp6-cm=0  fp4-cm=0
vkAllocateMemory failed -2
vkAllocateMemory failed -2
vkAllocateMemory failed -4
vkAllocateMemory failed -10
Injected device allocation OOM recovers; explicit device mode and non-OOM errors retain their boundaries
Actual host memory type=host-visible device-local (unified memory) Vulkan charge=64 bytes; release and refusal contracts passed
Device reuse under pressure preserves backing handles, contiguous ranges, active tensors and clear boundaries
GPU compute/copy exact; mode=2 device=0 host=6 fallbacks=0 host peak=6144
GPU compute/copy exact; mode=0 device=0 host=6 fallbacks=6 host peak=6144
GPU compute/copy exact; mode=1 device=6 host=0 fallbacks=0 host peak=0
GPU compute/copy exact; mode=0 device=6 host=0 fallbacks=0 host peak=0
<end of output>
Test time =   0.76 sec
----------------------------------------------------------
Test Passed.
"vulkan_memory_buffers" end time: Sep 09 15:22 UTC
"vulkan_memory_buffers" time elapsed: 00:00:00
----------------------------------------------------------

60/61 Testing: ncnn_failure_vulkan
60/61 Test: ncnn_failure_vulkan
Command: "/Users/runner/work/ernie-image-ncnn-vulkan/ernie-image-ncnn-vulkan/build/ernie-ncnn-failure-contract"
Directory: /Users/runner/work/ernie-image-ncnn-vulkan/ernie-image-ncnn-vulkan/build/tests
"ncnn_failure_vulkan" start time: Sep 09 15:22 UTC
Output:
----------------------------------------------------------
[0 Apple Paravirtual device]  queueC=0[1]  queueT=0[1]  rebar=1  r-score=10
[0 Apple Paravirtual device]  fp16-p/s/u/a=1/1/1/1  int8-p/s/u/a=1/1/1/1  bf16-p/s=1/0
[0 Apple Paravirtual device]  subgroup=32(4~32)  ops=1/1/1/1/1/1/1/1/1/1
[0 Apple Paravirtual device]  fp16-cm=0  int8-cm=0  bf16-cm=0  fp8-cm=0  fp6-cm=0  fp4-cm=0
vkAllocateMemory failed -2
vkAllocateMemory failed -1
vkAllocateMemory failed -4
vkAllocateMemory failed -3
vkCreateBuffer for weights failed -2
vkCreateCommandPool failed -1
vkCreateCommandPool failed -3
vkCreateFence failed -1
vkQueueSubmit failed -2
vkQueueSubmit failed -1
vkQueueSubmit failed -4
vkWaitForFences failed -1
vkWaitForFences failed -1
device OOM allocation passed
host OOM allocation passed
allocation device loss passed
non-OOM allocation passed
buffer creation OOM passed
mapping OOM cleanup passed
command constructor OOM passed
command constructor fatal passed
partial command constructor OOM passed
compute submit OOM passed
transfer submit OOM passed
submit device loss passed
compute wait OOM drains queue passed
transfer wait OOM drains queue passed
concurrent queue reuse passed
<end of output>
Test time =   0.08 sec
----------------------------------------------------------
Test Passed.
"ncnn_failure_vulkan" end time: Sep 09 15:22 UTC
"ncnn_failure_vulkan" time elapsed: 00:00:00
----------------------------------------------------------

61/61 Testing: memory_execution_vulkan
61/61 Test: memory_execution_vulkan
Command: "/Users/runner/work/ernie-image-ncnn-vulkan/ernie-image-ncnn-vulkan/build/ernie-memory-execution-contract"
Directory: /Users/runner/work/ernie-image-ncnn-vulkan/ernie-image-ncnn-vulkan/build/tests
"memory_execution_vulkan" start time: Sep 09 15:22 UTC
Output:
----------------------------------------------------------
[0 Apple Paravirtual device]  queueC=0[1]  queueT=0[1]  rebar=1  r-score=10
[0 Apple Paravirtual device]  fp16-p/s/u/a=1/1/1/1  int8-p/s/u/a=1/1/1/1  bf16-p/s=1/0
[0 Apple Paravirtual device]  subgroup=32(4~32)  ops=1/1/1/1/1/1/1/1/1/1
[0 Apple Paravirtual device]  fp16-cm=0  int8-cm=0  bf16-cm=0  fp8-cm=0  fp6-cm=0  fp4-cm=0
overwrite built-in layer type RMSNorm
overwrite built-in layer type LayerNorm
overwrite built-in layer type SDPA
overwrite built-in layer type RMSNorm
overwrite built-in layer type LayerNorm
overwrite built-in layer type SDPA
overwrite built-in layer type RMSNorm
overwrite built-in layer type LayerNorm
overwrite built-in layer type SDPA
overwrite built-in layer type RMSNorm
overwrite built-in layer type LayerNorm
overwrite built-in layer type SDPA
overwrite built-in layer type RMSNorm
overwrite built-in layer type LayerNorm
overwrite built-in layer type SDPA
overwrite built-in layer type RMSNorm
overwrite built-in layer type LayerNorm
overwrite built-in layer type SDPA
overwrite built-in layer type RMSNorm
overwrite built-in layer type LayerNorm
overwrite built-in layer type SDPA
overwrite built-in layer type RMSNorm
overwrite built-in layer type LayerNorm
overwrite built-in layer type SDPA
overwrite built-in layer type RMSNorm
overwrite built-in layer type LayerNorm
overwrite built-in layer type SDPA
overwrite built-in layer type RMSNorm
overwrite built-in layer type LayerNorm
overwrite built-in layer type SDPA
overwrite built-in layer type RMSNorm
overwrite built-in layer type LayerNorm
overwrite built-in layer type SDPA
overwrite built-in layer type RMSNorm
overwrite built-in layer type LayerNorm
overwrite built-in layer type SDPA
overwrite built-in layer type RMSNorm
overwrite built-in layer type LayerNorm
overwrite built-in layer type SDPA
overwrite built-in layer type RMSNorm
overwrite built-in layer type LayerNorm
overwrite built-in layer type SDPA
overwrite built-in layer type RMSNorm
overwrite built-in layer type LayerNorm
overwrite built-in layer type SDPA
overwrite built-in layer type RMSNorm
overwrite built-in layer type LayerNorm
overwrite built-in layer type SDPA
overwrite built-in layer type RMSNorm
overwrite built-in layer type LayerNorm
overwrite built-in layer type SDPA
overwrite built-in layer type RMSNorm
overwrite built-in layer type LayerNorm
overwrite built-in layer type SDPA
overwrite built-in layer type RMSNorm
overwrite built-in layer type LayerNorm
overwrite built-in layer type SDPA
overwrite built-in layer type RMSNorm
overwrite built-in layer type LayerNorm
overwrite built-in layer type SDPA
overwrite built-in layer type RMSNorm
overwrite built-in layer type LayerNorm
overwrite built-in layer type SDPA
overwrite built-in layer type RMSNorm
overwrite built-in layer type LayerNorm
overwrite built-in layer type SDPA
overwrite built-in layer type RMSNorm
overwrite built-in layer type LayerNorm
overwrite built-in layer type SDPA
overwrite built-in layer type RMSNorm
overwrite built-in layer type LayerNorm
overwrite built-in layer type SDPA
overwrite built-in layer type RMSNorm
overwrite built-in layer type LayerNorm
overwrite built-in layer type SDPA
overwrite built-in layer type RMSNorm
overwrite built-in layer type LayerNorm
overwrite built-in layer type SDPA
overwrite built-in layer type RMSNorm
overwrite built-in layer type LayerNorm
overwrite built-in layer type SDPA
overwrite built-in layer type RMSNorm
overwrite built-in layer type LayerNorm
overwrite built-in layer type SDPA
overwrite built-in layer type RMSNorm
overwrite built-in layer type LayerNorm
overwrite built-in layer type SDPA
overwrite built-in layer type RMSNorm
overwrite built-in layer type LayerNorm
overwrite built-in layer type SDPA
overwrite built-in layer type RMSNorm
overwrite built-in layer type LayerNorm
overwrite built-in layer type SDPA
overwrite built-in layer type RMSNorm
overwrite built-in layer type LayerNorm
overwrite built-in layer type SDPA
overwrite built-in layer type RMSNorm
overwrite built-in layer type LayerNorm
overwrite built-in layer type SDPA
param is too old, please regenerate
overwrite built-in layer type RMSNorm
overwrite built-in layer type LayerNorm
overwrite built-in layer type SDPA
overwrite built-in layer type RMSNorm
overwrite built-in layer type LayerNorm
overwrite built-in layer type SDPA
overwrite built-in layer type RMSNorm
overwrite built-in layer type LayerNorm
overwrite built-in layer type SDPA
overwrite built-in layer type RMSNorm
overwrite built-in layer type LayerNorm
overwrite built-in layer type SDPA
overwrite built-in layer type RMSNorm
overwrite built-in layer type LayerNorm
overwrite built-in layer type SDPA
overwrite built-in layer type RMSNorm
overwrite built-in layer type LayerNorm
overwrite built-in layer type SDPA
overwrite built-in layer type RMSNorm
overwrite built-in layer type LayerNorm
overwrite built-in layer type SDPA
overwrite built-in layer type RMSNorm
overwrite built-in layer type LayerNorm
overwrite built-in layer type SDPA
overwrite built-in layer type RMSNorm
overwrite built-in layer type LayerNorm
overwrite built-in layer type SDPA
overwrite built-in layer type RMSNorm
overwrite built-in layer type LayerNorm
overwrite built-in layer type SDPA
overwrite built-in layer type RMSNorm
overwrite built-in layer type LayerNorm
overwrite built-in layer type SDPA
overwrite built-in layer type RMSNorm
overwrite built-in layer type LayerNorm
overwrite built-in layer type SDPA
overwrite built-in layer type RMSNorm
overwrite built-in layer type LayerNorm
overwrite built-in layer type SDPA
overwrite built-in layer type RMSNorm
overwrite built-in layer type LayerNorm
overwrite built-in layer type SDPA
overwrite built-in layer type RMSNorm
overwrite built-in layer type LayerNorm
overwrite built-in layer type SDPA
overwrite built-in layer type RMSNorm
overwrite built-in layer type LayerNorm
overwrite built-in layer type SDPA
overwrite built-in layer type RMSNorm
overwrite built-in layer type LayerNorm
overwrite built-in layer type SDPA
overwrite built-in layer type RMSNorm
overwrite built-in layer type LayerNorm
overwrite built-in layer type SDPA
overwrite built-in layer type RMSNorm
overwrite built-in layer type LayerNorm
overwrite built-in layer type SDPA
overwrite built-in layer type RMSNorm
overwrite built-in layer type LayerNorm
overwrite built-in layer type SDPA
overwrite built-in layer type RMSNorm
overwrite built-in layer type LayerNorm
overwrite built-in layer type SDPA
overwrite built-in layer type RMSNorm
overwrite built-in layer type LayerNorm
overwrite built-in layer type SDPA
overwrite built-in layer type RMSNorm
overwrite built-in layer type LayerNorm
overwrite built-in layer type SDPA
overwrite built-in layer type RMSNorm
overwrite built-in layer type LayerNorm
overwrite built-in layer type SDPA
overwrite built-in layer type RMSNorm
overwrite built-in layer type LayerNorm
overwrite built-in layer type SDPA
overwrite built-in layer type RMSNorm
overwrite built-in layer type LayerNorm
overwrite built-in layer type SDPA
overwrite built-in layer type RMSNorm
overwrite built-in layer type LayerNorm
overwrite built-in layer type SDPA
overwrite built-in layer type RMSNorm
overwrite built-in layer type LayerNorm
overwrite built-in layer type SDPA
overwrite built-in layer type RMSNorm
overwrite built-in layer type LayerNorm
overwrite built-in layer type SDPA
overwrite built-in layer type RMSNorm
overwrite built-in layer type LayerNorm
overwrite built-in layer type SDPA
overwrite built-in layer type RMSNorm
overwrite built-in layer type LayerNorm
overwrite built-in layer type SDPA
overwrite built-in layer type RMSNorm
overwrite built-in layer type LayerNorm
overwrite built-in layer type SDPA
overwrite built-in layer type RMSNorm
overwrite built-in layer type LayerNorm
overwrite built-in layer type SDPA
overwrite built-in layer type RMSNorm
overwrite built-in layer type LayerNorm
overwrite built-in layer type SDPA
overwrite built-in layer type RMSNorm
overwrite built-in layer type LayerNorm
overwrite built-in layer type SDPA
overwrite built-in layer type RMSNorm
overwrite built-in layer type LayerNorm
overwrite built-in layer type SDPA
overwrite built-in layer type RMSNorm
overwrite built-in layer type LayerNorm
overwrite built-in layer type SDPA
overwrite built-in layer type RMSNorm
overwrite built-in layer type LayerNorm
overwrite built-in layer type SDPA
overwrite built-in layer type RMSNorm
overwrite built-in layer type LayerNorm
overwrite built-in layer type SDPA
overwrite built-in layer type RMSNorm
overwrite built-in layer type LayerNorm
overwrite built-in layer type SDPA
overwrite built-in layer type RMSNorm
overwrite built-in layer type LayerNorm
overwrite built-in layer type SDPA
overwrite built-in layer type RMSNorm
overwrite built-in layer type LayerNorm
overwrite built-in layer type SDPA
overwrite built-in layer type RMSNorm
overwrite built-in layer type LayerNorm
overwrite built-in layer type SDPA
overwrite built-in layer type RMSNorm
overwrite built-in layer type LayerNorm
overwrite built-in layer type SDPA
overwrite built-in layer type RMSNorm
overwrite built-in layer type LayerNorm
overwrite built-in layer type SDPA
overwrite built-in layer type RMSNorm
overwrite built-in layer type LayerNorm
overwrite built-in layer type SDPA
overwrite built-in layer type RMSNorm
overwrite built-in layer type LayerNorm
overwrite built-in layer type SDPA
overwrite built-in layer type RMSNorm
overwrite built-in layer type LayerNorm
overwrite built-in layer type SDPA
overwrite built-in layer type RMSNorm
overwrite built-in layer type LayerNorm
overwrite built-in layer type SDPA
overwrite built-in layer type RMSNorm
overwrite built-in layer type LayerNorm
overwrite built-in layer type SDPA
overwrite built-in layer type RMSNorm
overwrite built-in layer type LayerNorm
overwrite built-in layer type SDPA
overwrite built-in layer type RMSNorm
overwrite built-in layer type LayerNorm
overwrite built-in layer type SDPA
overwrite built-in layer type RMSNorm
overwrite built-in layer type LayerNorm
overwrite built-in layer type SDPA
overwrite built-in layer type RMSNorm
overwrite built-in layer type LayerNorm
overwrite built-in layer type SDPA
overwrite built-in layer type RMSNorm
overwrite built-in layer type LayerNorm
overwrite built-in layer type SDPA
overwrite built-in layer type RMSNorm
overwrite built-in layer type LayerNorm
overwrite built-in layer type SDPA
overwrite built-in layer type RMSNorm
overwrite built-in layer type LayerNorm
overwrite built-in layer type SDPA
overwrite built-in layer type RMSNorm
overwrite built-in layer type LayerNorm
overwrite built-in layer type SDPA
overwrite built-in layer type RMSNorm
overwrite built-in layer type LayerNorm
overwrite built-in layer type SDPA
overwrite built-in layer type RMSNorm
overwrite built-in layer type LayerNorm
overwrite built-in layer type SDPA
overwrite built-in layer type RMSNorm
overwrite built-in layer type LayerNorm
overwrite built-in layer type SDPA
overwrite built-in layer type RMSNorm
overwrite built-in layer type LayerNorm
overwrite built-in layer type SDPA
overwrite built-in layer type RMSNorm
overwrite built-in layer type LayerNorm
overwrite built-in layer type SDPA
overwrite built-in layer type RMSNorm
overwrite built-in layer type LayerNorm
overwrite built-in layer type SDPA
overwrite built-in layer type RMSNorm
overwrite built-in layer type LayerNorm
overwrite built-in layer type SDPA
overwrite built-in layer type RMSNorm
overwrite built-in layer type LayerNorm
overwrite built-in layer type SDPA
overwrite built-in layer type RMSNorm
overwrite built-in layer type LayerNorm
overwrite built-in layer type SDPA
Tiny host-weight probe charge=unverified/device-local
Prefetch: exact GEMM, bounded admission, current headroom, inspected residency, cache and unwind passed
Recovery: real Euler steps, exact resumed output, absolute schedule, bounded failures and fatal callbacks passed
<end of output>
Test time =   2.45 sec
----------------------------------------------------------
Test Passed.
"memory_execution_vulkan" end time: Sep 09 15:22 UTC
"memory_execution_vulkan" time elapsed: 00:00:02
----------------------------------------------------------

End testing: Sep 09 15:22 UTC
