Start testing: Sep 09 15:01 Coordinated Universal Time
----------------------------------------------------------
1/61 Testing: native_cache_cpu
1/61 Test: native_cache_cpu
Command: "D:/a/ernie-image-ncnn-vulkan/ernie-image-ncnn-vulkan/build/ernie-attention-probe.exe" "--backend" "cpu"
Directory: D:/a/ernie-image-ncnn-vulkan/ernie-image-ncnn-vulkan/build/tests
"native_cache_cpu" start time: Sep 09 15:01 Coordinated Universal Time
Output:
----------------------------------------------------------
{"ncnn_revision":"3b7bdba7fc8aea8fd46779533eee027df77c639d","q_heads":32,"kv_heads":8,"head_dim":128,"backend":"cpu","runtime_layer":false}
{"configuration":"cpu_fp32_dedicated","case":"prefill_decode_reuse","tokens":40,"steps":9,"hint":128,"key_backing_allocations":1,"value_backing_allocations":1,"max_abs_error":2.16066837e-07,"nrmse":9.71662028e-08,"atol":2e-05,"nrmse_limit":2e-05,"passed":true}
{"configuration":"cpu_fp32_dedicated","case":"reset_and_growth","tokens":65,"steps":7,"hint":8,"key_backing_allocations":3,"value_backing_allocations":3,"max_abs_error":1.93715096e-07,"nrmse":1.06372189e-07,"atol":2e-05,"nrmse_limit":2e-05,"passed":true}
{"configuration":"cpu_fp32_dedicated","case":"fresh_prompt_after_reset","tokens":9,"steps":3,"hint":16,"key_backing_allocations":1,"value_backing_allocations":1,"max_abs_error":1.49011612e-07,"nrmse":7.27753344e-08,"atol":2e-05,"nrmse_limit":2e-05,"passed":true}
{"configuration":"cpu_fp32_default","case":"prefill_decode_reuse","tokens":40,"steps":9,"hint":128,"key_backing_allocations":1,"value_backing_allocations":1,"max_abs_error":2.16066837e-07,"nrmse":9.71662028e-08,"atol":2e-05,"nrmse_limit":2e-05,"passed":true}
{"configuration":"cpu_fp32_default","case":"reset_and_growth","tokens":65,"steps":7,"hint":8,"key_backing_allocations":3,"value_backing_allocations":3,"max_abs_error":1.93715096e-07,"nrmse":1.06372189e-07,"atol":2e-05,"nrmse_limit":2e-05,"passed":true}
{"configuration":"cpu_fp32_default","case":"fresh_prompt_after_reset","tokens":9,"steps":3,"hint":16,"key_backing_allocations":1,"value_backing_allocations":1,"max_abs_error":1.49011612e-07,"nrmse":7.27753344e-08,"atol":2e-05,"nrmse_limit":2e-05,"passed":true}
<end of output>
Test time =   0.15 sec
----------------------------------------------------------
Test Passed.
"native_cache_cpu" end time: Sep 09 15:01 Coordinated Universal Time
"native_cache_cpu" time elapsed: 00:00:00
----------------------------------------------------------

2/61 Testing: runtime_cache_cpu
2/61 Test: runtime_cache_cpu
Command: "D:/a/ernie-image-ncnn-vulkan/ernie-image-ncnn-vulkan/build/ernie-attention-probe.exe" "--backend" "cpu" "--runtime-layer"
Directory: D:/a/ernie-image-ncnn-vulkan/ernie-image-ncnn-vulkan/build/tests
"runtime_cache_cpu" start time: Sep 09 15:01 Coordinated Universal Time
Output:
----------------------------------------------------------
overwrite built-in layer type SDPA
overwrite built-in layer type SDPA
{"ncnn_revision":"3b7bdba7fc8aea8fd46779533eee027df77c639d","q_heads":32,"kv_heads":8,"head_dim":128,"backend":"cpu","runtime_layer":true}
{"configuration":"cpu_fp32_dedicated","case":"prefill_decode_reuse","tokens":40,"steps":9,"hint":128,"key_backing_allocations":1,"value_backing_allocations":1,"max_abs_error":2.16066837e-07,"nrmse":9.71662028e-08,"atol":2e-05,"nrmse_limit":2e-05,"passed":true}
{"configuration":"cpu_fp32_dedicated","case":"reset_and_growth","tokens":65,"steps":7,"hint":8,"key_backing_allocations":3,"value_backing_allocations":3,"max_abs_error":1.93715096e-07,"nrmse":1.06372189e-07,"atol":2e-05,"nrmse_limit":2e-05,"passed":true}
{"configuration":"cpu_fp32_dedicated","case":"fresh_prompt_after_reset","tokens":9,"steps":3,"hint":16,"key_backing_allocations":1,"value_backing_allocations":1,"max_abs_error":1.49011612e-07,"nrmse":7.27753344e-08,"atol":2e-05,"nrmse_limit":2e-05,"passed":true}
{"configuration":"cpu_fp32_default","case":"prefill_decode_reuse","tokens":40,"steps":9,"hint":128,"key_backing_allocations":1,"value_backing_allocations":1,"max_abs_error":2.16066837e-07,"nrmse":9.71662028e-08,"atol":2e-05,"nrmse_limit":2e-05,"passed":true}
{"configuration":"cpu_fp32_default","case":"reset_and_growth","tokens":65,"steps":7,"hint":8,"key_backing_allocations":3,"value_backing_allocations":3,"max_abs_error":1.93715096e-07,"nrmse":1.06372189e-07,"atol":2e-05,"nrmse_limit":2e-05,"passed":true}
{"configuration":"cpu_fp32_default","case":"fresh_prompt_after_reset","tokens":9,"steps":3,"hint":16,"key_backing_allocations":1,"value_backing_allocations":1,"max_abs_error":1.49011612e-07,"nrmse":7.27753344e-08,"atol":2e-05,"nrmse_limit":2e-05,"passed":true}
<end of output>
Test time =   0.12 sec
----------------------------------------------------------
Test Passed.
"runtime_cache_cpu" end time: Sep 09 15:01 Coordinated Universal Time
"runtime_cache_cpu" time elapsed: 00:00:00
----------------------------------------------------------

3/61 Testing: native_cache_vulkan
3/61 Test: native_cache_vulkan
Command: "D:/a/ernie-image-ncnn-vulkan/ernie-image-ncnn-vulkan/build/ernie-attention-probe.exe" "--backend" "vulkan"
Directory: D:/a/ernie-image-ncnn-vulkan/ernie-image-ncnn-vulkan/build/tests
"native_cache_vulkan" start time: Sep 09 15:01 Coordinated Universal Time
Output:
----------------------------------------------------------
vkCreateInstance failed -9
{"ncnn_revision":"3b7bdba7fc8aea8fd46779533eee027df77c639d","q_heads":32,"kv_heads":8,"head_dim":128,"backend":"vulkan","runtime_layer":false}
SKIP: no Vulkan device available
<end of output>
Test time =   0.19 sec
----------------------------------------------------------
Test Passed.
"native_cache_vulkan" end time: Sep 09 15:01 Coordinated Universal Time
"native_cache_vulkan" time elapsed: 00:00:00
----------------------------------------------------------

4/61 Testing: runtime_cache_vulkan
4/61 Test: runtime_cache_vulkan
Command: "D:/a/ernie-image-ncnn-vulkan/ernie-image-ncnn-vulkan/build/ernie-attention-probe.exe" "--backend" "vulkan" "--runtime-layer"
Directory: D:/a/ernie-image-ncnn-vulkan/ernie-image-ncnn-vulkan/build/tests
"runtime_cache_vulkan" start time: Sep 09 15:01 Coordinated Universal Time
Output:
----------------------------------------------------------
vkCreateInstance failed -9
{"ncnn_revision":"3b7bdba7fc8aea8fd46779533eee027df77c639d","q_heads":32,"kv_heads":8,"head_dim":128,"backend":"vulkan","runtime_layer":true}
SKIP: no Vulkan device available
<end of output>
Test time =   0.02 sec
----------------------------------------------------------
Test Passed.
"runtime_cache_vulkan" end time: Sep 09 15:01 Coordinated Universal Time
"runtime_cache_vulkan" time elapsed: 00:00:00
----------------------------------------------------------

5/61 Testing: attention_long_fp32_accuracy
5/61 Test: attention_long_fp32_accuracy
Command: "D:/a/ernie-image-ncnn-vulkan/ernie-image-ncnn-vulkan/build/ernie-attention-accuracy-probe.exe"
Directory: D:/a/ernie-image-ncnn-vulkan/ernie-image-ncnn-vulkan/build/tests
"attention_long_fp32_accuracy" start time: Sep 09 15:01 Coordinated Universal Time
Output:
----------------------------------------------------------
vkCreateInstance failed -9
<end of output>
Test time =   0.03 sec
----------------------------------------------------------
Test Passed.
"attention_long_fp32_accuracy" end time: Sep 09 15:01 Coordinated Universal Time
"attention_long_fp32_accuracy" time elapsed: 00:00:00
----------------------------------------------------------

6/61 Testing: attention_bounded_workspace
6/61 Test: attention_bounded_workspace
Command: "D:/a/ernie-image-ncnn-vulkan/ernie-image-ncnn-vulkan/build/ernie-attention-workspace-probe.exe"
Directory: D:/a/ernie-image-ncnn-vulkan/ernie-image-ncnn-vulkan/build/tests
"attention_bounded_workspace" start time: Sep 09 15:01 Coordinated Universal Time
Output:
----------------------------------------------------------
vkCreateInstance failed -9
<end of output>
Test time =   0.03 sec
----------------------------------------------------------
Test Passed.
"attention_bounded_workspace" end time: Sep 09 15:01 Coordinated Universal Time
"attention_bounded_workspace" time elapsed: 00:00:00
----------------------------------------------------------

7/61 Testing: utf8_paths_contract
7/61 Test: utf8_paths_contract
Command: "D:/a/ernie-image-ncnn-vulkan/ernie-image-ncnn-vulkan/build/ernie-utf8-paths-contract.exe"
Directory: D:/a/ernie-image-ncnn-vulkan/ernie-image-ncnn-vulkan/build/tests
"utf8_paths_contract" start time: Sep 09 15:01 Coordinated Universal Time
Output:
----------------------------------------------------------
Native Unicode paths, UTF-8 API/Rust/CLI, prompt and tensor I/O passed; no model inference
<end of output>
Test time =   0.02 sec
----------------------------------------------------------
Test Passed.
"utf8_paths_contract" end time: Sep 09 15:01 Coordinated Universal Time
"utf8_paths_contract" time elapsed: 00:00:00
----------------------------------------------------------

8/61 Testing: generation_report_writer
8/61 Test: generation_report_writer
Command: "D:/a/ernie-image-ncnn-vulkan/ernie-image-ncnn-vulkan/build/ernie-generation-report-contract.exe"
Directory: D:/a/ernie-image-ncnn-vulkan/ernie-image-ncnn-vulkan/build/tests
"generation_report_writer" start time: Sep 09 15:01 Coordinated Universal Time
Output:
----------------------------------------------------------
{"schema_version":1,"status":"success","trace_enabled":false,"allocation_instrumentation":false,"shape":[512,384],"shape_order":"WH","model":{"schema_version":3,"source_width":1024,"source_height":1024,"text_bucket":32,"dit_text_tokens":64},"vulkan_gpu_index":0,"request":{"device":"vulkan","precision":"fp32","vae_device":"cpu","vae_convolution":"direct","text_device":"cpu","text_down_vector":false,"threads":4,"steps":8,"seed":42,"dit_weights":"auto","gpu_reserve_mib":512,"dit_cache_mib":0,"ram_reserve_mib":3072,"dit_prefetch_mib":1024,"gpu_memory":"auto","gpu_spill_mib":2048,"oom_retries":3,"model_loading":"default","img2img":false,"resize":"none","strength":null},"model_loading_requested":"mapped","placement_requests":{"gpu":0,"ram":262,"budget_unavailable":0},"weight_cache":{"hits":42,"loads":0,"peak_charged_bytes":5687678976,"peak_nets":0,"evictions":0,"budget_unavailable":0},"weight_prefetch":{"started":3,"used":2,"skipped":1,"peak_charged_bytes":536870912,"overlap_seconds":0.25},"gpu_memory":{"device_allocations":32,"host_allocations":16,"host_peak_bytes":536870912,"fallbacks":8,"allocation_failures":2,"host_device_local_allocations":4,"host_non_device_local_allocations":12},"memory_recovery":{"retries":2,"attention_query_rows":32},"prompt":"中文 \"quote\"\\\u000d\u000a\u0009\u0000","token_ids":[1,23,131071],"pe":{"enabled":false,"greedy":false,"max_tokens":2048,"generated_tokens":0,"eos":false},"generation_seconds":1.25,"image_write_seconds":0.125,"vae_and_image_encode_seconds":0.875,"total_seconds":1.375,"progress":[{"stage":"text","current":3,"total":32,"seconds":0.5},{"stage":"denoise","current":1,"total":1,"seconds":0.125}],"time_scope":"host generation and image write; excludes report serialization and process startup","progress_scope":"verify is cumulative from generation start; text is the text stage; denoise is per step","memory_scope":"weight placement requests, charged cache/prefetch weights and actual DiT host-buffer allocations; not complete residency or process peak"}
<end of output>
Test time =   0.01 sec
----------------------------------------------------------
Test Passed.
"generation_report_writer" end time: Sep 09 15:01 Coordinated Universal Time
"generation_report_writer" time elapsed: 00:00:00
----------------------------------------------------------

9/61 Testing: pipeline_api_contract
9/61 Test: pipeline_api_contract
Command: "D:/a/ernie-image-ncnn-vulkan/ernie-image-ncnn-vulkan/build/ernie-pipeline-api-contract.exe"
Directory: D:/a/ernie-image-ncnn-vulkan/ernie-image-ncnn-vulkan/build/tests
"pipeline_api_contract" start time: Sep 09 15:01 Coordinated Universal Time
Output:
----------------------------------------------------------
vkCreateInstance failed -9
Public C++ API builds without private headers and reports runtime capabilities
<end of output>
Test time =   0.03 sec
----------------------------------------------------------
Test Passed.
"pipeline_api_contract" end time: Sep 09 15:01 Coordinated Universal Time
"pipeline_api_contract" time elapsed: 00:00:00
----------------------------------------------------------

10/61 Testing: request_validation_contract
10/61 Test: request_validation_contract
Command: "D:/a/ernie-image-ncnn-vulkan/ernie-image-ncnn-vulkan/build/ernie-request-validation-contract.exe"
Directory: D:/a/ernie-image-ncnn-vulkan/ernie-image-ncnn-vulkan/build/tests
"request_validation_contract" start time: Sep 09 15:01 Coordinated Universal Time
Output:
----------------------------------------------------------
vkCreateInstance failed -9
Request validation rejects invalid and unavailable configurations before model loading
<end of output>
Test time =   0.03 sec
----------------------------------------------------------
Test Passed.
"request_validation_contract" end time: Sep 09 15:01 Coordinated Universal Time
"request_validation_contract" time elapsed: 00:00:00
----------------------------------------------------------

11/61 Testing: gpu_context_contract
11/61 Test: gpu_context_contract
Command: "D:/a/ernie-image-ncnn-vulkan/ernie-image-ncnn-vulkan/build/ernie-gpu-context-contract.exe"
Directory: D:/a/ernie-image-ncnn-vulkan/ernie-image-ncnn-vulkan/build/tests
"gpu_context_contract" start time: Sep 09 15:01 Coordinated Universal Time
Output:
----------------------------------------------------------
vkCreateInstance failed -9
<end of output>
Test time =   0.03 sec
----------------------------------------------------------
Test Passed.
"gpu_context_contract" end time: Sep 09 15:01 Coordinated Universal Time
"gpu_context_contract" time elapsed: 00:00:00
----------------------------------------------------------

12/61 Testing: gpu_context_missing_driver
12/61 Test: gpu_context_missing_driver
Command: "D:/a/ernie-image-ncnn-vulkan/ernie-image-ncnn-vulkan/build/ernie-gpu-context-contract.exe" "--without-driver"
Directory: D:/a/ernie-image-ncnn-vulkan/ernie-image-ncnn-vulkan/build/tests
"gpu_context_missing_driver" start time: Sep 09 15:01 Coordinated Universal Time
Output:
----------------------------------------------------------
vkCreateInstance failed -9
vkCreateInstance failed -9
vkCreateInstance failed -9
vkCreateInstance failed -9
Missing driver diagnosis and strict inference remain independent
<end of output>
Test time =   0.04 sec
----------------------------------------------------------
Test Passed.
"gpu_context_missing_driver" end time: Sep 09 15:01 Coordinated Universal Time
"gpu_context_missing_driver" time elapsed: 00:00:00
----------------------------------------------------------

13/61 Testing: prompt_file_contract
13/61 Test: prompt_file_contract
Command: "D:/a/ernie-image-ncnn-vulkan/ernie-image-ncnn-vulkan/build/ernie-prompt-file-contract.exe"
Directory: D:/a/ernie-image-ncnn-vulkan/ernie-image-ncnn-vulkan/build/tests
"prompt_file_contract" start time: Sep 09 15:01 Coordinated Universal Time
Output:
----------------------------------------------------------
Prompt BOM, exact whitespace and UTF-8 boundaries passed
<end of output>
Test time =   0.02 sec
----------------------------------------------------------
Test Passed.
"prompt_file_contract" end time: Sep 09 15:01 Coordinated Universal Time
"prompt_file_contract" time elapsed: 00:00:00
----------------------------------------------------------

14/61 Testing: image_io_contract
14/61 Test: image_io_contract
Command: "D:/a/ernie-image-ncnn-vulkan/ernie-image-ncnn-vulkan/build/ernie-image-io-contract.exe"
Directory: D:/a/ernie-image-ncnn-vulkan/ernie-image-ncnn-vulkan/build/tests
"image_io_contract" start time: Sep 09 15:01 Coordinated Universal Time
Output:
----------------------------------------------------------
PNG/JPEG/BMP/TGA image I/O contracts passed
<end of output>
Test time =   0.04 sec
----------------------------------------------------------
Test Passed.
"image_io_contract" end time: Sep 09 15:01 Coordinated Universal Time
"image_io_contract" time elapsed: 00:00:00
----------------------------------------------------------

15/61 Testing: pe_sampling_contract
15/61 Test: pe_sampling_contract
Command: "D:/a/ernie-image-ncnn-vulkan/ernie-image-ncnn-vulkan/build/ernie-pe-sampling-contract.exe"
Directory: D:/a/ernie-image-ncnn-vulkan/ernie-image-ncnn-vulkan/build/tests
"pe_sampling_contract" start time: Sep 09 15:01 Coordinated Universal Time
Output:
----------------------------------------------------------
PE greedy, 100000-draw distribution, nucleus, bounds and finite-value contracts passed
<end of output>
Test time =   0.05 sec
----------------------------------------------------------
Test Passed.
"pe_sampling_contract" end time: Sep 09 15:01 Coordinated Universal Time
"pe_sampling_contract" time elapsed: 00:00:00
----------------------------------------------------------

16/61 Testing: generation_report_json
16/61 Test: generation_report_json
Command: "C:/hostedtoolcache/windows/Python/3.14.7/x64/python3.exe" "-m" "unittest" "discover" "-s" "D:/a/ernie-image-ncnn-vulkan/ernie-image-ncnn-vulkan/tests" "-p" "test_generation_report.py" "-v"
Directory: D:/a/ernie-image-ncnn-vulkan/ernie-image-ncnn-vulkan/build/tests
"generation_report_json" start time: Sep 09 15:01 Coordinated Universal Time
Output:
----------------------------------------------------------
test_native_json_roundtrip (test_generation_report.GenerationReportTest.test_native_json_roundtrip) ... ok

----------------------------------------------------------------------
Ran 1 test in 0.011s

OK
<end of output>
Test time =   0.25 sec
----------------------------------------------------------
Test Passed.
"generation_report_json" end time: Sep 09 15:01 Coordinated Universal Time
"generation_report_json" time elapsed: 00:00:00
----------------------------------------------------------

17/61 Testing: pe_package_integrity
17/61 Test: pe_package_integrity
Command: "C:/hostedtoolcache/windows/Python/3.14.7/x64/python3.exe" "-m" "unittest" "discover" "-s" "D:/a/ernie-image-ncnn-vulkan/ernie-image-ncnn-vulkan/tests" "-p" "test_pe_package.py" "-v"
Directory: D:/a/ernie-image-ncnn-vulkan/ernie-image-ncnn-vulkan/build/tests
"pe_package_integrity" start time: Sep 09 15:01 Coordinated Universal Time
Output:
----------------------------------------------------------
test_complete_package (test_pe_package.PePackageTests.test_complete_package) ... ok
test_missing_head (test_pe_package.PePackageTests.test_missing_head) ... ok
test_move_without_source (test_pe_package.PePackageTests.test_move_without_source) ... ok
test_omitted_tail_checksum (test_pe_package.PePackageTests.test_omitted_tail_checksum) ... ok
test_portable_package_rejects_external_link (test_pe_package.PePackageTests.test_portable_package_rejects_external_link) ... ok
test_resealed_changed_chat_template (test_pe_package.PePackageTests.test_resealed_changed_chat_template) ... ok
test_resealed_configuration_disagreement (test_pe_package.PePackageTests.test_resealed_configuration_disagreement) ... ok
test_resealed_wrong_capacity (test_pe_package.PePackageTests.test_resealed_wrong_capacity) ... ok
test_reviewed_old_revision_remains_compatible (test_pe_package.PePackageTests.test_reviewed_old_revision_remains_compatible) ... ok
test_revision_mismatch (test_pe_package.PePackageTests.test_revision_mismatch) ... ok
test_tail_block_corruption (test_pe_package.PePackageTests.test_tail_block_corruption) ... ok
test_unreviewed_or_malformed_revisions_still_reject (test_pe_package.PePackageTests.test_unreviewed_or_malformed_revisions_still_reject) ... ok

----------------------------------------------------------------------
Ran 12 tests in 1.392s

OK
<end of output>
Test time =   1.51 sec
----------------------------------------------------------
Test Passed.
"pe_package_integrity" end time: Sep 09 15:01 Coordinated Universal Time
"pe_package_integrity" time elapsed: 00:00:01
----------------------------------------------------------

18/61 Testing: package_integrity
18/61 Test: package_integrity
Command: "C:/hostedtoolcache/windows/Python/3.14.7/x64/python3.exe" "-m" "unittest" "discover" "-s" "D:/a/ernie-image-ncnn-vulkan/ernie-image-ncnn-vulkan/tests" "-p" "test_package.py" "-v"
Directory: D:/a/ernie-image-ncnn-vulkan/ernie-image-ncnn-vulkan/build/tests
"package_integrity" start time: Sep 09 15:01 Coordinated Universal Time
Output:
----------------------------------------------------------
test_complete_inventory_and_native_check_without_model_loading (test_package.PackageTests.test_complete_inventory_and_native_check_without_model_loading) ... ok
test_configuration_cannot_disagree_with_manifest (test_package.PackageTests.test_configuration_cannot_disagree_with_manifest) ... ok
test_copy_survives_source_removal_and_relocation (test_package.PackageTests.test_copy_survives_source_removal_and_relocation) ... ok
test_development_links_are_explicit (test_package.PackageTests.test_development_links_are_explicit) ... ok
test_external_alias_to_complete_portable_root_is_allowed (test_package.PackageTests.test_external_alias_to_complete_portable_root_is_allowed) ... ok
test_fixed_shape_module_api_also_checks_source_identity (test_package.PackageTests.test_fixed_shape_module_api_also_checks_source_identity) ... ok
test_fixed_shape_rejects_unreviewed_source_before_writing (test_package.PackageTests.test_fixed_shape_rejects_unreviewed_source_before_writing) ... ok
test_manifest_config_cannot_use_boolean_for_integer (test_package.PackageTests.test_manifest_config_cannot_use_boolean_for_integer) ... ok
test_missing_last_text_layer (test_package.PackageTests.test_missing_last_text_layer) ... ok
test_omitted_file_cannot_evade_verification (test_package.PackageTests.test_omitted_file_cannot_evade_verification) ... ok
test_path_escape_cannot_enter_inventory (test_package.PackageTests.test_path_escape_cannot_enter_inventory) ... ok
test_portable_flag_must_be_boolean (test_package.PackageTests.test_portable_flag_must_be_boolean) ... ok
test_portable_package_rejects_directory_link (test_package.PackageTests.test_portable_package_rejects_directory_link) ... ok
test_portable_package_rejects_external_file_link (test_package.PackageTests.test_portable_package_rejects_external_file_link) ... ok
test_reject_version_mismatch (test_package.PackageTests.test_reject_version_mismatch) ... ok
test_reviewed_old_package_keeps_provenance_when_repacked (test_package.PackageTests.test_reviewed_old_package_keeps_provenance_when_repacked) ... ok
test_same_size_bit_corruption (test_package.PackageTests.test_same_size_bit_corruption) ... ok
test_truncated_weight (test_package.PackageTests.test_truncated_weight) ... ok
test_unreviewed_or_malformed_revisions_still_reject (test_package.PackageTests.test_unreviewed_or_malformed_revisions_still_reject) ... ok

----------------------------------------------------------------------
Ran 19 tests in 5.431s

OK
<end of output>
Test time =   5.54 sec
----------------------------------------------------------
Test Passed.
"package_integrity" end time: Sep 09 15:01 Coordinated Universal Time
"package_integrity" time elapsed: 00:00:05
----------------------------------------------------------

19/61 Testing: cli_contract
19/61 Test: cli_contract
Command: "C:/hostedtoolcache/windows/Python/3.14.7/x64/python3.exe" "-m" "unittest" "discover" "-s" "D:/a/ernie-image-ncnn-vulkan/ernie-image-ncnn-vulkan/tests" "-p" "test_cli.py" "-v"
Directory: D:/a/ernie-image-ncnn-vulkan/ernie-image-ncnn-vulkan/build/tests
"cli_contract" start time: Sep 09 15:01 Coordinated Universal Time
Output:
----------------------------------------------------------
test_adaptive_memory_defaults_allow_cpu_without_a_cache (test_cli.CliTests.test_adaptive_memory_defaults_allow_cpu_without_a_cache) ... ok
test_adaptive_memory_options_reject_invalid_values (test_cli.CliTests.test_adaptive_memory_options_reject_invalid_values) ... ok
test_bf16_request_obeys_compiled_device_support (test_cli.CliTests.test_bf16_request_obeys_compiled_device_support) ... ok
test_cpu_rejects_custom_gpu_memory_controls (test_cli.CliTests.test_cpu_rejects_custom_gpu_memory_controls) ... ok
test_cpu_selects_fp32_only_when_precision_is_omitted (test_cli.CliTests.test_cpu_selects_fp32_only_when_precision_is_omitted) ... ok
test_device_and_precision_errors_name_the_option (test_cli.CliTests.test_device_and_precision_errors_name_the_option) ... ok
test_diagnose_lists_runtime_without_loading_a_model (test_cli.CliTests.test_diagnose_lists_runtime_without_loading_a_model) ... ok
test_diagnose_reads_only_bounded_model_config_metadata (test_cli.CliTests.test_diagnose_reads_only_bounded_model_config_metadata) ... ok
test_diagnose_rejects_generation_options (test_cli.CliTests.test_diagnose_rejects_generation_options) ... ok
test_dimensions_must_be_multiples_of_sixteen (test_cli.CliTests.test_dimensions_must_be_multiples_of_sixteen) ... ok
test_dimensions_require_both_axes (test_cli.CliTests.test_dimensions_require_both_axes) ... ok
test_duplicate_prompt_cannot_silently_replace_first (test_cli.CliTests.test_duplicate_prompt_cannot_silently_replace_first) ... ok
test_existing_image_is_reported_and_preserved_before_loading (test_cli.CliTests.test_existing_image_is_reported_and_preserved_before_loading) ... ok
test_generation_report_options (test_cli.CliTests.test_generation_report_options) ... ok
test_gpu_requires_a_vulkan_stage (test_cli.CliTests.test_gpu_requires_a_vulkan_stage) ... ok
test_help_is_available_without_model_or_device (test_cli.CliTests.test_help_is_available_without_model_or_device) ... ok
test_img2img_only_options_require_input (test_cli.CliTests.test_img2img_only_options_require_input) ... ok
test_img2img_reads_input_before_model_loading (test_cli.CliTests.test_img2img_reads_input_before_model_loading) ... ok
test_invalid_img2img_metadata_is_rejected (test_cli.CliTests.test_invalid_img2img_metadata_is_rejected) ... ok
test_invalid_utf8_prompt_file_is_rejected (test_cli.CliTests.test_invalid_utf8_prompt_file_is_rejected) ... ok
test_metrics_rejects_empty_path_before_model_loading (test_cli.CliTests.test_metrics_rejects_empty_path_before_model_loading) ... ok
test_missing_arguments_explain_how_to_continue (test_cli.CliTests.test_missing_arguments_explain_how_to_continue) ... ok
test_missing_driver_diagnosis_keeps_metadata_and_strict_inference (test_cli.CliTests.test_missing_driver_diagnosis_keeps_metadata_and_strict_inference) ... ok
test_missing_prompt_file_is_reported_before_model_loading (test_cli.CliTests.test_missing_prompt_file_is_reported_before_model_loading) ... ok
test_model_loading_options (test_cli.CliTests.test_model_loading_options) ... ok
test_output_format_is_checked_before_model_loading (test_cli.CliTests.test_output_format_is_checked_before_model_loading) ... ok
test_pe_cannot_change_prompt_of_precomputed_embeddings (test_cli.CliTests.test_pe_cannot_change_prompt_of_precomputed_embeddings) ... ok
test_pe_options_require_an_explicit_model (test_cli.CliTests.test_pe_options_require_an_explicit_model) ... ok
test_pe_rejects_infinite_temperature (test_cli.CliTests.test_pe_rejects_infinite_temperature) ... ok
test_pe_rejects_invalid_top_p (test_cli.CliTests.test_pe_rejects_invalid_top_p) ... ok
test_prefetch_requires_fp32_vulkan_and_compatible_weight_placement (test_cli.CliTests.test_prefetch_requires_fp32_vulkan_and_compatible_weight_placement) ... ok
test_prompt_file_is_bounded_before_model_loading (test_cli.CliTests.test_prompt_file_is_bounded_before_model_loading) ... ok
test_prompt_sources_are_mutually_exclusive (test_cli.CliTests.test_prompt_sources_are_mutually_exclusive) ... ok
test_rectangular_request_reaches_model_validation (test_cli.CliTests.test_rectangular_request_reaches_model_validation) ... ok
test_repeated_resolution_cannot_silently_override (test_cli.CliTests.test_repeated_resolution_cannot_silently_override) ... ok
test_resize_requires_explicit_target (test_cli.CliTests.test_resize_requires_explicit_target) ... ok
test_strength_zero_does_not_require_prompt (test_cli.CliTests.test_strength_zero_does_not_require_prompt) ... ok
test_strength_zero_rejects_unused_prompt_or_pe (test_cli.CliTests.test_strength_zero_rejects_unused_prompt_or_pe) ... ok
test_threads_are_strictly_bounded (test_cli.CliTests.test_threads_are_strictly_bounded) ... ok
test_unsupported_text_device_is_explicit (test_cli.CliTests.test_unsupported_text_device_is_explicit) ... ok
test_vector_reduction_flag_reaches_model_validation (test_cli.CliTests.test_vector_reduction_flag_reaches_model_validation) ... ok
test_vector_reduction_requires_native_text (test_cli.CliTests.test_vector_reduction_requires_native_text) ... ok
test_weight_placement_options (test_cli.CliTests.test_weight_placement_options) ... ok

----------------------------------------------------------------------
Ran 43 tests in 1.019s

OK
<end of output>
Test time =   1.12 sec
----------------------------------------------------------
Test Passed.
"cli_contract" end time: Sep 09 15:01 Coordinated Universal Time
"cli_contract" time elapsed: 00:00:01
----------------------------------------------------------

20/61 Testing: installed_cpp_consumer
20/61 Test: installed_cpp_consumer
Command: "C:/hostedtoolcache/windows/Python/3.14.7/x64/python3.exe" "-m" "unittest" "discover" "-s" "D:/a/ernie-image-ncnn-vulkan/ernie-image-ncnn-vulkan/tests" "-p" "test_install.py" "-v"
Directory: D:/a/ernie-image-ncnn-vulkan/ernie-image-ncnn-vulkan/build/tests
"installed_cpp_consumer" start time: Sep 09 15:01 Coordinated Universal Time
Output:
----------------------------------------------------------
test_relocated_installation (test_install.InstalledConsumerTest.test_relocated_installation) ... ok

----------------------------------------------------------------------
Ran 1 test in 7.456s

OK
<end of output>
Test time =   7.56 sec
----------------------------------------------------------
Test Passed.
"installed_cpp_consumer" end time: Sep 09 15:01 Coordinated Universal Time
"installed_cpp_consumer" time elapsed: 00:00:07
----------------------------------------------------------

21/61 Testing: text_bucket_contract
21/61 Test: text_bucket_contract
Command: "C:/hostedtoolcache/windows/Python/3.14.7/x64/python3.exe" "-m" "unittest" "discover" "-s" "D:/a/ernie-image-ncnn-vulkan/ernie-image-ncnn-vulkan/tests" "-p" "test_text_bucket.py" "-v"
Directory: D:/a/ernie-image-ncnn-vulkan/ernie-image-ncnn-vulkan/build/tests
"text_bucket_contract" start time: Sep 09 15:01 Coordinated Universal Time
Output:
----------------------------------------------------------
test_gqa_head_count_is_not_a_token_dimension (test_text_bucket.TextBucketTests.test_gqa_head_count_is_not_a_token_dimension) ... ok
test_independent_exports_have_identical_equations (test_text_bucket.TextBucketTests.test_independent_exports_have_identical_equations) ... ok
test_normalization_equation_is_not_normalized_away (test_text_bucket.TextBucketTests.test_normalization_equation_is_not_normalized_away) ... ok
test_wrong_manifest_bucket_rejected (test_text_bucket.TextBucketTests.test_wrong_manifest_bucket_rejected) ... ok

----------------------------------------------------------------------
Ran 4 tests in 0.002s

OK
<end of output>
Test time =   0.11 sec
----------------------------------------------------------
Test Passed.
"text_bucket_contract" end time: Sep 09 15:01 Coordinated Universal Time
"text_bucket_contract" time elapsed: 00:00:00
----------------------------------------------------------

22/61 Testing: variant_dimensions
22/61 Test: variant_dimensions
Command: "C:/hostedtoolcache/windows/Python/3.14.7/x64/python3.exe" "-m" "unittest" "discover" "-s" "D:/a/ernie-image-ncnn-vulkan/ernie-image-ncnn-vulkan/tests" "-p" "test_variant.py" "-v"
Directory: D:/a/ernie-image-ncnn-vulkan/ernie-image-ncnn-vulkan/build/tests
"variant_dimensions" start time: Sep 09 15:01 Coordinated Universal Time
Output:
----------------------------------------------------------
test_full_resolution_and_maximum_prompt_fit (test_variant.VariantTests.test_full_resolution_and_maximum_prompt_fit) ... ok
test_invalid_sizes_do_not_round_or_truncate (test_variant.VariantTests.test_invalid_sizes_do_not_round_or_truncate) ... ok
test_rectangular_axes_and_full_text_capacity (test_variant.VariantTests.test_rectangular_axes_and_full_text_capacity) ... ok

----------------------------------------------------------------------
Ran 3 tests in 0.001s

OK
<end of output>
Test time =   0.11 sec
----------------------------------------------------------
Test Passed.
"variant_dimensions" end time: Sep 09 15:01 Coordinated Universal Time
"variant_dimensions" time elapsed: 00:00:00
----------------------------------------------------------

23/61 Testing: latent_contract_cpu
23/61 Test: latent_contract_cpu
Command: "D:/a/ernie-image-ncnn-vulkan/ernie-image-ncnn-vulkan/build/ernie-latent-contract.exe"
Directory: D:/a/ernie-image-ncnn-vulkan/ernie-image-ncnn-vulkan/build/tests
"latent_contract_cpu" start time: Sep 09 15:01 Coordinated Universal Time
Output:
----------------------------------------------------------
Schedule, shape, invalid delta, BN statistics, and aliased update contracts passed
<end of output>
Test time =   0.02 sec
----------------------------------------------------------
Test Passed.
"latent_contract_cpu" end time: Sep 09 15:01 Coordinated Universal Time
"latent_contract_cpu" time elapsed: 00:00:00
----------------------------------------------------------

24/61 Testing: component_files_contract_cpu
24/61 Test: component_files_contract_cpu
Command: "D:/a/ernie-image-ncnn-vulkan/ernie-image-ncnn-vulkan/build/ernie-component-files-contract.exe"
Directory: D:/a/ernie-image-ncnn-vulkan/ernie-image-ncnn-vulkan/build/tests
"component_files_contract_cpu" start time: Sep 09 15:01 Coordinated Universal Time
Output:
----------------------------------------------------------
Memory/file graph equivalence, lifetime and bounded component inputs passed
<end of output>
Test time =   0.02 sec
----------------------------------------------------------
Test Passed.
"component_files_contract_cpu" end time: Sep 09 15:01 Coordinated Universal Time
"component_files_contract_cpu" time elapsed: 00:00:00
----------------------------------------------------------

25/61 Testing: weight_placement_cpu
25/61 Test: weight_placement_cpu
Command: "D:/a/ernie-image-ncnn-vulkan/ernie-image-ncnn-vulkan/build/ernie-weight-placement-contract.exe"
Directory: D:/a/ernie-image-ncnn-vulkan/ernie-image-ncnn-vulkan/build/tests
"weight_placement_cpu" start time: Sep 09 15:01 Coordinated Universal Time
Output:
----------------------------------------------------------
Adaptive weight budget, overrides, unavailable data and failure contracts passed
<end of output>
Test time =   0.01 sec
----------------------------------------------------------
Test Passed.
"weight_placement_cpu" end time: Sep 09 15:01 Coordinated Universal Time
"weight_placement_cpu" time elapsed: 00:00:00
----------------------------------------------------------

26/61 Testing: weight_session_cpu
26/61 Test: weight_session_cpu
Command: "D:/a/ernie-image-ncnn-vulkan/ernie-image-ncnn-vulkan/build/ernie-weight-session-contract.exe"
Directory: D:/a/ernie-image-ncnn-vulkan/ernie-image-ncnn-vulkan/build/tests
"weight_session_cpu" start time: Sep 09 15:01 Coordinated Universal Time
Output:
----------------------------------------------------------
Budget, repeated scan, pressure, identity, failure, move and cancellation contracts passed
<end of output>
Test time =   0.01 sec
----------------------------------------------------------
Test Passed.
"weight_session_cpu" end time: Sep 09 15:01 Coordinated Universal Time
"weight_session_cpu" time elapsed: 00:00:00
----------------------------------------------------------

27/61 Testing: host_memory_cpu
27/61 Test: host_memory_cpu
Command: "D:/a/ernie-image-ncnn-vulkan/ernie-image-ncnn-vulkan/build/ernie-host-memory-contract.exe"
Directory: D:/a/ernie-image-ncnn-vulkan/ernie-image-ncnn-vulkan/build/tests
"host_memory_cpu" start time: Sep 09 15:01 Coordinated Universal Time
Output:
----------------------------------------------------------
Windows raw available RAM=6002495488 Wine=0 Job=1 cache headroom=unavailable
File LRU movement, bounded credit, real pressure, ancestors, changing inputs, corruption, missing counters and overflow contracts pass
<end of output>
Test time =   0.05 sec
----------------------------------------------------------
Test Passed.
"host_memory_cpu" end time: Sep 09 15:01 Coordinated Universal Time
"host_memory_cpu" time elapsed: 00:00:00
----------------------------------------------------------

28/61 Testing: model_loading_cpu
28/61 Test: model_loading_cpu
Command: "D:/a/ernie-image-ncnn-vulkan/ernie-image-ncnn-vulkan/build/ernie-model-loading-contract.exe"
Directory: D:/a/ernie-image-ncnn-vulkan/ernie-image-ncnn-vulkan/build/tests
"model_loading_cpu" start time: Sep 09 15:01 Coordinated Universal Time
Output:
----------------------------------------------------------
fopen C:\Users\RUNNER~1\AppData\Local\Temp\ernie-model-loading-1353695465300\absent.bin failed
fopen C:\Users\RUNNER~1\AppData\Local\Temp\ernie-model-loading-1353695465300\absent.bin failed
CPU FP32/BF16 files: both loading modes, build defaults, repeated extraction, mapping ownership and missing-file rejection pass
<end of output>
Test time =   0.02 sec
----------------------------------------------------------
Test Passed.
"model_loading_cpu" end time: Sep 09 15:01 Coordinated Universal Time
"model_loading_cpu" time elapsed: 00:00:00
----------------------------------------------------------

29/61 Testing: model_reader_cpu
29/61 Test: model_reader_cpu
Command: "D:/a/ernie-image-ncnn-vulkan/ernie-image-ncnn-vulkan/build/ernie-model-reader-contract.exe"
Directory: D:/a/ernie-image-ncnn-vulkan/ernie-image-ncnn-vulkan/build/tests
"model_reader_cpu" start time: Sep 09 15:01 Coordinated Universal Time
Output:
----------------------------------------------------------
ModelBin read float16_weights failed 35
ModelBin read flag_struct failed 2
ModelBin read bfloat16_weights failed 35
ModelBin read flag_struct failed 2
FP16 count=1 payload=4 vector_bytes=8 vector_payload_bytes=8 bit_exact=true
FP16 count=2 payload=4 vector_bytes=8 vector_payload_bytes=8 bit_exact=true
FP16 count=3 payload=8 vector_bytes=16 vector_payload_bytes=16 bit_exact=true
FP16 count=17 payload=36 vector_bytes=72 vector_payload_bytes=72 bit_exact=true
FP16 count=2049 payload=4100 vector_bytes=8239 vector_payload_bytes=8200 bit_exact=true
FP16 count=65537 payload=131076 vector_bytes=262191 vector_payload_bytes=262152 bit_exact=true
FP16 count=4194305 payload=8388612 vector_bytes=16777263 vector_payload_bytes=16777224 bit_exact=true
BF16 count=1 payload=4 vector_bytes=8 vector_payload_bytes=8 bit_exact=true
BF16 count=2 payload=4 vector_bytes=8 vector_payload_bytes=8 bit_exact=true
BF16 count=3 payload=8 vector_bytes=16 vector_payload_bytes=16 bit_exact=true
BF16 count=17 payload=36 vector_bytes=72 vector_payload_bytes=72 bit_exact=true
BF16 count=2049 payload=4100 vector_bytes=8239 vector_payload_bytes=8200 bit_exact=true
BF16 count=65537 payload=131076 vector_bytes=262191 vector_payload_bytes=262152 bit_exact=true
BF16 count=4194305 payload=8388612 vector_bytes=16777263 vector_payload_bytes=16777224 bit_exact=true
<end of output>
Test time =   0.14 sec
----------------------------------------------------------
Test Passed.
"model_reader_cpu" end time: Sep 09 15:01 Coordinated Universal Time
"model_reader_cpu" time elapsed: 00:00:00
----------------------------------------------------------

30/61 Testing: weight_session_vulkan
30/61 Test: weight_session_vulkan
Command: "D:/a/ernie-image-ncnn-vulkan/ernie-image-ncnn-vulkan/build/ernie-weight-session-contract.exe" "vulkan"
Directory: D:/a/ernie-image-ncnn-vulkan/ernie-image-ncnn-vulkan/build/tests
"weight_session_vulkan" start time: Sep 09 15:01 Coordinated Universal Time
Output:
----------------------------------------------------------
vkCreateInstance failed -9
<end of output>
Test time =   0.02 sec
----------------------------------------------------------
Test Passed.
"weight_session_vulkan" end time: Sep 09 15:01 Coordinated Universal Time
"weight_session_vulkan" time elapsed: 00:00:00
----------------------------------------------------------

31/61 Testing: weight_session_mapped_vulkan
31/61 Test: weight_session_mapped_vulkan
Command: "D:/a/ernie-image-ncnn-vulkan/ernie-image-ncnn-vulkan/build/ernie-weight-session-contract.exe" "vulkan" "mapped"
Directory: D:/a/ernie-image-ncnn-vulkan/ernie-image-ncnn-vulkan/build/tests
"weight_session_mapped_vulkan" start time: Sep 09 15:01 Coordinated Universal Time
Output:
----------------------------------------------------------
vkCreateInstance failed -9
<end of output>
Test time =   0.02 sec
----------------------------------------------------------
Test Passed.
"weight_session_mapped_vulkan" end time: Sep 09 15:01 Coordinated Universal Time
"weight_session_mapped_vulkan" time elapsed: 00:00:00
----------------------------------------------------------

32/61 Testing: weight_session_bf16_file_vulkan
32/61 Test: weight_session_bf16_file_vulkan
Command: "D:/a/ernie-image-ncnn-vulkan/ernie-image-ncnn-vulkan/build/ernie-weight-session-contract.exe" "vulkan" "stdio" "bf16"
Directory: D:/a/ernie-image-ncnn-vulkan/ernie-image-ncnn-vulkan/build/tests
"weight_session_bf16_file_vulkan" start time: Sep 09 15:01 Coordinated Universal Time
Output:
----------------------------------------------------------
vkCreateInstance failed -9
<end of output>
Test time =   0.02 sec
----------------------------------------------------------
Test Passed.
"weight_session_bf16_file_vulkan" end time: Sep 09 15:01 Coordinated Universal Time
"weight_session_bf16_file_vulkan" time elapsed: 00:00:00
----------------------------------------------------------

33/61 Testing: weight_session_mapped_bf16_file_vulkan
33/61 Test: weight_session_mapped_bf16_file_vulkan
Command: "D:/a/ernie-image-ncnn-vulkan/ernie-image-ncnn-vulkan/build/ernie-weight-session-contract.exe" "vulkan" "mapped" "bf16"
Directory: D:/a/ernie-image-ncnn-vulkan/ernie-image-ncnn-vulkan/build/tests
"weight_session_mapped_bf16_file_vulkan" start time: Sep 09 15:01 Coordinated Universal Time
Output:
----------------------------------------------------------
vkCreateInstance failed -9
<end of output>
Test time =   0.02 sec
----------------------------------------------------------
Test Passed.
"weight_session_mapped_bf16_file_vulkan" end time: Sep 09 15:01 Coordinated Universal Time
"weight_session_mapped_bf16_file_vulkan" time elapsed: 00:00:00
----------------------------------------------------------

34/61 Testing: weight_placement_vulkan
34/61 Test: weight_placement_vulkan
Command: "D:/a/ernie-image-ncnn-vulkan/ernie-image-ncnn-vulkan/build/ernie-weight-placement-contract.exe" "vulkan"
Directory: D:/a/ernie-image-ncnn-vulkan/ernie-image-ncnn-vulkan/build/tests
"weight_placement_vulkan" start time: Sep 09 15:01 Coordinated Universal Time
Output:
----------------------------------------------------------
vkCreateInstance failed -9
<end of output>
Test time =   0.02 sec
----------------------------------------------------------
Test Passed.
"weight_placement_vulkan" end time: Sep 09 15:01 Coordinated Universal Time
"weight_placement_vulkan" time elapsed: 00:00:00
----------------------------------------------------------

35/61 Testing: img2img_contract_cpu
35/61 Test: img2img_contract_cpu
Command: "D:/a/ernie-image-ncnn-vulkan/ernie-image-ncnn-vulkan/build/ernie-img2img-contract.exe"
Directory: D:/a/ernie-image-ncnn-vulkan/ernie-image-ncnn-vulkan/build/tests
"img2img_contract_cpu" start time: Sep 09 15:01 Coordinated Universal Time
Output:
----------------------------------------------------------
Img2img endpoints, interpolation, positive rounding, rejection and no-denoise reconstruction passed
<end of output>
Test time =   0.01 sec
----------------------------------------------------------
Test Passed.
"img2img_contract_cpu" end time: Sep 09 15:01 Coordinated Universal Time
"img2img_contract_cpu" time elapsed: 00:00:00
----------------------------------------------------------

36/61 Testing: image_encoder_contract_cpu
36/61 Test: image_encoder_contract_cpu
Command: "D:/a/ernie-image-ncnn-vulkan/ernie-image-ncnn-vulkan/build/ernie-image-encoder-contract.exe"
Directory: D:/a/ernie-image-ncnn-vulkan/ernie-image-ncnn-vulkan/build/tests
"image_encoder_contract_cpu" start time: Sep 09 15:01 Coordinated Universal Time
Output:
----------------------------------------------------------
VAE encoder request boundary contracts passed
<end of output>
Test time =   0.01 sec
----------------------------------------------------------
Test Passed.
"image_encoder_contract_cpu" end time: Sep 09 15:01 Coordinated Universal Time
"image_encoder_contract_cpu" time elapsed: 00:00:00
----------------------------------------------------------

37/61 Testing: residual_contract_cpu
37/61 Test: residual_contract_cpu
Command: "D:/a/ernie-image-ncnn-vulkan/ernie-image-ncnn-vulkan/build/ernie-residual-contract.exe"
Directory: D:/a/ernie-image-ncnn-vulkan/ernie-image-ncnn-vulkan/build/tests
"residual_contract_cpu" start time: Sep 09 15:01 Coordinated Universal Time
Output:
----------------------------------------------------------
overwrite built-in layer type RMSNorm
overwrite built-in layer type LayerNorm
overwrite built-in layer type SDPA
overwrite built-in layer type GroupNorm
FP32 residual above 65504, normalized projection and finite guards passed
<end of output>
Test time =   0.01 sec
----------------------------------------------------------
Test Passed.
"residual_contract_cpu" end time: Sep 09 15:01 Coordinated Universal Time
"residual_contract_cpu" time elapsed: 00:00:00
----------------------------------------------------------

38/61 Testing: residual_contract_vulkan
38/61 Test: residual_contract_vulkan
Command: "D:/a/ernie-image-ncnn-vulkan/ernie-image-ncnn-vulkan/build/ernie-residual-contract.exe" "vulkan"
Directory: D:/a/ernie-image-ncnn-vulkan/ernie-image-ncnn-vulkan/build/tests
"residual_contract_vulkan" start time: Sep 09 15:01 Coordinated Universal Time
Output:
----------------------------------------------------------
vkCreateInstance failed -9
<end of output>
Test time =   0.02 sec
----------------------------------------------------------
Test Passed.
"residual_contract_vulkan" end time: Sep 09 15:01 Coordinated Universal Time
"residual_contract_vulkan" time elapsed: 00:00:00
----------------------------------------------------------

39/61 Testing: residual_contract_vulkan_bf16
39/61 Test: residual_contract_vulkan_bf16
Command: "D:/a/ernie-image-ncnn-vulkan/ernie-image-ncnn-vulkan/build/ernie-residual-contract.exe" "vulkan" "bf16"
Directory: D:/a/ernie-image-ncnn-vulkan/ernie-image-ncnn-vulkan/build/tests
"residual_contract_vulkan_bf16" start time: Sep 09 15:01 Coordinated Universal Time
Output:
----------------------------------------------------------
vkCreateInstance failed -9
<end of output>
Test time =   0.02 sec
----------------------------------------------------------
Test Passed.
"residual_contract_vulkan_bf16" end time: Sep 09 15:01 Coordinated Universal Time
"residual_contract_vulkan_bf16" time elapsed: 00:00:00
----------------------------------------------------------

40/61 Testing: rmsnorm_range_cpu
40/61 Test: rmsnorm_range_cpu
Command: "D:/a/ernie-image-ncnn-vulkan/ernie-image-ncnn-vulkan/build/ernie-rmsnorm-probe.exe" "cpu" "fp32"
Directory: D:/a/ernie-image-ncnn-vulkan/ernie-image-ncnn-vulkan/build/tests
"rmsnorm_range_cpu" start time: Sep 09 15:01 Coordinated Universal Time
Output:
----------------------------------------------------------
overwrite built-in layer type RMSNorm
overwrite built-in layer type RMSNorm
overwrite built-in layer type RMSNorm
overwrite built-in layer type RMSNorm
overwrite built-in layer type RMSNorm
overwrite built-in layer type RMSNorm
{"backend":"cpu","precision":"fp32","native":false,"centered":false,"width":128,"scale":1,"max_abs_error":9.42942e-08,"limit":2e-06,"passed":true}
{"backend":"cpu","precision":"fp32","native":false,"centered":false,"width":128,"scale":512,"max_abs_error":1.13088e-07,"limit":2e-06,"passed":true}
{"backend":"cpu","precision":"fp32","native":false,"centered":false,"width":3072,"scale":1,"max_abs_error":9.42942e-08,"limit":2e-06,"passed":true}
{"backend":"cpu","precision":"fp32","native":false,"centered":false,"width":3072,"scale":512,"max_abs_error":1.13088e-07,"limit":2e-06,"passed":true}
{"backend":"cpu","precision":"fp32","native":false,"centered":false,"width":4096,"scale":1,"max_abs_error":9.42942e-08,"limit":2e-06,"passed":true}
{"backend":"cpu","precision":"fp32","native":false,"centered":false,"width":4096,"scale":512,"max_abs_error":1.13088e-07,"limit":2e-06,"passed":true}
<end of output>
Test time =   0.02 sec
----------------------------------------------------------
Test Passed.
"rmsnorm_range_cpu" end time: Sep 09 15:01 Coordinated Universal Time
"rmsnorm_range_cpu" time elapsed: 00:00:00
----------------------------------------------------------

41/61 Testing: layernorm_range_cpu
41/61 Test: layernorm_range_cpu
Command: "D:/a/ernie-image-ncnn-vulkan/ernie-image-ncnn-vulkan/build/ernie-rmsnorm-probe.exe" "cpu" "fp32" "--layernorm"
Directory: D:/a/ernie-image-ncnn-vulkan/ernie-image-ncnn-vulkan/build/tests
"layernorm_range_cpu" start time: Sep 09 15:01 Coordinated Universal Time
Output:
----------------------------------------------------------
overwrite built-in layer type LayerNorm
overwrite built-in layer type LayerNorm
{"backend":"cpu","precision":"fp32","native":false,"centered":true,"width":4096,"scale":1,"max_abs_error":1.52102e-07,"limit":2e-06,"passed":true}
{"backend":"cpu","precision":"fp32","native":false,"centered":true,"width":4096,"scale":1024,"max_abs_error":1.93314e-07,"limit":2e-06,"passed":true}
<end of output>
Test time =   0.01 sec
----------------------------------------------------------
Test Passed.
"layernorm_range_cpu" end time: Sep 09 15:01 Coordinated Universal Time
"layernorm_range_cpu" time elapsed: 00:00:00
----------------------------------------------------------

42/61 Testing: erf_gelu_cpu
42/61 Test: erf_gelu_cpu
Command: "D:/a/ernie-image-ncnn-vulkan/ernie-image-ncnn-vulkan/build/ernie-gelu-probe.exe" "cpu" "fp32"
Directory: D:/a/ernie-image-ncnn-vulkan/ernie-image-ncnn-vulkan/build/tests
"erf_gelu_cpu" start time: Sep 09 15:01 Coordinated Universal Time
Output:
----------------------------------------------------------
overwrite built-in layer type RMSNorm
overwrite built-in layer type LayerNorm
overwrite built-in layer type SDPA
overwrite built-in layer type GroupNorm
overwrite built-in layer type RMSNorm
overwrite built-in layer type LayerNorm
overwrite built-in layer type SDPA
overwrite built-in layer type GroupNorm
{"backend":"cpu","precision":"fp32","shape":0,"samples":65536,"max_abs_error":4.46475e-07,"limit":2e-06,"passed":true}
{"backend":"cpu","precision":"fp32","shape":1,"samples":98688,"max_abs_error":4.46408e-07,"limit":2e-06,"passed":true}
<end of output>
Test time =   0.02 sec
----------------------------------------------------------
Test Passed.
"erf_gelu_cpu" end time: Sep 09 15:01 Coordinated Universal Time
"erf_gelu_cpu" time elapsed: 00:00:00
----------------------------------------------------------

43/61 Testing: erf_gelu_vulkan_fp32
43/61 Test: erf_gelu_vulkan_fp32
Command: "D:/a/ernie-image-ncnn-vulkan/ernie-image-ncnn-vulkan/build/ernie-gelu-probe.exe" "vulkan" "fp32"
Directory: D:/a/ernie-image-ncnn-vulkan/ernie-image-ncnn-vulkan/build/tests
"erf_gelu_vulkan_fp32" start time: Sep 09 15:01 Coordinated Universal Time
Output:
----------------------------------------------------------
vkCreateInstance failed -9
<end of output>
Test time =   0.02 sec
----------------------------------------------------------
Test Passed.
"erf_gelu_vulkan_fp32" end time: Sep 09 15:01 Coordinated Universal Time
"erf_gelu_vulkan_fp32" time elapsed: 00:00:00
----------------------------------------------------------

44/61 Testing: rmsnorm_range_vulkan_fp32
44/61 Test: rmsnorm_range_vulkan_fp32
Command: "D:/a/ernie-image-ncnn-vulkan/ernie-image-ncnn-vulkan/build/ernie-rmsnorm-probe.exe" "vulkan" "fp32"
Directory: D:/a/ernie-image-ncnn-vulkan/ernie-image-ncnn-vulkan/build/tests
"rmsnorm_range_vulkan_fp32" start time: Sep 09 15:01 Coordinated Universal Time
Output:
----------------------------------------------------------
vkCreateInstance failed -9
<end of output>
Test time =   0.02 sec
----------------------------------------------------------
Test Passed.
"rmsnorm_range_vulkan_fp32" end time: Sep 09 15:01 Coordinated Universal Time
"rmsnorm_range_vulkan_fp32" time elapsed: 00:00:00
----------------------------------------------------------

45/61 Testing: layernorm_range_vulkan_fp32
45/61 Test: layernorm_range_vulkan_fp32
Command: "D:/a/ernie-image-ncnn-vulkan/ernie-image-ncnn-vulkan/build/ernie-rmsnorm-probe.exe" "vulkan" "fp32" "--layernorm"
Directory: D:/a/ernie-image-ncnn-vulkan/ernie-image-ncnn-vulkan/build/tests
"layernorm_range_vulkan_fp32" start time: Sep 09 15:01 Coordinated Universal Time
Output:
----------------------------------------------------------
vkCreateInstance failed -9
<end of output>
Test time =   0.02 sec
----------------------------------------------------------
Test Passed.
"layernorm_range_vulkan_fp32" end time: Sep 09 15:01 Coordinated Universal Time
"layernorm_range_vulkan_fp32" time elapsed: 00:00:00
----------------------------------------------------------

46/61 Testing: erf_gelu_vulkan_fp16
46/61 Test: erf_gelu_vulkan_fp16
Command: "D:/a/ernie-image-ncnn-vulkan/ernie-image-ncnn-vulkan/build/ernie-gelu-probe.exe" "vulkan" "fp16"
Directory: D:/a/ernie-image-ncnn-vulkan/ernie-image-ncnn-vulkan/build/tests
"erf_gelu_vulkan_fp16" start time: Sep 09 15:01 Coordinated Universal Time
Output:
----------------------------------------------------------
vkCreateInstance failed -9
<end of output>
Test time =   0.02 sec
----------------------------------------------------------
Test Passed.
"erf_gelu_vulkan_fp16" end time: Sep 09 15:01 Coordinated Universal Time
"erf_gelu_vulkan_fp16" time elapsed: 00:00:00
----------------------------------------------------------

47/61 Testing: rmsnorm_range_vulkan_fp16
47/61 Test: rmsnorm_range_vulkan_fp16
Command: "D:/a/ernie-image-ncnn-vulkan/ernie-image-ncnn-vulkan/build/ernie-rmsnorm-probe.exe" "vulkan" "fp16"
Directory: D:/a/ernie-image-ncnn-vulkan/ernie-image-ncnn-vulkan/build/tests
"rmsnorm_range_vulkan_fp16" start time: Sep 09 15:01 Coordinated Universal Time
Output:
----------------------------------------------------------
vkCreateInstance failed -9
<end of output>
Test time =   0.02 sec
----------------------------------------------------------
Test Passed.
"rmsnorm_range_vulkan_fp16" end time: Sep 09 15:01 Coordinated Universal Time
"rmsnorm_range_vulkan_fp16" time elapsed: 00:00:00
----------------------------------------------------------

48/61 Testing: layernorm_range_vulkan_fp16
48/61 Test: layernorm_range_vulkan_fp16
Command: "D:/a/ernie-image-ncnn-vulkan/ernie-image-ncnn-vulkan/build/ernie-rmsnorm-probe.exe" "vulkan" "fp16" "--layernorm"
Directory: D:/a/ernie-image-ncnn-vulkan/ernie-image-ncnn-vulkan/build/tests
"layernorm_range_vulkan_fp16" start time: Sep 09 15:01 Coordinated Universal Time
Output:
----------------------------------------------------------
vkCreateInstance failed -9
<end of output>
Test time =   0.02 sec
----------------------------------------------------------
Test Passed.
"layernorm_range_vulkan_fp16" end time: Sep 09 15:01 Coordinated Universal Time
"layernorm_range_vulkan_fp16" time elapsed: 00:00:00
----------------------------------------------------------

49/61 Testing: erf_gelu_vulkan_bf16
49/61 Test: erf_gelu_vulkan_bf16
Command: "D:/a/ernie-image-ncnn-vulkan/ernie-image-ncnn-vulkan/build/ernie-gelu-probe.exe" "vulkan" "bf16"
Directory: D:/a/ernie-image-ncnn-vulkan/ernie-image-ncnn-vulkan/build/tests
"erf_gelu_vulkan_bf16" start time: Sep 09 15:01 Coordinated Universal Time
Output:
----------------------------------------------------------
vkCreateInstance failed -9
<end of output>
Test time =   0.02 sec
----------------------------------------------------------
Test Passed.
"erf_gelu_vulkan_bf16" end time: Sep 09 15:01 Coordinated Universal Time
"erf_gelu_vulkan_bf16" time elapsed: 00:00:00
----------------------------------------------------------

50/61 Testing: rmsnorm_range_vulkan_bf16
50/61 Test: rmsnorm_range_vulkan_bf16
Command: "D:/a/ernie-image-ncnn-vulkan/ernie-image-ncnn-vulkan/build/ernie-rmsnorm-probe.exe" "vulkan" "bf16"
Directory: D:/a/ernie-image-ncnn-vulkan/ernie-image-ncnn-vulkan/build/tests
"rmsnorm_range_vulkan_bf16" start time: Sep 09 15:01 Coordinated Universal Time
Output:
----------------------------------------------------------
vkCreateInstance failed -9
<end of output>
Test time =   0.02 sec
----------------------------------------------------------
Test Passed.
"rmsnorm_range_vulkan_bf16" end time: Sep 09 15:01 Coordinated Universal Time
"rmsnorm_range_vulkan_bf16" time elapsed: 00:00:00
----------------------------------------------------------

51/61 Testing: layernorm_range_vulkan_bf16
51/61 Test: layernorm_range_vulkan_bf16
Command: "D:/a/ernie-image-ncnn-vulkan/ernie-image-ncnn-vulkan/build/ernie-rmsnorm-probe.exe" "vulkan" "bf16" "--layernorm"
Directory: D:/a/ernie-image-ncnn-vulkan/ernie-image-ncnn-vulkan/build/tests
"layernorm_range_vulkan_bf16" start time: Sep 09 15:01 Coordinated Universal Time
Output:
----------------------------------------------------------
vkCreateInstance failed -9
<end of output>
Test time =   0.03 sec
----------------------------------------------------------
Test Passed.
"layernorm_range_vulkan_bf16" end time: Sep 09 15:01 Coordinated Universal Time
"layernorm_range_vulkan_bf16" time elapsed: 00:00:00
----------------------------------------------------------

52/61 Testing: shape_plan_contract
52/61 Test: shape_plan_contract
Command: "D:/a/ernie-image-ncnn-vulkan/ernie-image-ncnn-vulkan/build/ernie-shape-plan-contract.exe"
Directory: D:/a/ernie-image-ncnn-vulkan/ernie-image-ncnn-vulkan/build/tests
"shape_plan_contract" start time: Sep 09 15:01 Coordinated Universal Time
Output:
----------------------------------------------------------
Checked shape, bucket selection and memory policy passed; no inference in this test
<end of output>
Test time =   0.02 sec
----------------------------------------------------------
Test Passed.
"shape_plan_contract" end time: Sep 09 15:01 Coordinated Universal Time
"shape_plan_contract" time elapsed: 00:00:00
----------------------------------------------------------

53/61 Testing: shape_graph_contract
53/61 Test: shape_graph_contract
Command: "D:/a/ernie-image-ncnn-vulkan/ernie-image-ncnn-vulkan/build/ernie-shape-graph-contract.exe"
Directory: D:/a/ernie-image-ncnn-vulkan/ernie-image-ncnn-vulkan/build/tests
"shape_graph_contract" start time: Sep 09 15:01 Coordinated Universal Time
Output:
----------------------------------------------------------
Reviewed graph contract checks passed; no model inference
<end of output>
Test time =   0.01 sec
----------------------------------------------------------
Test Passed.
"shape_graph_contract" end time: Sep 09 15:01 Coordinated Universal Time
"shape_graph_contract" time elapsed: 00:00:00
----------------------------------------------------------

54/61 Testing: text_down_contract_cpu
54/61 Test: text_down_contract_cpu
Command: "D:/a/ernie-image-ncnn-vulkan/ernie-image-ncnn-vulkan/build/ernie-text-down-contract.exe"
Directory: D:/a/ernie-image-ncnn-vulkan/ernie-image-ncnn-vulkan/build/tests
"text_down_contract_cpu" start time: Sep 09 15:01 Coordinated Universal Time
Output:
----------------------------------------------------------
layer load_param 1 down failed
layer load_param 1 down failed
layer load_param 1 down failed
layer load_param 1 down failed
layer load_param 1 down failed
text_down_contract passed
<end of output>
Test time =   2.10 sec
----------------------------------------------------------
Test Passed.
"text_down_contract_cpu" end time: Sep 09 15:01 Coordinated Universal Time
"text_down_contract_cpu" time elapsed: 00:00:02
----------------------------------------------------------

55/61 Testing: model_package_contract
55/61 Test: model_package_contract
Command: "D:/a/ernie-image-ncnn-vulkan/ernie-image-ncnn-vulkan/build/ernie-model-package-contract.exe"
Directory: D:/a/ernie-image-ncnn-vulkan/ernie-image-ncnn-vulkan/build/tests
"model_package_contract" start time: Sep 09 15:01 Coordinated Universal Time
Output:
----------------------------------------------------------
model package error contract passed
<end of output>
Test time =   0.02 sec
----------------------------------------------------------
Test Passed.
"model_package_contract" end time: Sep 09 15:01 Coordinated Universal Time
"model_package_contract" time elapsed: 00:00:00
----------------------------------------------------------

56/61 Testing: execution_metrics_cpu
56/61 Test: execution_metrics_cpu
Command: "D:/a/ernie-image-ncnn-vulkan/ernie-image-ncnn-vulkan/build/ernie-execution-metrics-contract.exe"
Directory: D:/a/ernie-image-ncnn-vulkan/ernie-image-ncnn-vulkan/build/tests
"execution_metrics_cpu" start time: Sep 09 15:01 Coordinated Universal Time
Output:
----------------------------------------------------------
execution metrics CPU contracts passed
<end of output>
Test time =   0.02 sec
----------------------------------------------------------
Test Passed.
"execution_metrics_cpu" end time: Sep 09 15:01 Coordinated Universal Time
"execution_metrics_cpu" time elapsed: 00:00:00
----------------------------------------------------------

57/61 Testing: pe_prefill_cpu
57/61 Test: pe_prefill_cpu
Command: "D:/a/ernie-image-ncnn-vulkan/ernie-image-ncnn-vulkan/build/ernie-pe-prefill-contract.exe"
Directory: D:/a/ernie-image-ncnn-vulkan/ernie-image-ncnn-vulkan/build/tests
"pe_prefill_cpu" start time: Sep 09 15:01 Coordinated Universal Time
Output:
----------------------------------------------------------
overwrite existing custom layer type Prepare
overwrite existing custom layer type Expand
overwrite existing custom layer type State
overwrite existing custom layer type Prepare
overwrite existing custom layer type Expand
overwrite existing custom layer type State
overwrite existing custom layer type Prepare
overwrite existing custom layer type Expand
overwrite existing custom layer type State
overwrite existing custom layer type Prepare
overwrite existing custom layer type Expand
overwrite existing custom layer type State
overwrite existing custom layer type Prepare
overwrite existing custom layer type Expand
overwrite existing custom layer type State
overwrite existing custom layer type Prepare
overwrite existing custom layer type Expand
overwrite existing custom layer type State
overwrite existing custom layer type Prepare
overwrite existing custom layer type Expand
overwrite existing custom layer type State
find_blob_index_by_name out0 failed
Try
    ex.extract("missing", out0);
    ex.extract("out_k", out1);
    ex.extract("out_v", out2);
overwrite existing custom layer type Prepare
overwrite existing custom layer type Expand
overwrite existing custom layer type State
find_blob_index_by_name out_k failed
Try
    ex.extract("out0", out0);
    ex.extract("missing", out1);
    ex.extract("out_v", out2);
overwrite existing custom layer type Prepare
overwrite existing custom layer type Expand
overwrite existing custom layer type State
find_blob_index_by_name out_v failed
Try
    ex.extract("out0", out0);
    ex.extract("out_k", out1);
    ex.extract("missing", out2);
overwrite existing custom layer type Prepare
overwrite existing custom layer type Expand
overwrite existing custom layer type State
PE graph, native causal attention, ownership, validation, failure/reset and4096 capacity passed
<end of output>
Test time =   0.14 sec
----------------------------------------------------------
Test Passed.
"pe_prefill_cpu" end time: Sep 09 15:01 Coordinated Universal Time
"pe_prefill_cpu" time elapsed: 00:00:00
----------------------------------------------------------

58/61 Testing: vulkan_memory_errors_cpu
58/61 Test: vulkan_memory_errors_cpu
Command: "D:/a/ernie-image-ncnn-vulkan/ernie-image-ncnn-vulkan/build/ernie-vulkan-memory-contract.exe"
Directory: D:/a/ernie-image-ncnn-vulkan/ernie-image-ncnn-vulkan/build/tests
"vulkan_memory_errors_cpu" start time: Sep 09 15:01 Coordinated Universal Time
Output:
----------------------------------------------------------
Activation mode and ncnn/Vulkan error classification contracts passed
<end of output>
Test time =   0.01 sec
----------------------------------------------------------
Test Passed.
"vulkan_memory_errors_cpu" end time: Sep 09 15:01 Coordinated Universal Time
"vulkan_memory_errors_cpu" time elapsed: 00:00:00
----------------------------------------------------------

59/61 Testing: vulkan_memory_buffers
59/61 Test: vulkan_memory_buffers
Command: "D:/a/ernie-image-ncnn-vulkan/ernie-image-ncnn-vulkan/build/ernie-vulkan-memory-contract.exe" "vulkan"
Directory: D:/a/ernie-image-ncnn-vulkan/ernie-image-ncnn-vulkan/build/tests
"vulkan_memory_buffers" start time: Sep 09 15:01 Coordinated Universal Time
Output:
----------------------------------------------------------
vkCreateInstance failed -9
<end of output>
Test time =   0.02 sec
----------------------------------------------------------
Test Passed.
"vulkan_memory_buffers" end time: Sep 09 15:01 Coordinated Universal Time
"vulkan_memory_buffers" time elapsed: 00:00:00
----------------------------------------------------------

60/61 Testing: ncnn_failure_vulkan
60/61 Test: ncnn_failure_vulkan
Command: "D:/a/ernie-image-ncnn-vulkan/ernie-image-ncnn-vulkan/build/ernie-ncnn-failure-contract.exe"
Directory: D:/a/ernie-image-ncnn-vulkan/ernie-image-ncnn-vulkan/build/tests
"ncnn_failure_vulkan" start time: Sep 09 15:01 Coordinated Universal Time
Output:
----------------------------------------------------------
vkCreateInstance failed -9
<end of output>
Test time =   0.03 sec
----------------------------------------------------------
Test Passed.
"ncnn_failure_vulkan" end time: Sep 09 15:01 Coordinated Universal Time
"ncnn_failure_vulkan" time elapsed: 00:00:00
----------------------------------------------------------

61/61 Testing: memory_execution_vulkan
61/61 Test: memory_execution_vulkan
Command: "D:/a/ernie-image-ncnn-vulkan/ernie-image-ncnn-vulkan/build/ernie-memory-execution-contract.exe"
Directory: D:/a/ernie-image-ncnn-vulkan/ernie-image-ncnn-vulkan/build/tests
"memory_execution_vulkan" start time: Sep 09 15:01 Coordinated Universal Time
Output:
----------------------------------------------------------
vkCreateInstance failed -9
<end of output>
Test time =   0.03 sec
----------------------------------------------------------
Test Passed.
"memory_execution_vulkan" end time: Sep 09 15:01 Coordinated Universal Time
"memory_execution_vulkan" time elapsed: 00:00:00
----------------------------------------------------------

End testing: Sep 09 15:01 Coordinated Universal Time
