<?xml version="1.0" encoding="UTF-8"?>
<testsuite name="Darwin-c++"
	tests="57"
	failures="20"
	disabled="0"
	skipped="3"
	hostname="iad20-eo1208-06d28a52-34e5-41c9-ad65-863376a6b97c-224A0C031C1F.local"
	time="11"
	timestamp="2026-09-07T22:57:23"
	>
	<testcase name="native_cache_cpu" classname="native_cache_cpu" time="0.0421302" status="run">
		<properties/>
		<system-out>{"ncnn_revision":"6a1bf000f363714839a36793addc8c879d3d899e","q_heads":32,"kv_heads":8,"head_dim":128,"backend":"cpu","runtime_layer":false}
{"configuration":"cpu_fp32_dedicated","case":"prefill_decode_reuse","tokens":40,"steps":9,"hint":128,"key_backing_allocations":1,"value_backing_allocations":1,"max_abs_error":1.49011612e-07,"nrmse":9.25635868e-08,"atol":2e-05,"nrmse_limit":2e-05,"passed":true}
{"configuration":"cpu_fp32_dedicated","case":"reset_and_growth","tokens":65,"steps":7,"hint":8,"key_backing_allocations":4,"value_backing_allocations":4,"max_abs_error":1.78813934e-07,"nrmse":1.02750748e-07,"atol":2e-05,"nrmse_limit":2e-05,"passed":true}
{"configuration":"cpu_fp32_dedicated","case":"fresh_prompt_after_reset","tokens":9,"steps":3,"hint":16,"key_backing_allocations":1,"value_backing_allocations":1,"max_abs_error":1.34110451e-07,"nrmse":6.82074058e-08,"atol":2e-05,"nrmse_limit":2e-05,"passed":true}
{"configuration":"cpu_fp32_default","case":"prefill_decode_reuse","tokens":40,"steps":9,"hint":128,"key_b...
[This part of the test output was removed since it exceeds the threshold of 1024 bytes.]
</system-out>
	</testcase>
	<testcase name="runtime_cache_cpu" classname="runtime_cache_cpu" time="0.0388514" status="run">
		<properties/>
		<system-out>overwrite built-in layer type SDPA
overwrite built-in layer type SDPA
{"ncnn_revision":"6a1bf000f363714839a36793addc8c879d3d899e","q_heads":32,"kv_heads":8,"head_dim":128,"backend":"cpu","runtime_layer":true}
{"configuration":"cpu_fp32_dedicated","case":"prefill_decode_reuse","tokens":40,"steps":9,"hint":128,"key_backing_allocations":1,"value_backing_allocations":1,"max_abs_error":1.49011612e-07,"nrmse":9.25635868e-08,"atol":2e-05,"nrmse_limit":2e-05,"passed":true}
{"configuration":"cpu_fp32_dedicated","case":"reset_and_growth","tokens":65,"steps":7,"hint":8,"key_backing_allocations":4,"value_backing_allocations":4,"max_abs_error":1.78813934e-07,"nrmse":1.02750748e-07,"atol":2e-05,"nrmse_limit":2e-05,"passed":true}
{"configuration":"cpu_fp32_dedicated","case":"fresh_prompt_after_reset","tokens":9,"steps":3,"hint":16,"key_backing_allocations":1,"value_backing_allocations":1,"max_abs_error":1.34110451e-07,"nrmse":6.82074058e-08,"atol":2e-05,"nrmse_limit":2e-05,"passed":true}
{"configuration":"cpu_fp32_default",...
[This part of the test output was removed since it exceeds the threshold of 1024 bytes.]
</system-out>
	</testcase>
	<testcase name="native_cache_vulkan" classname="native_cache_vulkan" time="0.991825" status="fail">
		<failure message="SEGFAULT"/>
		<properties/>
		<system-out>dlopen failed dlopen(libvulkan.1.dylib, 0x0006): tried: '/opt/homebrew/opt/molten-vk/lib/libvulkan.1.dylib' (no such file), 'libvulkan.1.dylib' (no such file), '/System/Volumes/Preboot/Cryptexes/OSlibvulkan.1.dylib' (no such file), '/usr/lib/libvulkan.1.dylib' (no such file, not in dyld cache), 'libvulkan.1.dylib' (no such file)
[0 Apple Paravirtual device]  queueC=0[1]  queueT=0[1]  rebar=1  r-score=10
[0 Apple Paravirtual device]  fp16-p/s/u/a=1/1/1/1  int8-p/s/u/a=1/1/1/1  bf16-p/s=1/0
[0 Apple Paravirtual device]  subgroup=32(4~32)  ops=1/1/1/1/1/1/1/1/1/1
[0 Apple Paravirtual device]  fp16-cm=0  int8-cm=0  bf16-cm=0  fp8-cm=0  fp6-cm=0  fp4-cm=0
</system-out>
	</testcase>
	<testcase name="runtime_cache_vulkan" classname="runtime_cache_vulkan" time="0.0915525" status="fail">
		<failure message="SEGFAULT"/>
		<properties/>
		<system-out>dlopen failed dlopen(libvulkan.1.dylib, 0x0006): tried: '/opt/homebrew/opt/molten-vk/lib/libvulkan.1.dylib' (no such file), 'libvulkan.1.dylib' (no such file), '/System/Volumes/Preboot/Cryptexes/OSlibvulkan.1.dylib' (no such file), '/usr/lib/libvulkan.1.dylib' (no such file, not in dyld cache), 'libvulkan.1.dylib' (no such file)
[0 Apple Paravirtual device]  queueC=0[1]  queueT=0[1]  rebar=1  r-score=10
[0 Apple Paravirtual device]  fp16-p/s/u/a=1/1/1/1  int8-p/s/u/a=1/1/1/1  bf16-p/s=1/0
[0 Apple Paravirtual device]  subgroup=32(4~32)  ops=1/1/1/1/1/1/1/1/1/1
[0 Apple Paravirtual device]  fp16-cm=0  int8-cm=0  bf16-cm=0  fp8-cm=0  fp6-cm=0  fp4-cm=0
</system-out>
	</testcase>
	<testcase name="attention_long_fp32_accuracy" classname="attention_long_fp32_accuracy" time="0.138957" status="fail">
		<failure message="SEGFAULT"/>
		<properties/>
		<system-out>dlopen failed dlopen(libvulkan.1.dylib, 0x0006): tried: '/opt/homebrew/opt/molten-vk/lib/libvulkan.1.dylib' (no such file), 'libvulkan.1.dylib' (no such file), '/System/Volumes/Preboot/Cryptexes/OSlibvulkan.1.dylib' (no such file), '/usr/lib/libvulkan.1.dylib' (no such file, not in dyld cache), 'libvulkan.1.dylib' (no such file)
[0 Apple Paravirtual device]  queueC=0[1]  queueT=0[1]  rebar=1  r-score=10
[0 Apple Paravirtual device]  fp16-p/s/u/a=1/1/1/1  int8-p/s/u/a=1/1/1/1  bf16-p/s=1/0
[0 Apple Paravirtual device]  subgroup=32(4~32)  ops=1/1/1/1/1/1/1/1/1/1
[0 Apple Paravirtual device]  fp16-cm=0  int8-cm=0  bf16-cm=0  fp8-cm=0  fp6-cm=0  fp4-cm=0
overwrite built-in layer type RMSNorm
overwrite built-in layer type LayerNorm
overwrite built-in layer type SDPA
</system-out>
	</testcase>
	<testcase name="attention_bounded_workspace" classname="attention_bounded_workspace" time="0.221214" status="fail">
		<failure message="SEGFAULT"/>
		<properties/>
		<system-out>dlopen failed dlopen(libvulkan.1.dylib, 0x0006): tried: '/opt/homebrew/opt/molten-vk/lib/libvulkan.1.dylib' (no such file), 'libvulkan.1.dylib' (no such file), '/System/Volumes/Preboot/Cryptexes/OSlibvulkan.1.dylib' (no such file), '/usr/lib/libvulkan.1.dylib' (no such file, not in dyld cache), 'libvulkan.1.dylib' (no such file)
[0 Apple Paravirtual device]  queueC=0[1]  queueT=0[1]  rebar=1  r-score=10
[0 Apple Paravirtual device]  fp16-p/s/u/a=1/1/1/1  int8-p/s/u/a=1/1/1/1  bf16-p/s=1/0
[0 Apple Paravirtual device]  subgroup=32(4~32)  ops=1/1/1/1/1/1/1/1/1/1
[0 Apple Paravirtual device]  fp16-cm=0  int8-cm=0  bf16-cm=0  fp8-cm=0  fp6-cm=0  fp4-cm=0
</system-out>
	</testcase>
	<testcase name="utf8_paths_contract" classname="utf8_paths_contract" time="0.023444" status="run">
		<properties/>
		<system-out>Native Unicode paths, UTF-8 API/Rust/CLI, prompt and tensor I/O passed; no model inference
</system-out>
	</testcase>
	<testcase name="generation_report_writer" classname="generation_report_writer" time="0.022962" status="run">
		<properties/>
		<system-out>{"schema_version":1,"status":"success","trace_enabled":false,"allocation_instrumentation":false,"shape":[512,384],"shape_order":"WH","model":{"schema_version":3,"source_width":1024,"source_height":1024,"text_bucket":32,"dit_text_tokens":64},"vulkan_gpu_index":0,"request":{"device":"vulkan","precision":"fp16","vae_device":"cpu","vae_convolution":"direct","text_device":"cpu","text_down_vector":false,"threads":4,"steps":8,"seed":42,"dit_weights":"auto","gpu_reserve_mib":512,"dit_cache_mib":0,"ram_reserve_mib":3072,"model_loading":"default","img2img":false,"resize":"none","strength":null},"model_loading_requested":"mapped","placement_requests":{"gpu":0,"ram":262,"budget_unavailable":0},"weight_cache":{"hits":42,"loads":0,"peak_charged_bytes":5687678976,"peak_nets":0,"evictions":0,"budget_unavailable":0},"prompt":"中文 \"quote\"\\\u000d\u000a\u0009\u0000","token_ids":[1,23,131071],"pe":{"enabled":false,"greedy":false,"max_tokens":2048,"generated_tokens":0,"eos":false},"generation_seconds":1.25,"image_write_secon...
[This part of the test output was removed since it exceeds the threshold of 1024 bytes.]
</system-out>
	</testcase>
	<testcase name="pipeline_api_contract" classname="pipeline_api_contract" time="0.0248911" status="run">
		<properties/>
		<system-out>dlopen failed dlopen(libvulkan.1.dylib, 0x0006): tried: '/opt/homebrew/opt/molten-vk/lib/libvulkan.1.dylib' (no such file), 'libvulkan.1.dylib' (no such file), '/System/Volumes/Preboot/Cryptexes/OSlibvulkan.1.dylib' (no such file), '/usr/lib/libvulkan.1.dylib' (no such file, not in dyld cache), 'libvulkan.1.dylib' (no such file)
[0 Apple Paravirtual device]  queueC=0[1]  queueT=0[1]  rebar=1  r-score=10
[0 Apple Paravirtual device]  fp16-p/s/u/a=1/1/1/1  int8-p/s/u/a=1/1/1/1  bf16-p/s=1/0
[0 Apple Paravirtual device]  subgroup=32(4~32)  ops=1/1/1/1/1/1/1/1/1/1
[0 Apple Paravirtual device]  fp16-cm=0  int8-cm=0  bf16-cm=0  fp8-cm=0  fp6-cm=0  fp4-cm=0
Public C++ API builds without private headers and reports runtime capabilities
</system-out>
	</testcase>
	<testcase name="request_validation_contract" classname="request_validation_contract" time="0.0254608" status="run">
		<properties/>
		<system-out>dlopen failed dlopen(libvulkan.1.dylib, 0x0006): tried: '/opt/homebrew/opt/molten-vk/lib/libvulkan.1.dylib' (no such file), 'libvulkan.1.dylib' (no such file), '/System/Volumes/Preboot/Cryptexes/OSlibvulkan.1.dylib' (no such file), '/usr/lib/libvulkan.1.dylib' (no such file, not in dyld cache), 'libvulkan.1.dylib' (no such file)
[0 Apple Paravirtual device]  queueC=0[1]  queueT=0[1]  rebar=1  r-score=10
[0 Apple Paravirtual device]  fp16-p/s/u/a=1/1/1/1  int8-p/s/u/a=1/1/1/1  bf16-p/s=1/0
[0 Apple Paravirtual device]  subgroup=32(4~32)  ops=1/1/1/1/1/1/1/1/1/1
[0 Apple Paravirtual device]  fp16-cm=0  int8-cm=0  bf16-cm=0  fp8-cm=0  fp6-cm=0  fp4-cm=0
dlopen failed dlopen(libvulkan.1.dylib, 0x0006): tried: '/opt/homebrew/opt/molten-vk/lib/libvulkan.1.dylib' (no such file), 'libvulkan.1.dylib' (no such file), '/System/Volumes/Preboot/Cryptexes/OSlibvulkan.1.dylib' (no such file), '/usr/lib/libvulkan.1.dylib' (no such file, not in dyld cache), 'libvulkan.1.dylib' (no such file)
[0 Apple Paravirtual device]  queu...
[This part of the test output was removed since it exceeds the threshold of 1024 bytes.]
</system-out>
	</testcase>
	<testcase name="gpu_context_contract" classname="gpu_context_contract" time="0.0287639" status="run">
		<properties/>
		<system-out>dlopen failed dlopen(libvulkan.1.dylib, 0x0006): tried: '/opt/homebrew/opt/molten-vk/lib/libvulkan.1.dylib' (no such file), 'libvulkan.1.dylib' (no such file), '/System/Volumes/Preboot/Cryptexes/OSlibvulkan.1.dylib' (no such file), '/usr/lib/libvulkan.1.dylib' (no such file, not in dyld cache), 'libvulkan.1.dylib' (no such file)
[0 Apple Paravirtual device]  queueC=0[1]  queueT=0[1]  rebar=1  r-score=10
[0 Apple Paravirtual device]  fp16-p/s/u/a=1/1/1/1  int8-p/s/u/a=1/1/1/1  bf16-p/s=1/0
[0 Apple Paravirtual device]  subgroup=32(4~32)  ops=1/1/1/1/1/1/1/1/1/1
[0 Apple Paravirtual device]  fp16-cm=0  int8-cm=0  bf16-cm=0  fp8-cm=0  fp6-cm=0  fp4-cm=0
dlopen failed dlopen(libvulkan.1.dylib, 0x0006): tried: '/opt/homebrew/opt/molten-vk/lib/libvulkan.1.dylib' (no such file), 'libvulkan.1.dylib' (no such file), '/System/Volumes/Preboot/Cryptexes/OSlibvulkan.1.dylib' (no such file), '/usr/lib/libvulkan.1.dylib' (no such file, not in dyld cache), 'libvulkan.1.dylib' (no such file)
[0 Apple Paravirtual device]  queu...
[This part of the test output was removed since it exceeds the threshold of 1024 bytes.]
</system-out>
	</testcase>
	<testcase name="gpu_context_missing_driver" classname="gpu_context_missing_driver" time="0.0226664" status="fail">
		<failure message="Failed"/>
		<properties/>
		<system-out>dlopen failed dlopen(libvulkan.1.dylib, 0x0006): tried: '/opt/homebrew/opt/molten-vk/lib/libvulkan.1.dylib' (no such file), 'libvulkan.1.dylib' (no such file), '/System/Volumes/Preboot/Cryptexes/OSlibvulkan.1.dylib' (no such file), '/usr/lib/libvulkan.1.dylib' (no such file, not in dyld cache), 'libvulkan.1.dylib' (no such file)
[0 Apple Paravirtual device]  queueC=0[1]  queueT=0[1]  rebar=1  r-score=10
[0 Apple Paravirtual device]  fp16-p/s/u/a=1/1/1/1  int8-p/s/u/a=1/1/1/1  bf16-p/s=1/0
[0 Apple Paravirtual device]  subgroup=32(4~32)  ops=1/1/1/1/1/1/1/1/1/1
[0 Apple Paravirtual device]  fp16-cm=0  int8-cm=0  bf16-cm=0  fp8-cm=0  fp6-cm=0  fp4-cm=0
Missing driver diagnosis must return a reason without owning Vulkan
</system-out>
	</testcase>
	<testcase name="prompt_file_contract" classname="prompt_file_contract" time="0.0762156" status="run">
		<properties/>
		<system-out>Prompt BOM, exact whitespace and UTF-8 boundaries passed
</system-out>
	</testcase>
	<testcase name="image_io_contract" classname="image_io_contract" time="0.127087" status="run">
		<properties/>
		<system-out>PNG/JPEG/BMP/TGA image I/O contracts passed
</system-out>
	</testcase>
	<testcase name="pe_sampling_contract" classname="pe_sampling_contract" time="0.0181647" status="run">
		<properties/>
		<system-out>PE greedy, 100000-draw distribution, nucleus, bounds and finite-value contracts passed
</system-out>
	</testcase>
	<testcase name="generation_report_json" classname="generation_report_json" time="0.265171" status="run">
		<properties/>
		<system-out>test_native_json_roundtrip (test_generation_report.GenerationReportTest.test_native_json_roundtrip) ... ok

----------------------------------------------------------------------
Ran 1 test in 0.008s

OK
</system-out>
	</testcase>
	<testcase name="pe_package_integrity" classname="pe_package_integrity" time="1.16851" status="run">
		<properties/>
		<system-out>test_complete_package (test_pe_package.PePackageTests.test_complete_package) ... ok
test_missing_head (test_pe_package.PePackageTests.test_missing_head) ... ok
test_move_without_source (test_pe_package.PePackageTests.test_move_without_source) ... ok
test_omitted_tail_checksum (test_pe_package.PePackageTests.test_omitted_tail_checksum) ... ok
test_portable_package_rejects_external_link (test_pe_package.PePackageTests.test_portable_package_rejects_external_link) ... ok
test_resealed_changed_chat_template (test_pe_package.PePackageTests.test_resealed_changed_chat_template) ... ok
test_resealed_configuration_disagreement (test_pe_package.PePackageTests.test_resealed_configuration_disagreement) ... ok
test_resealed_wrong_capacity (test_pe_package.PePackageTests.test_resealed_wrong_capacity) ... ok
test_revision_mismatch (test_pe_package.PePackageTests.test_revision_mismatch) ... ok
test_tail_block_corruption (test_pe_package.PePackageTests.test_tail_block_corruption) ... ok

---------------------------------------...
[This part of the test output was removed since it exceeds the threshold of 1024 bytes.]
</system-out>
	</testcase>
	<testcase name="package_integrity" classname="package_integrity" time="2.90237" status="run">
		<properties/>
		<system-out>test_complete_inventory_and_native_check_without_model_loading (test_package.PackageTests.test_complete_inventory_and_native_check_without_model_loading) ... ok
test_configuration_cannot_disagree_with_manifest (test_package.PackageTests.test_configuration_cannot_disagree_with_manifest) ... ok
test_copy_survives_source_removal_and_relocation (test_package.PackageTests.test_copy_survives_source_removal_and_relocation) ... ok
test_development_links_are_explicit (test_package.PackageTests.test_development_links_are_explicit) ... ok
test_external_alias_to_complete_portable_root_is_allowed (test_package.PackageTests.test_external_alias_to_complete_portable_root_is_allowed) ... ok
test_fixed_shape_module_api_also_checks_source_identity (test_package.PackageTests.test_fixed_shape_module_api_also_checks_source_identity) ... ok
test_fixed_shape_rejects_unreviewed_source_before_writing (test_package.PackageTests.test_fixed_shape_rejects_unreviewed_source_before_writing) ... ok
test_manifest_config_cannot_use_boolean_for...
[This part of the test output was removed since it exceeds the threshold of 1024 bytes.]
</system-out>
	</testcase>
	<testcase name="cli_contract" classname="cli_contract" time="0.923142" status="fail">
		<failure message="Failed"/>
		<properties/>
		<system-out>test_bf16_request_obeys_compiled_device_support (test_cli.CliTests.test_bf16_request_obeys_compiled_device_support) ... ok
test_cpu_selects_fp32_only_when_precision_is_omitted (test_cli.CliTests.test_cpu_selects_fp32_only_when_precision_is_omitted) ... ok
test_device_and_precision_errors_name_the_option (test_cli.CliTests.test_device_and_precision_errors_name_the_option) ... ok
test_diagnose_lists_runtime_without_loading_a_model (test_cli.CliTests.test_diagnose_lists_runtime_without_loading_a_model) ... ok
test_diagnose_reads_only_bounded_model_config_metadata (test_cli.CliTests.test_diagnose_reads_only_bounded_model_config_metadata) ... ok
test_diagnose_rejects_generation_options (test_cli.CliTests.test_diagnose_rejects_generation_options) ... ok
test_dimensions_must_be_multiples_of_sixteen (test_cli.CliTests.test_dimensions_must_be_multiples_of_sixteen) ... ok
test_dimensions_require_both_axes (test_cli.CliTests.test_dimensions_require_both_axes) ... ok
test_duplicate_prompt_cannot_silently_replace_first (test_cli.CliTests.test_duplicate_prompt_cannot_silently_replace_first) ... ok
test_existing_image_is_reported_and_preserved_before_loading (test_cli.CliTests.test_existing_image_is_reported_and_preserved_before_loading) ... ok
test_generation_report_options (test_cli.CliTests.test_generation_report_options) ... ok
test_gpu_requires_a_vulkan_stage (test_cli.CliTests.test_gpu_requires_a_vulkan_stage) ... ok
test_help_is_available_without_model_or_device (test_cli.CliTests.test_help_is_available_without_model_or_device) ... ok
test_img2img_only_options_require_input (test_cli.CliTests.test_img2img_only_options_require_input) ... ok
test_img2img_reads_input_before_model_loading (test_cli.CliTests.test_img2img_reads_input_before_model_loading) ... ok
test_invalid_img2img_metadata_is_rejected (test_cli.CliTests.test_invalid_img2img_metadata_is_rejected) ... ok
test_invalid_utf8_prompt_file_is_rejected (test_cli.CliTests.test_invalid_utf8_prompt_file_is_rejected) ... ok
test_metrics_rejects_empty_path_before_model_loading (test_cli.CliTests.test_metrics_rejects_empty_path_before_model_loading) ... ok
test_missing_arguments_explain_how_to_continue (test_cli.CliTests.test_missing_arguments_explain_how_to_continue) ... ok
test_missing_driver_diagnosis_keeps_metadata_and_strict_inference (test_cli.CliTests.test_missing_driver_diagnosis_keeps_metadata_and_strict_inference) ... FAIL
test_missing_prompt_file_is_reported_before_model_loading (test_cli.CliTests.test_missing_prompt_file_is_reported_before_model_loading) ... ok
test_model_loading_options (test_cli.CliTests.test_model_loading_options) ... ok
test_output_format_is_checked_before_model_loading (test_cli.CliTests.test_output_format_is_checked_before_model_loading) ... ok
test_pe_cannot_change_prompt_of_precomputed_embeddings (test_cli.CliTests.test_pe_cannot_change_prompt_of_precomputed_embeddings) ... ok
test_pe_options_require_an_explicit_model (test_cli.CliTests.test_pe_options_require_an_explicit_model) ... ok
test_pe_rejects_infinite_temperature (test_cli.CliTests.test_pe_rejects_infinite_temperature) ... ok
test_pe_rejects_invalid_top_p (test_cli.CliTests.test_pe_rejects_invalid_top_p) ... ok
test_prompt_file_is_bounded_before_model_loading (test_cli.CliTests.test_prompt_file_is_bounded_before_model_loading) ... ok
test_prompt_sources_are_mutually_exclusive (test_cli.CliTests.test_prompt_sources_are_mutually_exclusive) ... ok
test_rectangular_request_reaches_model_validation (test_cli.CliTests.test_rectangular_request_reaches_model_validation) ... ok
test_repeated_resolution_cannot_silently_override (test_cli.CliTests.test_repeated_resolution_cannot_silently_override) ... ok
test_resize_requires_explicit_target (test_cli.CliTests.test_resize_requires_explicit_target) ... ok
test_strength_zero_does_not_require_prompt (test_cli.CliTests.test_strength_zero_does_not_require_prompt) ... ok
test_strength_zero_rejects_unused_prompt_or_pe (test_cli.CliTests.test_strength_zero_rejects_unused_prompt_or_pe) ... ok
test_threads_are_strictly_bounded (test_cli.CliTests.test_threads_are_strictly_bounded) ... ok
test_unsupported_text_device_is_explicit (test_cli.CliTests.test_unsupported_text_device_is_explicit) ... ok
test_vector_reduction_flag_reaches_model_validation (test_cli.CliTests.test_vector_reduction_flag_reaches_model_validation) ... ok
test_vector_reduction_requires_native_text (test_cli.CliTests.test_vector_reduction_requires_native_text) ... ok
test_weight_placement_options (test_cli.CliTests.test_weight_placement_options) ... ok

======================================================================
FAIL: test_missing_driver_diagnosis_keeps_metadata_and_strict_inference (test_cli.CliTests.test_missing_driver_diagnosis_keeps_metadata_and_strict_inference)
----------------------------------------------------------------------
Traceback (most recent call last):
  File "/Users/runner/work/ernie-image-ncnn-vulkan/ernie-image-ncnn-vulkan/tests/test_cli.py", line 264, in test_missing_driver_diagnosis_keeps_metadata_and_strict_inference
    self.assertEqual(fields['gpu_count'], '0')
    ~~~~~~~~~~~~~~~~^^^^^^^^^^^^^^^^^^^^^^^^^^
AssertionError: '1' != '0'
- 1
+ 0


----------------------------------------------------------------------
Ran 39 tests in 0.816s

FAILED (failures=1)
</system-out>
	</testcase>
	<testcase name="installed_cpp_consumer" classname="installed_cpp_consumer" time="1.25558" status="fail">
		<failure message="Failed"/>
		<properties/>
		<system-out>test_relocated_installation (test_install.InstalledConsumerTest.test_relocated_installation) ... ERROR

======================================================================
ERROR: test_relocated_installation (test_install.InstalledConsumerTest.test_relocated_installation)
----------------------------------------------------------------------
Traceback (most recent call last):
  File "/Users/runner/work/ernie-image-ncnn-vulkan/ernie-image-ncnn-vulkan/tests/test_install.py", line 141, in test_relocated_installation
    result = check_install(os.environ["ERNIE_INSTALL_BUILD"], Path(temp) / "check",
                           config=os.environ.get("ERNIE_INSTALL_CONFIG") or "Release")
  File "/Users/runner/work/ernie-image-ncnn-vulkan/ernie-image-ncnn-vulkan/tests/test_install.py", line 69, in check_install
    raise ValueError(f"Installed CMake file still refers to original paths: {path}")
ValueError: Installed CMake file still refers to original paths: /private/var/folders/bl/vzjcvbz95c3dk19cb0fw46180000gn/T/ernie-install-3k2k8qky/check/移动 installation/lib/cmake/ncnn/ncnn.cmake

----------------------------------------------------------------------
Ran 1 test in 1.167s

FAILED (errors=1)
</system-out>
	</testcase>
	<testcase name="text_bucket_contract" classname="text_bucket_contract" time="0.144308" status="run">
		<properties/>
		<system-out>test_gqa_head_count_is_not_a_token_dimension (test_text_bucket.TextBucketTests.test_gqa_head_count_is_not_a_token_dimension) ... ok
test_independent_exports_have_identical_equations (test_text_bucket.TextBucketTests.test_independent_exports_have_identical_equations) ... ok
test_normalization_equation_is_not_normalized_away (test_text_bucket.TextBucketTests.test_normalization_equation_is_not_normalized_away) ... ok
test_wrong_manifest_bucket_rejected (test_text_bucket.TextBucketTests.test_wrong_manifest_bucket_rejected) ... ok

----------------------------------------------------------------------
Ran 4 tests in 0.001s

OK
</system-out>
	</testcase>
	<testcase name="variant_dimensions" classname="variant_dimensions" time="0.0882184" status="run">
		<properties/>
		<system-out>test_full_resolution_and_maximum_prompt_fit (test_variant.VariantTests.test_full_resolution_and_maximum_prompt_fit) ... ok
test_invalid_sizes_do_not_round_or_truncate (test_variant.VariantTests.test_invalid_sizes_do_not_round_or_truncate) ... ok
test_rectangular_axes_and_full_text_capacity (test_variant.VariantTests.test_rectangular_axes_and_full_text_capacity) ... ok

----------------------------------------------------------------------
Ran 3 tests in 0.000s

OK
</system-out>
	</testcase>
	<testcase name="latent_contract_cpu" classname="latent_contract_cpu" time="0.0121615" status="run">
		<properties/>
		<system-out>Schedule, shape, invalid delta, BN statistics, and aliased update contracts passed
</system-out>
	</testcase>
	<testcase name="component_files_contract_cpu" classname="component_files_contract_cpu" time="0.010045" status="run">
		<properties/>
		<system-out>Memory/file graph equivalence, lifetime and bounded component inputs passed
</system-out>
	</testcase>
	<testcase name="weight_placement_cpu" classname="weight_placement_cpu" time="0.0131622" status="run">
		<properties/>
		<system-out>Adaptive weight budget, overrides, unavailable data and failure contracts passed
</system-out>
	</testcase>
	<testcase name="weight_session_cpu" classname="weight_session_cpu" time="0.0111812" status="run">
		<properties/>
		<system-out>Budget, repeated scan, pressure, identity, failure, move and cancellation contracts passed
</system-out>
	</testcase>
	<testcase name="host_memory_cpu" classname="host_memory_cpu" time="0.0141299" status="run">
		<properties/>
		<system-out>File LRU movement, bounded credit, real pressure, ancestors, changing inputs, corruption, missing counters and overflow contracts pass
</system-out>
	</testcase>
	<testcase name="model_loading_cpu" classname="model_loading_cpu" time="0.017074" status="run">
		<properties/>
		<system-out>fopen /var/folders/bl/vzjcvbz95c3dk19cb0fw46180000gn/T/ernie-model-loading-427748460083/absent.bin failed
fopen /var/folders/bl/vzjcvbz95c3dk19cb0fw46180000gn/T/ernie-model-loading-427748460083/absent.bin failed
CPU FP32/BF16 files: both loading modes, build defaults, repeated extraction, mapping ownership and missing-file rejection pass
</system-out>
	</testcase>
	<testcase name="model_reader_cpu" classname="model_reader_cpu" time="0.325156" status="run">
		<properties/>
		<system-out>ModelBin read float16_weights failed 35
ModelBin read flag_struct failed 2
ModelBin read bfloat16_weights failed 35
ModelBin read flag_struct failed 2
FP16 count=1 payload=4 vector_bytes=8 bit_exact=true
FP16 count=2 payload=4 vector_bytes=8 bit_exact=true
FP16 count=3 payload=8 vector_bytes=16 bit_exact=true
FP16 count=17 payload=36 vector_bytes=72 bit_exact=true
FP16 count=2049 payload=4100 vector_bytes=8200 bit_exact=true
FP16 count=65537 payload=131076 vector_bytes=262152 bit_exact=true
FP16 count=4194305 payload=8388612 vector_bytes=16777224 bit_exact=true
BF16 count=1 payload=4 vector_bytes=8 bit_exact=true
BF16 count=2 payload=4 vector_bytes=8 bit_exact=true
BF16 count=3 payload=8 vector_bytes=16 bit_exact=true
BF16 count=17 payload=36 vector_bytes=72 bit_exact=true
BF16 count=2049 payload=4100 vector_bytes=8200 bit_exact=true
BF16 count=65537 payload=131076 vector_bytes=262152 bit_exact=true
BF16 count=4194305 payload=8388612 vector_bytes=16777224 bit_exact=true
</system-out>
	</testcase>
	<testcase name="weight_session_vulkan" classname="weight_session_vulkan" time="0.0785834" status="fail">
		<failure message="SEGFAULT"/>
		<properties/>
		<system-out>dlopen failed dlopen(libvulkan.1.dylib, 0x0006): tried: '/opt/homebrew/opt/molten-vk/lib/libvulkan.1.dylib' (no such file), 'libvulkan.1.dylib' (no such file), '/System/Volumes/Preboot/Cryptexes/OSlibvulkan.1.dylib' (no such file), '/usr/lib/libvulkan.1.dylib' (no such file, not in dyld cache), 'libvulkan.1.dylib' (no such file)
[0 Apple Paravirtual device]  queueC=0[1]  queueT=0[1]  rebar=1  r-score=10
[0 Apple Paravirtual device]  fp16-p/s/u/a=1/1/1/1  int8-p/s/u/a=1/1/1/1  bf16-p/s=1/0
[0 Apple Paravirtual device]  subgroup=32(4~32)  ops=1/1/1/1/1/1/1/1/1/1
[0 Apple Paravirtual device]  fp16-cm=0  int8-cm=0  bf16-cm=0  fp8-cm=0  fp6-cm=0  fp4-cm=0
</system-out>
	</testcase>
	<testcase name="weight_session_mapped_vulkan" classname="weight_session_mapped_vulkan" time="0.0702751" status="fail">
		<failure message="SEGFAULT"/>
		<properties/>
		<system-out>dlopen failed dlopen(libvulkan.1.dylib, 0x0006): tried: '/opt/homebrew/opt/molten-vk/lib/libvulkan.1.dylib' (no such file), 'libvulkan.1.dylib' (no such file), '/System/Volumes/Preboot/Cryptexes/OSlibvulkan.1.dylib' (no such file), '/usr/lib/libvulkan.1.dylib' (no such file, not in dyld cache), 'libvulkan.1.dylib' (no such file)
[0 Apple Paravirtual device]  queueC=0[1]  queueT=0[1]  rebar=1  r-score=10
[0 Apple Paravirtual device]  fp16-p/s/u/a=1/1/1/1  int8-p/s/u/a=1/1/1/1  bf16-p/s=1/0
[0 Apple Paravirtual device]  subgroup=32(4~32)  ops=1/1/1/1/1/1/1/1/1/1
[0 Apple Paravirtual device]  fp16-cm=0  int8-cm=0  bf16-cm=0  fp8-cm=0  fp6-cm=0  fp4-cm=0
</system-out>
	</testcase>
	<testcase name="weight_session_bf16_file_vulkan" classname="weight_session_bf16_file_vulkan" time="0.389464" status="fail">
		<failure message="SEGFAULT"/>
		<properties/>
		<system-out>dlopen failed dlopen(libvulkan.1.dylib, 0x0006): tried: '/opt/homebrew/opt/molten-vk/lib/libvulkan.1.dylib' (no such file), 'libvulkan.1.dylib' (no such file), '/System/Volumes/Preboot/Cryptexes/OSlibvulkan.1.dylib' (no such file), '/usr/lib/libvulkan.1.dylib' (no such file, not in dyld cache), 'libvulkan.1.dylib' (no such file)
[0 Apple Paravirtual device]  queueC=0[1]  queueT=0[1]  rebar=1  r-score=10
[0 Apple Paravirtual device]  fp16-p/s/u/a=1/1/1/1  int8-p/s/u/a=1/1/1/1  bf16-p/s=1/0
[0 Apple Paravirtual device]  subgroup=32(4~32)  ops=1/1/1/1/1/1/1/1/1/1
[0 Apple Paravirtual device]  fp16-cm=0  int8-cm=0  bf16-cm=0  fp8-cm=0  fp6-cm=0  fp4-cm=0
</system-out>
	</testcase>
	<testcase name="weight_session_mapped_bf16_file_vulkan" classname="weight_session_mapped_bf16_file_vulkan" time="0.118241" status="fail">
		<failure message="SEGFAULT"/>
		<properties/>
		<system-out>dlopen failed dlopen(libvulkan.1.dylib, 0x0006): tried: '/opt/homebrew/opt/molten-vk/lib/libvulkan.1.dylib' (no such file), 'libvulkan.1.dylib' (no such file), '/System/Volumes/Preboot/Cryptexes/OSlibvulkan.1.dylib' (no such file), '/usr/lib/libvulkan.1.dylib' (no such file, not in dyld cache), 'libvulkan.1.dylib' (no such file)
[0 Apple Paravirtual device]  queueC=0[1]  queueT=0[1]  rebar=1  r-score=10
[0 Apple Paravirtual device]  fp16-p/s/u/a=1/1/1/1  int8-p/s/u/a=1/1/1/1  bf16-p/s=1/0
[0 Apple Paravirtual device]  subgroup=32(4~32)  ops=1/1/1/1/1/1/1/1/1/1
[0 Apple Paravirtual device]  fp16-cm=0  int8-cm=0  bf16-cm=0  fp8-cm=0  fp6-cm=0  fp4-cm=0
</system-out>
	</testcase>
	<testcase name="weight_placement_vulkan" classname="weight_placement_vulkan" time="0.0838573" status="fail">
		<failure message="SEGFAULT"/>
		<properties/>
		<system-out>dlopen failed dlopen(libvulkan.1.dylib, 0x0006): tried: '/opt/homebrew/opt/molten-vk/lib/libvulkan.1.dylib' (no such file), 'libvulkan.1.dylib' (no such file), '/System/Volumes/Preboot/Cryptexes/OSlibvulkan.1.dylib' (no such file), '/usr/lib/libvulkan.1.dylib' (no such file, not in dyld cache), 'libvulkan.1.dylib' (no such file)
[0 Apple Paravirtual device]  queueC=0[1]  queueT=0[1]  rebar=1  r-score=10
[0 Apple Paravirtual device]  fp16-p/s/u/a=1/1/1/1  int8-p/s/u/a=1/1/1/1  bf16-p/s=1/0
[0 Apple Paravirtual device]  subgroup=32(4~32)  ops=1/1/1/1/1/1/1/1/1/1
[0 Apple Paravirtual device]  fp16-cm=0  int8-cm=0  bf16-cm=0  fp8-cm=0  fp6-cm=0  fp4-cm=0
</system-out>
	</testcase>
	<testcase name="img2img_contract_cpu" classname="img2img_contract_cpu" time="0.0511445" status="run">
		<properties/>
		<system-out>Img2img endpoints, interpolation, positive rounding, rejection and no-denoise reconstruction passed
</system-out>
	</testcase>
	<testcase name="image_encoder_contract_cpu" classname="image_encoder_contract_cpu" time="0.0128867" status="run">
		<properties/>
		<system-out>VAE encoder request boundary contracts passed
</system-out>
	</testcase>
	<testcase name="residual_contract_cpu" classname="residual_contract_cpu" time="0.0463882" status="run">
		<properties/>
		<system-out>overwrite built-in layer type RMSNorm
overwrite built-in layer type LayerNorm
overwrite built-in layer type SDPA
overwrite built-in layer type GroupNorm
FP32 residual above 65504, normalized projection and finite guards passed
</system-out>
	</testcase>
	<testcase name="residual_contract_vulkan" classname="residual_contract_vulkan" time="0.0769054" status="fail">
		<failure message="SEGFAULT"/>
		<properties/>
		<system-out>dlopen failed dlopen(libvulkan.1.dylib, 0x0006): tried: '/opt/homebrew/opt/molten-vk/lib/libvulkan.1.dylib' (no such file), 'libvulkan.1.dylib' (no such file), '/System/Volumes/Preboot/Cryptexes/OSlibvulkan.1.dylib' (no such file), '/usr/lib/libvulkan.1.dylib' (no such file, not in dyld cache), 'libvulkan.1.dylib' (no such file)
[0 Apple Paravirtual device]  queueC=0[1]  queueT=0[1]  rebar=1  r-score=10
[0 Apple Paravirtual device]  fp16-p/s/u/a=1/1/1/1  int8-p/s/u/a=1/1/1/1  bf16-p/s=1/0
[0 Apple Paravirtual device]  subgroup=32(4~32)  ops=1/1/1/1/1/1/1/1/1/1
[0 Apple Paravirtual device]  fp16-cm=0  int8-cm=0  bf16-cm=0  fp8-cm=0  fp6-cm=0  fp4-cm=0
</system-out>
	</testcase>
	<testcase name="residual_contract_vulkan_bf16" classname="residual_contract_vulkan_bf16" time="0.0533067" status="fail">
		<failure message="SEGFAULT"/>
		<properties/>
		<system-out>dlopen failed dlopen(libvulkan.1.dylib, 0x0006): tried: '/opt/homebrew/opt/molten-vk/lib/libvulkan.1.dylib' (no such file), 'libvulkan.1.dylib' (no such file), '/System/Volumes/Preboot/Cryptexes/OSlibvulkan.1.dylib' (no such file), '/usr/lib/libvulkan.1.dylib' (no such file, not in dyld cache), 'libvulkan.1.dylib' (no such file)
[0 Apple Paravirtual device]  queueC=0[1]  queueT=0[1]  rebar=1  r-score=10
[0 Apple Paravirtual device]  fp16-p/s/u/a=1/1/1/1  int8-p/s/u/a=1/1/1/1  bf16-p/s=1/0
[0 Apple Paravirtual device]  subgroup=32(4~32)  ops=1/1/1/1/1/1/1/1/1/1
[0 Apple Paravirtual device]  fp16-cm=0  int8-cm=0  bf16-cm=0  fp8-cm=0  fp6-cm=0  fp4-cm=0
</system-out>
	</testcase>
	<testcase name="rmsnorm_range_cpu" classname="rmsnorm_range_cpu" time="0.0171552" status="run">
		<properties/>
		<system-out>overwrite built-in layer type RMSNorm
overwrite built-in layer type RMSNorm
overwrite built-in layer type RMSNorm
overwrite built-in layer type RMSNorm
overwrite built-in layer type RMSNorm
overwrite built-in layer type RMSNorm
{"backend":"cpu","precision":"fp32","native":false,"centered":false,"width":128,"scale":1,"max_abs_error":9.42942e-08,"limit":2e-06,"passed":true}
{"backend":"cpu","precision":"fp32","native":false,"centered":false,"width":128,"scale":512,"max_abs_error":1.13088e-07,"limit":2e-06,"passed":true}
{"backend":"cpu","precision":"fp32","native":false,"centered":false,"width":3072,"scale":1,"max_abs_error":9.42942e-08,"limit":2e-06,"passed":true}
{"backend":"cpu","precision":"fp32","native":false,"centered":false,"width":3072,"scale":512,"max_abs_error":1.13088e-07,"limit":2e-06,"passed":true}
{"backend":"cpu","precision":"fp32","native":false,"centered":false,"width":4096,"scale":1,"max_abs_error":9.42942e-08,"limit":2e-06,"passed":true}
{"backend":"cpu","precision":"fp32","native":false,"ce...
[This part of the test output was removed since it exceeds the threshold of 1024 bytes.]
</system-out>
	</testcase>
	<testcase name="layernorm_range_cpu" classname="layernorm_range_cpu" time="0.0066425" status="run">
		<properties/>
		<system-out>overwrite built-in layer type LayerNorm
overwrite built-in layer type LayerNorm
{"backend":"cpu","precision":"fp32","native":false,"centered":true,"width":4096,"scale":1,"max_abs_error":2.05526e-07,"limit":2e-06,"passed":true}
{"backend":"cpu","precision":"fp32","native":false,"centered":true,"width":4096,"scale":1024,"max_abs_error":7.41049e-08,"limit":2e-06,"passed":true}
</system-out>
	</testcase>
	<testcase name="erf_gelu_cpu" classname="erf_gelu_cpu" time="0.0207827" status="run">
		<properties/>
		<system-out>overwrite built-in layer type RMSNorm
overwrite built-in layer type LayerNorm
overwrite built-in layer type SDPA
overwrite built-in layer type GroupNorm
overwrite built-in layer type RMSNorm
overwrite built-in layer type LayerNorm
overwrite built-in layer type SDPA
overwrite built-in layer type GroupNorm
{"backend":"cpu","precision":"fp32","shape":0,"samples":65536,"max_abs_error":3.72798e-07,"limit":2e-06,"passed":true}
{"backend":"cpu","precision":"fp32","shape":1,"samples":98688,"max_abs_error":3.83925e-07,"limit":2e-06,"passed":true}
</system-out>
	</testcase>
	<testcase name="erf_gelu_vulkan_fp32" classname="erf_gelu_vulkan_fp32" time="0.0568166" status="fail">
		<failure message="SEGFAULT"/>
		<properties/>
		<system-out>dlopen failed dlopen(libvulkan.1.dylib, 0x0006): tried: '/opt/homebrew/opt/molten-vk/lib/libvulkan.1.dylib' (no such file), 'libvulkan.1.dylib' (no such file), '/System/Volumes/Preboot/Cryptexes/OSlibvulkan.1.dylib' (no such file), '/usr/lib/libvulkan.1.dylib' (no such file, not in dyld cache), 'libvulkan.1.dylib' (no such file)
[0 Apple Paravirtual device]  queueC=0[1]  queueT=0[1]  rebar=1  r-score=10
[0 Apple Paravirtual device]  fp16-p/s/u/a=1/1/1/1  int8-p/s/u/a=1/1/1/1  bf16-p/s=1/0
[0 Apple Paravirtual device]  subgroup=32(4~32)  ops=1/1/1/1/1/1/1/1/1/1
[0 Apple Paravirtual device]  fp16-cm=0  int8-cm=0  bf16-cm=0  fp8-cm=0  fp6-cm=0  fp4-cm=0
overwrite built-in layer type RMSNorm
overwrite built-in layer type LayerNorm
overwrite built-in layer type SDPA
overwrite built-in layer type GroupNorm
</system-out>
	</testcase>
	<testcase name="rmsnorm_range_vulkan_fp32" classname="rmsnorm_range_vulkan_fp32" time="0.0579196" status="fail">
		<failure message="SEGFAULT"/>
		<properties/>
		<system-out>dlopen failed dlopen(libvulkan.1.dylib, 0x0006): tried: '/opt/homebrew/opt/molten-vk/lib/libvulkan.1.dylib' (no such file), 'libvulkan.1.dylib' (no such file), '/System/Volumes/Preboot/Cryptexes/OSlibvulkan.1.dylib' (no such file), '/usr/lib/libvulkan.1.dylib' (no such file, not in dyld cache), 'libvulkan.1.dylib' (no such file)
[0 Apple Paravirtual device]  queueC=0[1]  queueT=0[1]  rebar=1  r-score=10
[0 Apple Paravirtual device]  fp16-p/s/u/a=1/1/1/1  int8-p/s/u/a=1/1/1/1  bf16-p/s=1/0
[0 Apple Paravirtual device]  subgroup=32(4~32)  ops=1/1/1/1/1/1/1/1/1/1
[0 Apple Paravirtual device]  fp16-cm=0  int8-cm=0  bf16-cm=0  fp8-cm=0  fp6-cm=0  fp4-cm=0
overwrite built-in layer type RMSNorm
</system-out>
	</testcase>
	<testcase name="layernorm_range_vulkan_fp32" classname="layernorm_range_vulkan_fp32" time="0.0568629" status="fail">
		<failure message="SEGFAULT"/>
		<properties/>
		<system-out>dlopen failed dlopen(libvulkan.1.dylib, 0x0006): tried: '/opt/homebrew/opt/molten-vk/lib/libvulkan.1.dylib' (no such file), 'libvulkan.1.dylib' (no such file), '/System/Volumes/Preboot/Cryptexes/OSlibvulkan.1.dylib' (no such file), '/usr/lib/libvulkan.1.dylib' (no such file, not in dyld cache), 'libvulkan.1.dylib' (no such file)
[0 Apple Paravirtual device]  queueC=0[1]  queueT=0[1]  rebar=1  r-score=10
[0 Apple Paravirtual device]  fp16-p/s/u/a=1/1/1/1  int8-p/s/u/a=1/1/1/1  bf16-p/s=1/0
[0 Apple Paravirtual device]  subgroup=32(4~32)  ops=1/1/1/1/1/1/1/1/1/1
[0 Apple Paravirtual device]  fp16-cm=0  int8-cm=0  bf16-cm=0  fp8-cm=0  fp6-cm=0  fp4-cm=0
overwrite built-in layer type LayerNorm
</system-out>
	</testcase>
	<testcase name="erf_gelu_vulkan_fp16" classname="erf_gelu_vulkan_fp16" time="0.0580587" status="fail">
		<failure message="SEGFAULT"/>
		<properties/>
		<system-out>dlopen failed dlopen(libvulkan.1.dylib, 0x0006): tried: '/opt/homebrew/opt/molten-vk/lib/libvulkan.1.dylib' (no such file), 'libvulkan.1.dylib' (no such file), '/System/Volumes/Preboot/Cryptexes/OSlibvulkan.1.dylib' (no such file), '/usr/lib/libvulkan.1.dylib' (no such file, not in dyld cache), 'libvulkan.1.dylib' (no such file)
[0 Apple Paravirtual device]  queueC=0[1]  queueT=0[1]  rebar=1  r-score=10
[0 Apple Paravirtual device]  fp16-p/s/u/a=1/1/1/1  int8-p/s/u/a=1/1/1/1  bf16-p/s=1/0
[0 Apple Paravirtual device]  subgroup=32(4~32)  ops=1/1/1/1/1/1/1/1/1/1
[0 Apple Paravirtual device]  fp16-cm=0  int8-cm=0  bf16-cm=0  fp8-cm=0  fp6-cm=0  fp4-cm=0
overwrite built-in layer type RMSNorm
overwrite built-in layer type LayerNorm
overwrite built-in layer type SDPA
overwrite built-in layer type GroupNorm
</system-out>
	</testcase>
	<testcase name="rmsnorm_range_vulkan_fp16" classname="rmsnorm_range_vulkan_fp16" time="0.0559965" status="fail">
		<failure message="SEGFAULT"/>
		<properties/>
		<system-out>dlopen failed dlopen(libvulkan.1.dylib, 0x0006): tried: '/opt/homebrew/opt/molten-vk/lib/libvulkan.1.dylib' (no such file), 'libvulkan.1.dylib' (no such file), '/System/Volumes/Preboot/Cryptexes/OSlibvulkan.1.dylib' (no such file), '/usr/lib/libvulkan.1.dylib' (no such file, not in dyld cache), 'libvulkan.1.dylib' (no such file)
[0 Apple Paravirtual device]  queueC=0[1]  queueT=0[1]  rebar=1  r-score=10
[0 Apple Paravirtual device]  fp16-p/s/u/a=1/1/1/1  int8-p/s/u/a=1/1/1/1  bf16-p/s=1/0
[0 Apple Paravirtual device]  subgroup=32(4~32)  ops=1/1/1/1/1/1/1/1/1/1
[0 Apple Paravirtual device]  fp16-cm=0  int8-cm=0  bf16-cm=0  fp8-cm=0  fp6-cm=0  fp4-cm=0
overwrite built-in layer type RMSNorm
</system-out>
	</testcase>
	<testcase name="layernorm_range_vulkan_fp16" classname="layernorm_range_vulkan_fp16" time="0.0618646" status="fail">
		<failure message="SEGFAULT"/>
		<properties/>
		<system-out>dlopen failed dlopen(libvulkan.1.dylib, 0x0006): tried: '/opt/homebrew/opt/molten-vk/lib/libvulkan.1.dylib' (no such file), 'libvulkan.1.dylib' (no such file), '/System/Volumes/Preboot/Cryptexes/OSlibvulkan.1.dylib' (no such file), '/usr/lib/libvulkan.1.dylib' (no such file, not in dyld cache), 'libvulkan.1.dylib' (no such file)
[0 Apple Paravirtual device]  queueC=0[1]  queueT=0[1]  rebar=1  r-score=10
[0 Apple Paravirtual device]  fp16-p/s/u/a=1/1/1/1  int8-p/s/u/a=1/1/1/1  bf16-p/s=1/0
[0 Apple Paravirtual device]  subgroup=32(4~32)  ops=1/1/1/1/1/1/1/1/1/1
[0 Apple Paravirtual device]  fp16-cm=0  int8-cm=0  bf16-cm=0  fp8-cm=0  fp6-cm=0  fp4-cm=0
overwrite built-in layer type LayerNorm
</system-out>
	</testcase>
	<testcase name="erf_gelu_vulkan_bf16" classname="erf_gelu_vulkan_bf16" time="0.0443939" status="notrun">
		<skipped message="SKIP_RETURN_CODE=77"/>
		<properties/>
		<system-out>dlopen failed dlopen(libvulkan.1.dylib, 0x0006): tried: '/opt/homebrew/opt/molten-vk/lib/libvulkan.1.dylib' (no such file), 'libvulkan.1.dylib' (no such file), '/System/Volumes/Preboot/Cryptexes/OSlibvulkan.1.dylib' (no such file), '/usr/lib/libvulkan.1.dylib' (no such file, not in dyld cache), 'libvulkan.1.dylib' (no such file)
[0 Apple Paravirtual device]  queueC=0[1]  queueT=0[1]  rebar=1  r-score=10
[0 Apple Paravirtual device]  fp16-p/s/u/a=1/1/1/1  int8-p/s/u/a=1/1/1/1  bf16-p/s=1/0
[0 Apple Paravirtual device]  subgroup=32(4~32)  ops=1/1/1/1/1/1/1/1/1/1
[0 Apple Paravirtual device]  fp16-cm=0  int8-cm=0  bf16-cm=0  fp8-cm=0  fp6-cm=0  fp4-cm=0
</system-out>
	</testcase>
	<testcase name="rmsnorm_range_vulkan_bf16" classname="rmsnorm_range_vulkan_bf16" time="0.0282627" status="notrun">
		<skipped message="SKIP_RETURN_CODE=77"/>
		<properties/>
		<system-out>dlopen failed dlopen(libvulkan.1.dylib, 0x0006): tried: '/opt/homebrew/opt/molten-vk/lib/libvulkan.1.dylib' (no such file), 'libvulkan.1.dylib' (no such file), '/System/Volumes/Preboot/Cryptexes/OSlibvulkan.1.dylib' (no such file), '/usr/lib/libvulkan.1.dylib' (no such file, not in dyld cache), 'libvulkan.1.dylib' (no such file)
[0 Apple Paravirtual device]  queueC=0[1]  queueT=0[1]  rebar=1  r-score=10
[0 Apple Paravirtual device]  fp16-p/s/u/a=1/1/1/1  int8-p/s/u/a=1/1/1/1  bf16-p/s=1/0
[0 Apple Paravirtual device]  subgroup=32(4~32)  ops=1/1/1/1/1/1/1/1/1/1
[0 Apple Paravirtual device]  fp16-cm=0  int8-cm=0  bf16-cm=0  fp8-cm=0  fp6-cm=0  fp4-cm=0
</system-out>
	</testcase>
	<testcase name="layernorm_range_vulkan_bf16" classname="layernorm_range_vulkan_bf16" time="0.0243927" status="notrun">
		<skipped message="SKIP_RETURN_CODE=77"/>
		<properties/>
		<system-out>dlopen failed dlopen(libvulkan.1.dylib, 0x0006): tried: '/opt/homebrew/opt/molten-vk/lib/libvulkan.1.dylib' (no such file), 'libvulkan.1.dylib' (no such file), '/System/Volumes/Preboot/Cryptexes/OSlibvulkan.1.dylib' (no such file), '/usr/lib/libvulkan.1.dylib' (no such file, not in dyld cache), 'libvulkan.1.dylib' (no such file)
[0 Apple Paravirtual device]  queueC=0[1]  queueT=0[1]  rebar=1  r-score=10
[0 Apple Paravirtual device]  fp16-p/s/u/a=1/1/1/1  int8-p/s/u/a=1/1/1/1  bf16-p/s=1/0
[0 Apple Paravirtual device]  subgroup=32(4~32)  ops=1/1/1/1/1/1/1/1/1/1
[0 Apple Paravirtual device]  fp16-cm=0  int8-cm=0  bf16-cm=0  fp8-cm=0  fp6-cm=0  fp4-cm=0
</system-out>
	</testcase>
	<testcase name="shape_plan_contract" classname="shape_plan_contract" time="0.00590596" status="run">
		<properties/>
		<system-out>Checked shape, bucket selection and memory policy passed; no inference in this test
</system-out>
	</testcase>
	<testcase name="shape_graph_contract" classname="shape_graph_contract" time="0.0090125" status="run">
		<properties/>
		<system-out>Reviewed graph contract checks passed; no model inference
</system-out>
	</testcase>
	<testcase name="text_down_contract_cpu" classname="text_down_contract_cpu" time="0.18601" status="run">
		<properties/>
		<system-out>layer load_param 1 down failed
layer load_param 1 down failed
layer load_param 1 down failed
layer load_param 1 down failed
layer load_param 1 down failed
text_down_contract passed
</system-out>
	</testcase>
	<testcase name="model_package_contract" classname="model_package_contract" time="0.0185572" status="run">
		<properties/>
		<system-out>model package error contract passed
</system-out>
	</testcase>
	<testcase name="execution_metrics_cpu" classname="execution_metrics_cpu" time="0.00623275" status="run">
		<properties/>
		<system-out>execution metrics CPU contracts passed
</system-out>
	</testcase>
	<testcase name="pe_prefill_cpu" classname="pe_prefill_cpu" time="0.0453322" status="run">
		<properties/>
		<system-out>overwrite existing custom layer type Prepare
overwrite existing custom layer type Expand
overwrite existing custom layer type State
overwrite existing custom layer type Prepare
overwrite existing custom layer type Expand
overwrite existing custom layer type State
overwrite existing custom layer type Prepare
overwrite existing custom layer type Expand
overwrite existing custom layer type State
overwrite existing custom layer type Prepare
overwrite existing custom layer type Expand
overwrite existing custom layer type State
overwrite existing custom layer type Prepare
overwrite existing custom layer type Expand
overwrite existing custom layer type State
overwrite existing custom layer type Prepare
overwrite existing custom layer type Expand
overwrite existing custom layer type State
overwrite existing custom layer type Prepare
overwrite existing custom layer type Expand
overwrite existing custom layer type State
find_blob_index_by_name out0 failed
Try
    ex.extract("missing", out0);
    ex.extract("out_k", out...
[This part of the test output was removed since it exceeds the threshold of 1024 bytes.]
</system-out>
	</testcase>
</testsuite>
